ARM GAS  C:\Users\ibrah\AppData\Local\Temp\cclUw85I.s 			page 1


   1              		.syntax unified
   2              		.cpu cortex-m3
   3              		.fpu softvfp
   4              		.eabi_attribute 20, 1
   5              		.eabi_attribute 21, 1
   6              		.eabi_attribute 23, 3
   7              		.eabi_attribute 24, 1
   8              		.eabi_attribute 25, 1
   9              		.eabi_attribute 26, 1
  10              		.eabi_attribute 30, 1
  11              		.eabi_attribute 34, 1
  12              		.eabi_attribute 18, 4
  13              		.thumb
  14              		.syntax unified
  15              		.file	"cymetadata.c"
  16              		.text
  17              	.Ltext0:
  18              		.cfi_sections	.debug_frame
  19              		.global	cy_metadata
  20              		.global	cy_meta_flashprotect
  21              		.global	cy_meta_wonvl
  22              		.global	cy_meta_custnvl
  23              		.global	cy_meta_configecc
  24              		.section	.cyconfigecc,"a",%progbits
  25              		.align	2
  26              		.type	cy_meta_configecc, %object
  27              		.size	cy_meta_configecc, 1440
  28              	cy_meta_configecc:
  29 0000 04       		.byte	4
  30 0001 4F       		.byte	79
  31 0002 00       		.byte	0
  32 0003 40       		.byte	64
  33 0004 04       		.byte	4
  34 0005 52       		.byte	82
  35 0006 00       		.byte	0
  36 0007 40       		.byte	64
  37 0008 01       		.byte	1
  38 0009 64       		.byte	100
  39 000a 00       		.byte	0
  40 000b 40       		.byte	64
  41 000c 03       		.byte	3
  42 000d 65       		.byte	101
  43 000e 00       		.byte	0
  44 000f 40       		.byte	64
  45 0010 02       		.byte	2
  46 0011 01       		.byte	1
  47 0012 01       		.byte	1
  48 0013 40       		.byte	64
  49 0014 01       		.byte	1
  50 0015 03       		.byte	3
  51 0016 01       		.byte	1
  52 0017 40       		.byte	64
  53 0018 02       		.byte	2
  54 0019 05       		.byte	5
  55 001a 01       		.byte	1
  56 001b 40       		.byte	64
  57 001c 50       		.byte	80
ARM GAS  C:\Users\ibrah\AppData\Local\Temp\cclUw85I.s 			page 2


  58 001d 06       		.byte	6
  59 001e 01       		.byte	1
  60 001f 40       		.byte	64
  61 0020 2B       		.byte	43
  62 0021 07       		.byte	7
  63 0022 01       		.byte	1
  64 0023 40       		.byte	64
  65 0024 01       		.byte	1
  66 0025 0B       		.byte	11
  67 0026 01       		.byte	1
  68 0027 40       		.byte	64
  69 0028 01       		.byte	1
  70 0029 0F       		.byte	15
  71 002a 01       		.byte	1
  72 002b 40       		.byte	64
  73 002c 04       		.byte	4
  74 002d 14       		.byte	20
  75 002e 01       		.byte	1
  76 002f 40       		.byte	64
  77 0030 4C       		.byte	76
  78 0031 15       		.byte	21
  79 0032 01       		.byte	1
  80 0033 40       		.byte	64
  81 0034 55       		.byte	85
  82 0035 16       		.byte	22
  83 0036 01       		.byte	1
  84 0037 40       		.byte	64
  85 0038 4C       		.byte	76
  86 0039 17       		.byte	23
  87 003a 01       		.byte	1
  88 003b 40       		.byte	64
  89 003c 4A       		.byte	74
  90 003d 18       		.byte	24
  91 003e 01       		.byte	1
  92 003f 40       		.byte	64
  93 0040 25       		.byte	37
  94 0041 19       		.byte	25
  95 0042 01       		.byte	1
  96 0043 40       		.byte	64
  97 0044 05       		.byte	5
  98 0045 1B       		.byte	27
  99 0046 01       		.byte	1
 100 0047 40       		.byte	64
 101 0048 04       		.byte	4
 102 0049 42       		.byte	66
 103 004a 01       		.byte	1
 104 004b 40       		.byte	64
 105 004c 05       		.byte	5
 106 004d 43       		.byte	67
 107 004e 01       		.byte	1
 108 004f 40       		.byte	64
 109 0050 03       		.byte	3
 110 0051 44       		.byte	68
 111 0052 01       		.byte	1
 112 0053 40       		.byte	64
 113 0054 03       		.byte	3
 114 0055 46       		.byte	70
ARM GAS  C:\Users\ibrah\AppData\Local\Temp\cclUw85I.s 			page 3


 115 0056 01       		.byte	1
 116 0057 40       		.byte	64
 117 0058 0B       		.byte	11
 118 0059 48       		.byte	72
 119 005a 01       		.byte	1
 120 005b 40       		.byte	64
 121 005c 13       		.byte	19
 122 005d 49       		.byte	73
 123 005e 01       		.byte	1
 124 005f 40       		.byte	64
 125 0060 0E       		.byte	14
 126 0061 4C       		.byte	76
 127 0062 01       		.byte	1
 128 0063 40       		.byte	64
 129 0064 0A       		.byte	10
 130 0065 4D       		.byte	77
 131 0066 01       		.byte	1
 132 0067 40       		.byte	64
 133 0068 05       		.byte	5
 134 0069 50       		.byte	80
 135 006a 01       		.byte	1
 136 006b 40       		.byte	64
 137 006c 01       		.byte	1
 138 006d 51       		.byte	81
 139 006e 01       		.byte	1
 140 006f 40       		.byte	64
 141 0070 01       		.byte	1
 142 0071 80       		.byte	-128
 143 0072 0A       		.byte	10
 144 0073 27       		.byte	39
 145 0074 0D       		.byte	13
 146 0075 10       		.byte	16
 147 0076 16       		.byte	22
 148 0077 27       		.byte	39
 149 0078 09       		.byte	9
 150 0079 10       		.byte	16
 151 007a 60       		.byte	96
 152 007b 02       		.byte	2
 153 007c 79       		.byte	121
 154 007d 08       		.byte	8
 155 007e 7C       		.byte	124
 156 007f 04       		.byte	4
 157 0080 87       		.byte	-121
 158 0081 0F       		.byte	15
 159 0082 85       		.byte	-123
 160 0083 72       		.byte	114
 161 0084 86       		.byte	-122
 162 0085 38       		.byte	56
 163 0086 89       		.byte	-119
 164 0087 0F       		.byte	15
 165 0088 83       		.byte	-125
 166 0089 80       		.byte	-128
 167 008a E0       		.byte	-32
 168 008b 01       		.byte	1
 169 008c 9F       		.byte	-97
 170 008d 80       		.byte	-128
 171 008e 9F       		.byte	-97
ARM GAS  C:\Users\ibrah\AppData\Local\Temp\cclUw85I.s 			page 4


 172 008f 80       		.byte	-128
 173 0090 E0       		.byte	-32
 174 0091 02       		.byte	2
 175 0092 02       		.byte	2
 176 0093 66       		.byte	102
 177 0094 04       		.byte	4
 178 0095 18       		.byte	24
 179 0096 08       		.byte	8
 180 0097 60       		.byte	96
 181 0098 0C       		.byte	12
 182 0099 19       		.byte	25
 183 009a 0E       		.byte	14
 184 009b 62       		.byte	98
 185 009c 10       		.byte	16
 186 009d 21       		.byte	33
 187 009e 12       		.byte	18
 188 009f 80       		.byte	-128
 189 00a0 14       		.byte	20
 190 00a1 19       		.byte	25
 191 00a2 16       		.byte	22
 192 00a3 64       		.byte	100
 193 00a4 1A       		.byte	26
 194 00a5 01       		.byte	1
 195 00a6 1C       		.byte	28
 196 00a7 40       		.byte	64
 197 00a8 20       		.byte	32
 198 00a9 7F       		.byte	127
 199 00aa 24       		.byte	36
 200 00ab 08       		.byte	8
 201 00ac 28       		.byte	40
 202 00ad 67       		.byte	103
 203 00ae 2A       		.byte	42
 204 00af 18       		.byte	24
 205 00b0 2C       		.byte	44
 206 00b1 10       		.byte	16
 207 00b2 32       		.byte	50
 208 00b3 1F       		.byte	31
 209 00b4 34       		.byte	52
 210 00b5 80       		.byte	-128
 211 00b6 36       		.byte	54
 212 00b7 60       		.byte	96
 213 00b8 3A       		.byte	58
 214 00b9 08       		.byte	8
 215 00ba 58       		.byte	88
 216 00bb 04       		.byte	4
 217 00bc 5C       		.byte	92
 218 00bd 03       		.byte	3
 219 00be 5F       		.byte	95
 220 00bf 01       		.byte	1
 221 00c0 84       		.byte	-124
 222 00c1 14       		.byte	20
 223 00c2 85       		.byte	-123
 224 00c3 73       		.byte	115
 225 00c4 87       		.byte	-121
 226 00c5 0C       		.byte	12
 227 00c6 8A       		.byte	-118
 228 00c7 03       		.byte	3
ARM GAS  C:\Users\ibrah\AppData\Local\Temp\cclUw85I.s 			page 5


 229 00c8 8B       		.byte	-117
 230 00c9 08       		.byte	8
 231 00ca 8C       		.byte	-116
 232 00cb 10       		.byte	16
 233 00cc 90       		.byte	-112
 234 00cd 1C       		.byte	28
 235 00ce 92       		.byte	-110
 236 00cf 22       		.byte	34
 237 00d0 94       		.byte	-108
 238 00d1 30       		.byte	48
 239 00d2 95       		.byte	-107
 240 00d3 73       		.byte	115
 241 00d4 96       		.byte	-106
 242 00d5 0C       		.byte	12
 243 00d6 97       		.byte	-105
 244 00d7 04       		.byte	4
 245 00d8 98       		.byte	-104
 246 00d9 09       		.byte	9
 247 00da 99       		.byte	-103
 248 00db 03       		.byte	3
 249 00dc 9A       		.byte	-102
 250 00dd 10       		.byte	16
 251 00de 9B       		.byte	-101
 252 00df 04       		.byte	4
 253 00e0 9C       		.byte	-100
 254 00e1 40       		.byte	64
 255 00e2 9D       		.byte	-99
 256 00e3 80       		.byte	-128
 257 00e4 9F       		.byte	-97
 258 00e5 15       		.byte	21
 259 00e6 A2       		.byte	-94
 260 00e7 20       		.byte	32
 261 00e8 A6       		.byte	-90
 262 00e9 20       		.byte	32
 263 00ea A8       		.byte	-88
 264 00eb 2C       		.byte	44
 265 00ec AA       		.byte	-86
 266 00ed 11       		.byte	17
 267 00ee AD       		.byte	-83
 268 00ef 2A       		.byte	42
 269 00f0 AF       		.byte	-81
 270 00f1 44       		.byte	68
 271 00f2 B0       		.byte	-80
 272 00f3 20       		.byte	32
 273 00f4 B2       		.byte	-78
 274 00f5 40       		.byte	64
 275 00f6 B3       		.byte	-77
 276 00f7 0F       		.byte	15
 277 00f8 B4       		.byte	-76
 278 00f9 1F       		.byte	31
 279 00fa B5       		.byte	-75
 280 00fb C0       		.byte	-64
 281 00fc B7       		.byte	-73
 282 00fd 30       		.byte	48
 283 00fe B9       		.byte	-71
 284 00ff A2       		.byte	-94
 285 0100 BB       		.byte	-69
ARM GAS  C:\Users\ibrah\AppData\Local\Temp\cclUw85I.s 			page 6


 286 0101 08       		.byte	8
 287 0102 BE       		.byte	-66
 288 0103 05       		.byte	5
 289 0104 BF       		.byte	-65
 290 0105 41       		.byte	65
 291 0106 C0       		.byte	-64
 292 0107 65       		.byte	101
 293 0108 C1       		.byte	-63
 294 0109 03       		.byte	3
 295 010a C5       		.byte	-59
 296 010b EC       		.byte	-20
 297 010c C6       		.byte	-58
 298 010d B0       		.byte	-80
 299 010e C8       		.byte	-56
 300 010f 0B       		.byte	11
 301 0110 C9       		.byte	-55
 302 0111 FF       		.byte	-1
 303 0112 CA       		.byte	-54
 304 0113 FF       		.byte	-1
 305 0114 CB       		.byte	-53
 306 0115 FF       		.byte	-1
 307 0116 CE       		.byte	-50
 308 0117 F0       		.byte	-16
 309 0118 CF       		.byte	-49
 310 0119 44       		.byte	68
 311 011a D0       		.byte	-48
 312 011b 0C       		.byte	12
 313 011c D4       		.byte	-44
 314 011d 01       		.byte	1
 315 011e D8       		.byte	-40
 316 011f 04       		.byte	4
 317 0120 D9       		.byte	-39
 318 0121 04       		.byte	4
 319 0122 DA       		.byte	-38
 320 0123 04       		.byte	4
 321 0124 DB       		.byte	-37
 322 0125 04       		.byte	4
 323 0126 DC       		.byte	-36
 324 0127 33       		.byte	51
 325 0128 DD       		.byte	-35
 326 0129 33       		.byte	51
 327 012a DF       		.byte	-33
 328 012b 01       		.byte	1
 329 012c E6       		.byte	-26
 330 012d C0       		.byte	-64
 331 012e EA       		.byte	-22
 332 012f 40       		.byte	64
 333 0130 EB       		.byte	-21
 334 0131 02       		.byte	2
 335 0132 00       		.byte	0
 336 0133 80       		.byte	-128
 337 0134 01       		.byte	1
 338 0135 20       		.byte	32
 339 0136 02       		.byte	2
 340 0137 10       		.byte	16
 341 0138 04       		.byte	4
 342 0139 60       		.byte	96
ARM GAS  C:\Users\ibrah\AppData\Local\Temp\cclUw85I.s 			page 7


 343 013a 06       		.byte	6
 344 013b 40       		.byte	64
 345 013c 07       		.byte	7
 346 013d 20       		.byte	32
 347 013e 08       		.byte	8
 348 013f 01       		.byte	1
 349 0140 0B       		.byte	11
 350 0141 16       		.byte	22
 351 0142 0D       		.byte	13
 352 0143 80       		.byte	-128
 353 0144 0E       		.byte	14
 354 0145 A4       		.byte	-92
 355 0146 10       		.byte	16
 356 0147 B4       		.byte	-76
 357 0148 15       		.byte	21
 358 0149 02       		.byte	2
 359 014a 16       		.byte	22
 360 014b 01       		.byte	1
 361 014c 17       		.byte	23
 362 014d 14       		.byte	20
 363 014e 19       		.byte	25
 364 014f 24       		.byte	36
 365 0150 1A       		.byte	26
 366 0151 40       		.byte	64
 367 0152 1E       		.byte	30
 368 0153 26       		.byte	38
 369 0154 21       		.byte	33
 370 0155 54       		.byte	84
 371 0156 23       		.byte	35
 372 0157 94       		.byte	-108
 373 0158 28       		.byte	40
 374 0159 01       		.byte	1
 375 015a 2B       		.byte	43
 376 015b 01       		.byte	1
 377 015c 30       		.byte	48
 378 015d A4       		.byte	-92
 379 015e 31       		.byte	49
 380 015f 08       		.byte	8
 381 0160 32       		.byte	50
 382 0161 04       		.byte	4
 383 0162 39       		.byte	57
 384 0163 28       		.byte	40
 385 0164 41       		.byte	65
 386 0165 08       		.byte	8
 387 0166 48       		.byte	72
 388 0167 20       		.byte	32
 389 0168 49       		.byte	73
 390 0169 01       		.byte	1
 391 016a 4B       		.byte	75
 392 016b 92       		.byte	-110
 393 016c 52       		.byte	82
 394 016d 10       		.byte	16
 395 016e 58       		.byte	88
 396 016f 10       		.byte	16
 397 0170 59       		.byte	89
 398 0171 05       		.byte	5
 399 0172 5A       		.byte	90
ARM GAS  C:\Users\ibrah\AppData\Local\Temp\cclUw85I.s 			page 8


 400 0173 40       		.byte	64
 401 0174 9F       		.byte	-97
 402 0175 80       		.byte	-128
 403 0176 C0       		.byte	-64
 404 0177 F7       		.byte	-9
 405 0178 C2       		.byte	-62
 406 0179 FF       		.byte	-1
 407 017a C4       		.byte	-60
 408 017b FE       		.byte	-2
 409 017c CA       		.byte	-54
 410 017d 08       		.byte	8
 411 017e CC       		.byte	-52
 412 017f 0E       		.byte	14
 413 0180 CE       		.byte	-50
 414 0181 06       		.byte	6
 415 0182 D0       		.byte	-48
 416 0183 02       		.byte	2
 417 0184 D2       		.byte	-46
 418 0185 0C       		.byte	12
 419 0186 D6       		.byte	-42
 420 0187 0F       		.byte	15
 421 0188 E0       		.byte	-32
 422 0189 02       		.byte	2
 423 018a E0       		.byte	-32
 424 018b 01       		.byte	1
 425 018c 3B       		.byte	59
 426 018d 02       		.byte	2
 427 018e 59       		.byte	89
 428 018f 04       		.byte	4
 429 0190 5C       		.byte	92
 430 0191 30       		.byte	48
 431 0192 5F       		.byte	95
 432 0193 01       		.byte	1
 433 0194 05       		.byte	5
 434 0195 10       		.byte	16
 435 0196 06       		.byte	6
 436 0197 41       		.byte	65
 437 0198 07       		.byte	7
 438 0199 10       		.byte	16
 439 019a 0C       		.byte	12
 440 019b 40       		.byte	64
 441 019c 0E       		.byte	14
 442 019d 22       		.byte	34
 443 019e 0F       		.byte	15
 444 019f 08       		.byte	8
 445 01a0 15       		.byte	21
 446 01a1 02       		.byte	2
 447 01a2 17       		.byte	23
 448 01a3 24       		.byte	36
 449 01a4 1C       		.byte	28
 450 01a5 10       		.byte	16
 451 01a6 1E       		.byte	30
 452 01a7 0A       		.byte	10
 453 01a8 21       		.byte	33
 454 01a9 01       		.byte	1
 455 01aa 22       		.byte	34
 456 01ab 02       		.byte	2
ARM GAS  C:\Users\ibrah\AppData\Local\Temp\cclUw85I.s 			page 9


 457 01ac 23       		.byte	35
 458 01ad 40       		.byte	64
 459 01ae 24       		.byte	36
 460 01af 04       		.byte	4
 461 01b0 25       		.byte	37
 462 01b1 04       		.byte	4
 463 01b2 26       		.byte	38
 464 01b3 88       		.byte	-120
 465 01b4 27       		.byte	39
 466 01b5 40       		.byte	64
 467 01b6 2C       		.byte	44
 468 01b7 08       		.byte	8
 469 01b8 2E       		.byte	46
 470 01b9 0A       		.byte	10
 471 01ba 2F       		.byte	47
 472 01bb 01       		.byte	1
 473 01bc 35       		.byte	53
 474 01bd 04       		.byte	4
 475 01be 36       		.byte	54
 476 01bf 90       		.byte	-112
 477 01c0 37       		.byte	55
 478 01c1 01       		.byte	1
 479 01c2 3C       		.byte	60
 480 01c3 02       		.byte	2
 481 01c4 3D       		.byte	61
 482 01c5 04       		.byte	4
 483 01c6 3F       		.byte	63
 484 01c7 60       		.byte	96
 485 01c8 40       		.byte	64
 486 01c9 0C       		.byte	12
 487 01ca 44       		.byte	68
 488 01cb 40       		.byte	64
 489 01cc 46       		.byte	70
 490 01cd 08       		.byte	8
 491 01ce 47       		.byte	71
 492 01cf 50       		.byte	80
 493 01d0 4E       		.byte	78
 494 01d1 08       		.byte	8
 495 01d2 4F       		.byte	79
 496 01d3 48       		.byte	72
 497 01d4 56       		.byte	86
 498 01d5 02       		.byte	2
 499 01d6 5E       		.byte	94
 500 01d7 08       		.byte	8
 501 01d8 6C       		.byte	108
 502 01d9 08       		.byte	8
 503 01da 6D       		.byte	109
 504 01db 04       		.byte	4
 505 01dc 6F       		.byte	111
 506 01dd 01       		.byte	1
 507 01de 74       		.byte	116
 508 01df 20       		.byte	32
 509 01e0 76       		.byte	118
 510 01e1 01       		.byte	1
 511 01e2 77       		.byte	119
 512 01e3 24       		.byte	36
 513 01e4 8A       		.byte	-118
ARM GAS  C:\Users\ibrah\AppData\Local\Temp\cclUw85I.s 			page 10


 514 01e5 48       		.byte	72
 515 01e6 8C       		.byte	-116
 516 01e7 12       		.byte	18
 517 01e8 8D       		.byte	-115
 518 01e9 10       		.byte	16
 519 01ea 8F       		.byte	-113
 520 01eb 01       		.byte	1
 521 01ec 95       		.byte	-107
 522 01ed 06       		.byte	6
 523 01ee 99       		.byte	-103
 524 01ef 14       		.byte	20
 525 01f0 9B       		.byte	-101
 526 01f1 10       		.byte	16
 527 01f2 9C       		.byte	-100
 528 01f3 0A       		.byte	10
 529 01f4 9E       		.byte	-98
 530 01f5 41       		.byte	65
 531 01f6 9F       		.byte	-97
 532 01f7 20       		.byte	32
 533 01f8 A0       		.byte	-96
 534 01f9 01       		.byte	1
 535 01fa A2       		.byte	-94
 536 01fb 10       		.byte	16
 537 01fc A3       		.byte	-93
 538 01fd 10       		.byte	16
 539 01fe A4       		.byte	-92
 540 01ff 28       		.byte	40
 541 0200 A5       		.byte	-91
 542 0201 04       		.byte	4
 543 0202 A6       		.byte	-90
 544 0203 02       		.byte	2
 545 0204 A9       		.byte	-87
 546 0205 01       		.byte	1
 547 0206 AB       		.byte	-85
 548 0207 10       		.byte	16
 549 0208 AC       		.byte	-84
 550 0209 0A       		.byte	10
 551 020a AD       		.byte	-83
 552 020b 04       		.byte	4
 553 020c AE       		.byte	-82
 554 020d 48       		.byte	72
 555 020e AF       		.byte	-81
 556 020f 01       		.byte	1
 557 0210 B6       		.byte	-74
 558 0211 20       		.byte	32
 559 0212 C0       		.byte	-64
 560 0213 F0       		.byte	-16
 561 0214 C2       		.byte	-62
 562 0215 E0       		.byte	-32
 563 0216 C4       		.byte	-60
 564 0217 70       		.byte	112
 565 0218 CA       		.byte	-54
 566 0219 F0       		.byte	-16
 567 021a CC       		.byte	-52
 568 021b F0       		.byte	-16
 569 021c CE       		.byte	-50
 570 021d F0       		.byte	-16
ARM GAS  C:\Users\ibrah\AppData\Local\Temp\cclUw85I.s 			page 11


 571 021e D0       		.byte	-48
 572 021f B0       		.byte	-80
 573 0220 D2       		.byte	-46
 574 0221 30       		.byte	48
 575 0222 D6       		.byte	-42
 576 0223 40       		.byte	64
 577 0224 E0       		.byte	-32
 578 0225 08       		.byte	8
 579 0226 E4       		.byte	-28
 580 0227 01       		.byte	1
 581 0228 E6       		.byte	-26
 582 0229 20       		.byte	32
 583 022a EA       		.byte	-22
 584 022b 11       		.byte	17
 585 022c 01       		.byte	1
 586 022d 10       		.byte	16
 587 022e 02       		.byte	2
 588 022f 04       		.byte	4
 589 0230 04       		.byte	4
 590 0231 04       		.byte	4
 591 0232 06       		.byte	6
 592 0233 18       		.byte	24
 593 0234 07       		.byte	7
 594 0235 06       		.byte	6
 595 0236 08       		.byte	8
 596 0237 01       		.byte	1
 597 0238 09       		.byte	9
 598 0239 06       		.byte	6
 599 023a 0A       		.byte	10
 600 023b 02       		.byte	2
 601 023c 0C       		.byte	12
 602 023d 18       		.byte	24
 603 023e 0D       		.byte	13
 604 023f 1E       		.byte	30
 605 0240 0E       		.byte	14
 606 0241 04       		.byte	4
 607 0242 10       		.byte	16
 608 0243 1C       		.byte	28
 609 0244 11       		.byte	17
 610 0245 1E       		.byte	30
 611 0246 14       		.byte	20
 612 0247 18       		.byte	24
 613 0248 15       		.byte	21
 614 0249 18       		.byte	24
 615 024a 16       		.byte	22
 616 024b 04       		.byte	4
 617 024c 17       		.byte	23
 618 024d 06       		.byte	6
 619 024e 18       		.byte	24
 620 024f 08       		.byte	8
 621 0250 19       		.byte	25
 622 0251 18       		.byte	24
 623 0252 1C       		.byte	28
 624 0253 02       		.byte	2
 625 0254 1D       		.byte	29
 626 0255 02       		.byte	2
 627 0256 1E       		.byte	30
ARM GAS  C:\Users\ibrah\AppData\Local\Temp\cclUw85I.s 			page 12


 628 0257 01       		.byte	1
 629 0258 20       		.byte	32
 630 0259 03       		.byte	3
 631 025a 21       		.byte	33
 632 025b 04       		.byte	4
 633 025c 24       		.byte	36
 634 025d 03       		.byte	3
 635 025e 25       		.byte	37
 636 025f 08       		.byte	8
 637 0260 28       		.byte	40
 638 0261 18       		.byte	24
 639 0262 29       		.byte	41
 640 0263 01       		.byte	1
 641 0264 2C       		.byte	44
 642 0265 10       		.byte	16
 643 0266 2D       		.byte	45
 644 0267 06       		.byte	6
 645 0268 2F       		.byte	47
 646 0269 18       		.byte	24
 647 026a 33       		.byte	51
 648 026b 1E       		.byte	30
 649 026c 34       		.byte	52
 650 026d 1C       		.byte	28
 651 026e 35       		.byte	53
 652 026f 01       		.byte	1
 653 0270 36       		.byte	54
 654 0271 03       		.byte	3
 655 0272 3A       		.byte	58
 656 0273 20       		.byte	32
 657 0274 3B       		.byte	59
 658 0275 08       		.byte	8
 659 0276 3F       		.byte	63
 660 0277 10       		.byte	16
 661 0278 54       		.byte	84
 662 0279 18       		.byte	24
 663 027a 58       		.byte	88
 664 027b 04       		.byte	4
 665 027c 59       		.byte	89
 666 027d 04       		.byte	4
 667 027e 5B       		.byte	91
 668 027f 04       		.byte	4
 669 0280 5C       		.byte	92
 670 0281 33       		.byte	51
 671 0282 5D       		.byte	93
 672 0283 30       		.byte	48
 673 0284 5F       		.byte	95
 674 0285 01       		.byte	1
 675 0286 82       		.byte	-126
 676 0287 08       		.byte	8
 677 0288 84       		.byte	-124
 678 0289 E0       		.byte	-32
 679 028a 8C       		.byte	-116
 680 028b 1C       		.byte	28
 681 028c 8E       		.byte	-114
 682 028d 03       		.byte	3
 683 028e 90       		.byte	-112
 684 028f 20       		.byte	32
ARM GAS  C:\Users\ibrah\AppData\Local\Temp\cclUw85I.s 			page 13


 685 0290 92       		.byte	-110
 686 0291 40       		.byte	64
 687 0292 94       		.byte	-108
 688 0293 40       		.byte	64
 689 0294 96       		.byte	-106
 690 0295 A0       		.byte	-96
 691 0296 9A       		.byte	-102
 692 0297 1C       		.byte	28
 693 0298 9C       		.byte	-100
 694 0299 80       		.byte	-128
 695 029a 9E       		.byte	-98
 696 029b 40       		.byte	64
 697 029c A2       		.byte	-94
 698 029d 03       		.byte	3
 699 029e A4       		.byte	-92
 700 029f 01       		.byte	1
 701 02a0 A6       		.byte	-90
 702 02a1 0E       		.byte	14
 703 02a2 A8       		.byte	-88
 704 02a3 E0       		.byte	-32
 705 02a4 AC       		.byte	-84
 706 02a5 01       		.byte	1
 707 02a6 AE       		.byte	-82
 708 02a7 16       		.byte	22
 709 02a8 B0       		.byte	-80
 710 02a9 0F       		.byte	15
 711 02aa B2       		.byte	-78
 712 02ab E0       		.byte	-32
 713 02ac B4       		.byte	-76
 714 02ad 1A       		.byte	26
 715 02ae BA       		.byte	-70
 716 02af 22       		.byte	34
 717 02b0 C0       		.byte	-64
 718 02b1 01       		.byte	1
 719 02b2 C5       		.byte	-59
 720 02b3 40       		.byte	64
 721 02b4 C9       		.byte	-55
 722 02b5 FF       		.byte	-1
 723 02b6 CA       		.byte	-54
 724 02b7 07       		.byte	7
 725 02b8 CB       		.byte	-53
 726 02b9 FF       		.byte	-1
 727 02ba CC       		.byte	-52
 728 02bb 40       		.byte	64
 729 02bc CD       		.byte	-51
 730 02bd 20       		.byte	32
 731 02be CE       		.byte	-50
 732 02bf F0       		.byte	-16
 733 02c0 CF       		.byte	-49
 734 02c1 05       		.byte	5
 735 02c2 D0       		.byte	-48
 736 02c3 08       		.byte	8
 737 02c4 D8       		.byte	-40
 738 02c5 04       		.byte	4
 739 02c6 DA       		.byte	-38
 740 02c7 04       		.byte	4
 741 02c8 DC       		.byte	-36
ARM GAS  C:\Users\ibrah\AppData\Local\Temp\cclUw85I.s 			page 14


 742 02c9 03       		.byte	3
 743 02ca DD       		.byte	-35
 744 02cb 03       		.byte	3
 745 02cc DF       		.byte	-33
 746 02cd 01       		.byte	1
 747 02ce E0       		.byte	-32
 748 02cf 40       		.byte	64
 749 02d0 E1       		.byte	-31
 750 02d1 A8       		.byte	-88
 751 02d2 E2       		.byte	-30
 752 02d3 40       		.byte	64
 753 02d4 E3       		.byte	-29
 754 02d5 20       		.byte	32
 755 02d6 01       		.byte	1
 756 02d7 04       		.byte	4
 757 02d8 02       		.byte	2
 758 02d9 80       		.byte	-128
 759 02da 03       		.byte	3
 760 02db 02       		.byte	2
 761 02dc 04       		.byte	4
 762 02dd 40       		.byte	64
 763 02de 06       		.byte	6
 764 02df 48       		.byte	72
 765 02e0 07       		.byte	7
 766 02e1 10       		.byte	16
 767 02e2 09       		.byte	9
 768 02e3 81       		.byte	-127
 769 02e4 0A       		.byte	10
 770 02e5 10       		.byte	16
 771 02e6 0B       		.byte	11
 772 02e7 04       		.byte	4
 773 02e8 0C       		.byte	12
 774 02e9 20       		.byte	32
 775 02ea 0D       		.byte	13
 776 02eb 81       		.byte	-127
 777 02ec 0E       		.byte	14
 778 02ed 20       		.byte	32
 779 02ee 10       		.byte	16
 780 02ef 8A       		.byte	-118
 781 02f0 13       		.byte	19
 782 02f1 08       		.byte	8
 783 02f2 15       		.byte	21
 784 02f3 04       		.byte	4
 785 02f4 16       		.byte	22
 786 02f5 03       		.byte	3
 787 02f6 17       		.byte	23
 788 02f7 21       		.byte	33
 789 02f8 18       		.byte	24
 790 02f9 20       		.byte	32
 791 02fa 19       		.byte	25
 792 02fb 04       		.byte	4
 793 02fc 1A       		.byte	26
 794 02fd 18       		.byte	24
 795 02fe 1B       		.byte	27
 796 02ff 03       		.byte	3
 797 0300 1C       		.byte	28
 798 0301 02       		.byte	2
ARM GAS  C:\Users\ibrah\AppData\Local\Temp\cclUw85I.s 			page 15


 799 0302 1D       		.byte	29
 800 0303 90       		.byte	-112
 801 0304 1F       		.byte	31
 802 0305 80       		.byte	-128
 803 0306 26       		.byte	38
 804 0307 20       		.byte	32
 805 0308 27       		.byte	39
 806 0309 10       		.byte	16
 807 030a 2C       		.byte	44
 808 030b 20       		.byte	32
 809 030c 2D       		.byte	45
 810 030d 20       		.byte	32
 811 030e 2E       		.byte	46
 812 030f 40       		.byte	64
 813 0310 2F       		.byte	47
 814 0311 80       		.byte	-128
 815 0312 34       		.byte	52
 816 0313 04       		.byte	4
 817 0314 36       		.byte	54
 818 0315 42       		.byte	66
 819 0316 37       		.byte	55
 820 0317 20       		.byte	32
 821 0318 3C       		.byte	60
 822 0319 40       		.byte	64
 823 031a 3D       		.byte	61
 824 031b 08       		.byte	8
 825 031c 3E       		.byte	62
 826 031d 12       		.byte	18
 827 031e 41       		.byte	65
 828 031f 40       		.byte	64
 829 0320 48       		.byte	72
 830 0321 40       		.byte	64
 831 0322 4A       		.byte	74
 832 0323 80       		.byte	-128
 833 0324 50       		.byte	80
 834 0325 80       		.byte	-128
 835 0326 53       		.byte	83
 836 0327 40       		.byte	64
 837 0328 5A       		.byte	90
 838 0329 08       		.byte	8
 839 032a 5B       		.byte	91
 840 032b 08       		.byte	8
 841 032c 5E       		.byte	94
 842 032d 02       		.byte	2
 843 032e 64       		.byte	100
 844 032f 0A       		.byte	10
 845 0330 78       		.byte	120
 846 0331 04       		.byte	4
 847 0332 7A       		.byte	122
 848 0333 10       		.byte	16
 849 0334 80       		.byte	-128
 850 0335 60       		.byte	96
 851 0336 81       		.byte	-127
 852 0337 10       		.byte	16
 853 0338 82       		.byte	-126
 854 0339 40       		.byte	64
 855 033a 83       		.byte	-125
ARM GAS  C:\Users\ibrah\AppData\Local\Temp\cclUw85I.s 			page 16


 856 033b 14       		.byte	20
 857 033c 91       		.byte	-111
 858 033d 88       		.byte	-120
 859 033e 93       		.byte	-109
 860 033f 04       		.byte	4
 861 0340 94       		.byte	-108
 862 0341 60       		.byte	96
 863 0342 95       		.byte	-107
 864 0343 02       		.byte	2
 865 0344 96       		.byte	-106
 866 0345 08       		.byte	8
 867 0346 97       		.byte	-105
 868 0347 80       		.byte	-128
 869 0348 99       		.byte	-103
 870 0349 20       		.byte	32
 871 034a 9E       		.byte	-98
 872 034b 41       		.byte	65
 873 034c 9F       		.byte	-97
 874 034d 34       		.byte	52
 875 034e A2       		.byte	-94
 876 034f 11       		.byte	17
 877 0350 A4       		.byte	-92
 878 0351 C0       		.byte	-64
 879 0352 A5       		.byte	-91
 880 0353 80       		.byte	-128
 881 0354 A6       		.byte	-90
 882 0355 40       		.byte	64
 883 0356 A7       		.byte	-89
 884 0357 01       		.byte	1
 885 0358 AF       		.byte	-81
 886 0359 80       		.byte	-128
 887 035a C0       		.byte	-64
 888 035b FD       		.byte	-3
 889 035c C2       		.byte	-62
 890 035d FF       		.byte	-1
 891 035e C4       		.byte	-60
 892 035f FF       		.byte	-1
 893 0360 CA       		.byte	-54
 894 0361 F0       		.byte	-16
 895 0362 CC       		.byte	-52
 896 0363 F0       		.byte	-16
 897 0364 CE       		.byte	-50
 898 0365 F0       		.byte	-16
 899 0366 D0       		.byte	-48
 900 0367 08       		.byte	8
 901 0368 D6       		.byte	-42
 902 0369 80       		.byte	-128
 903 036a D8       		.byte	-40
 904 036b 30       		.byte	48
 905 036c E2       		.byte	-30
 906 036d 20       		.byte	32
 907 036e 0F       		.byte	15
 908 036f 01       		.byte	1
 909 0370 27       		.byte	39
 910 0371 01       		.byte	1
 911 0372 35       		.byte	53
 912 0373 01       		.byte	1
ARM GAS  C:\Users\ibrah\AppData\Local\Temp\cclUw85I.s 			page 17


 913 0374 40       		.byte	64
 914 0375 50       		.byte	80
 915 0376 41       		.byte	65
 916 0377 02       		.byte	2
 917 0378 49       		.byte	73
 918 0379 FF       		.byte	-1
 919 037a 4A       		.byte	74
 920 037b FF       		.byte	-1
 921 037c 4B       		.byte	75
 922 037d FF       		.byte	-1
 923 037e 4D       		.byte	77
 924 037f A0       		.byte	-96
 925 0380 4F       		.byte	79
 926 0381 04       		.byte	4
 927 0382 50       		.byte	80
 928 0383 18       		.byte	24
 929 0384 59       		.byte	89
 930 0385 04       		.byte	4
 931 0386 5A       		.byte	90
 932 0387 04       		.byte	4
 933 0388 5C       		.byte	92
 934 0389 20       		.byte	32
 935 038a 5D       		.byte	93
 936 038b 02       		.byte	2
 937 038c 5F       		.byte	95
 938 038d 01       		.byte	1
 939 038e 60       		.byte	96
 940 038f 40       		.byte	64
 941 0390 62       		.byte	98
 942 0391 C0       		.byte	-64
 943 0392 64       		.byte	100
 944 0393 40       		.byte	64
 945 0394 65       		.byte	101
 946 0395 40       		.byte	64
 947 0396 66       		.byte	102
 948 0397 C0       		.byte	-64
 949 0398 68       		.byte	104
 950 0399 C0       		.byte	-64
 951 039a 6A       		.byte	106
 952 039b C0       		.byte	-64
 953 039c 6C       		.byte	108
 954 039d C0       		.byte	-64
 955 039e 6E       		.byte	110
 956 039f C0       		.byte	-64
 957 03a0 82       		.byte	-126
 958 03a1 02       		.byte	2
 959 03a2 87       		.byte	-121
 960 03a3 02       		.byte	2
 961 03a4 91       		.byte	-111
 962 03a5 08       		.byte	8
 963 03a6 92       		.byte	-110
 964 03a7 01       		.byte	1
 965 03a8 98       		.byte	-104
 966 03a9 04       		.byte	4
 967 03aa 9B       		.byte	-101
 968 03ab 04       		.byte	4
 969 03ac 9F       		.byte	-97
ARM GAS  C:\Users\ibrah\AppData\Local\Temp\cclUw85I.s 			page 18


 970 03ad 09       		.byte	9
 971 03ae A2       		.byte	-94
 972 03af 02       		.byte	2
 973 03b0 A3       		.byte	-93
 974 03b1 02       		.byte	2
 975 03b2 A6       		.byte	-90
 976 03b3 04       		.byte	4
 977 03b4 B0       		.byte	-80
 978 03b5 02       		.byte	2
 979 03b6 B1       		.byte	-79
 980 03b7 01       		.byte	1
 981 03b8 B2       		.byte	-78
 982 03b9 04       		.byte	4
 983 03ba B3       		.byte	-77
 984 03bb 02       		.byte	2
 985 03bc B5       		.byte	-75
 986 03bd 04       		.byte	4
 987 03be B6       		.byte	-74
 988 03bf 01       		.byte	1
 989 03c0 B7       		.byte	-73
 990 03c1 08       		.byte	8
 991 03c2 BF       		.byte	-65
 992 03c3 04       		.byte	4
 993 03c4 C0       		.byte	-64
 994 03c5 10       		.byte	16
 995 03c6 C1       		.byte	-63
 996 03c7 06       		.byte	6
 997 03c8 C5       		.byte	-59
 998 03c9 D5       		.byte	-43
 999 03ca C6       		.byte	-58
 1000 03cb 01       		.byte	1
 1001 03cc C7       		.byte	-57
 1002 03cd 02       		.byte	2
 1003 03ce C8       		.byte	-56
 1004 03cf 17       		.byte	23
 1005 03d0 C9       		.byte	-55
 1006 03d1 FF       		.byte	-1
 1007 03d2 CA       		.byte	-54
 1008 03d3 FF       		.byte	-1
 1009 03d4 CB       		.byte	-53
 1010 03d5 FF       		.byte	-1
 1011 03d6 CD       		.byte	-51
 1012 03d7 AF       		.byte	-81
 1013 03d8 CE       		.byte	-50
 1014 03d9 0F       		.byte	15
 1015 03da CF       		.byte	-49
 1016 03db 04       		.byte	4
 1017 03dc D0       		.byte	-48
 1018 03dd 18       		.byte	24
 1019 03de D2       		.byte	-46
 1020 03df 80       		.byte	-128
 1021 03e0 D4       		.byte	-44
 1022 03e1 07       		.byte	7
 1023 03e2 D8       		.byte	-40
 1024 03e3 04       		.byte	4
 1025 03e4 D9       		.byte	-39
 1026 03e5 04       		.byte	4
ARM GAS  C:\Users\ibrah\AppData\Local\Temp\cclUw85I.s 			page 19


 1027 03e6 DA       		.byte	-38
 1028 03e7 04       		.byte	4
 1029 03e8 DB       		.byte	-37
 1030 03e9 04       		.byte	4
 1031 03ea DC       		.byte	-36
 1032 03eb 22       		.byte	34
 1033 03ec DD       		.byte	-35
 1034 03ed 22       		.byte	34
 1035 03ee DF       		.byte	-33
 1036 03ef 01       		.byte	1
 1037 03f0 E0       		.byte	-32
 1038 03f1 40       		.byte	64
 1039 03f2 E2       		.byte	-30
 1040 03f3 C0       		.byte	-64
 1041 03f4 E4       		.byte	-28
 1042 03f5 40       		.byte	64
 1043 03f6 E5       		.byte	-27
 1044 03f7 40       		.byte	64
 1045 03f8 E6       		.byte	-26
 1046 03f9 C0       		.byte	-64
 1047 03fa E8       		.byte	-24
 1048 03fb C0       		.byte	-64
 1049 03fc EA       		.byte	-22
 1050 03fd C0       		.byte	-64
 1051 03fe EC       		.byte	-20
 1052 03ff C0       		.byte	-64
 1053 0400 EE       		.byte	-18
 1054 0401 C0       		.byte	-64
 1055 0402 00       		.byte	0
 1056 0403 01       		.byte	1
 1057 0404 09       		.byte	9
 1058 0405 20       		.byte	32
 1059 0406 0A       		.byte	10
 1060 0407 40       		.byte	64
 1061 0408 10       		.byte	16
 1062 0409 A0       		.byte	-96
 1063 040a 18       		.byte	24
 1064 040b 01       		.byte	1
 1065 040c 1A       		.byte	26
 1066 040d 10       		.byte	16
 1067 040e 1B       		.byte	27
 1068 040f 42       		.byte	66
 1069 0410 21       		.byte	33
 1070 0411 22       		.byte	34
 1071 0412 22       		.byte	34
 1072 0413 44       		.byte	68
 1073 0414 24       		.byte	36
 1074 0415 08       		.byte	8
 1075 0416 2B       		.byte	43
 1076 0417 40       		.byte	64
 1077 0418 2C       		.byte	44
 1078 0419 20       		.byte	32
 1079 041a 30       		.byte	48
 1080 041b A0       		.byte	-96
 1081 041c 31       		.byte	49
 1082 041d 02       		.byte	2
 1083 041e 3A       		.byte	58
ARM GAS  C:\Users\ibrah\AppData\Local\Temp\cclUw85I.s 			page 20


 1084 041f 04       		.byte	4
 1085 0420 3F       		.byte	63
 1086 0421 80       		.byte	-128
 1087 0422 40       		.byte	64
 1088 0423 01       		.byte	1
 1089 0424 46       		.byte	70
 1090 0425 04       		.byte	4
 1091 0426 48       		.byte	72
 1092 0427 28       		.byte	40
 1093 0428 49       		.byte	73
 1094 0429 01       		.byte	1
 1095 042a 4F       		.byte	79
 1096 042b 80       		.byte	-128
 1097 042c 50       		.byte	80
 1098 042d 88       		.byte	-120
 1099 042e 52       		.byte	82
 1100 042f 04       		.byte	4
 1101 0430 59       		.byte	89
 1102 0431 01       		.byte	1
 1103 0432 5A       		.byte	90
 1104 0433 98       		.byte	-104
 1105 0434 72       		.byte	114
 1106 0435 40       		.byte	64
 1107 0436 8B       		.byte	-117
 1108 0437 02       		.byte	2
 1109 0438 C0       		.byte	-64
 1110 0439 08       		.byte	8
 1111 043a C2       		.byte	-62
 1112 043b 0A       		.byte	10
 1113 043c C4       		.byte	-60
 1114 043d 0C       		.byte	12
 1115 043e CA       		.byte	-54
 1116 043f 41       		.byte	65
 1117 0440 CC       		.byte	-52
 1118 0441 0D       		.byte	13
 1119 0442 CE       		.byte	-50
 1120 0443 12       		.byte	18
 1121 0444 D0       		.byte	-48
 1122 0445 28       		.byte	40
 1123 0446 D2       		.byte	-46
 1124 0447 14       		.byte	20
 1125 0448 D6       		.byte	-42
 1126 0449 0F       		.byte	15
 1127 044a E2       		.byte	-30
 1128 044b 20       		.byte	32
 1129 044c B4       		.byte	-76
 1130 044d 04       		.byte	4
 1131 044e E0       		.byte	-32
 1132 044f 08       		.byte	8
 1133 0450 E4       		.byte	-28
 1134 0451 01       		.byte	1
 1135 0452 E6       		.byte	-26
 1136 0453 20       		.byte	32
 1137 0454 EA       		.byte	-22
 1138 0455 01       		.byte	1
 1139 0456 3E       		.byte	62
 1140 0457 10       		.byte	16
ARM GAS  C:\Users\ibrah\AppData\Local\Temp\cclUw85I.s 			page 21


 1141 0458 87       		.byte	-121
 1142 0459 01       		.byte	1
 1143 045a CE       		.byte	-50
 1144 045b 20       		.byte	32
 1145 045c E0       		.byte	-32
 1146 045d 40       		.byte	64
 1147 045e 68       		.byte	104
 1148 045f 40       		.byte	64
 1149 0460 74       		.byte	116
 1150 0461 40       		.byte	64
 1151 0462 96       		.byte	-106
 1152 0463 10       		.byte	16
 1153 0464 9F       		.byte	-97
 1154 0465 01       		.byte	1
 1155 0466 DC       		.byte	-36
 1156 0467 60       		.byte	96
 1157 0468 7C       		.byte	124
 1158 0469 01       		.byte	1
 1159 046a 80       		.byte	-128
 1160 046b 01       		.byte	1
 1161 046c DE       		.byte	-34
 1162 046d 01       		.byte	1
 1163 046e 45       		.byte	69
 1164 046f 08       		.byte	8
 1165 0470 85       		.byte	-123
 1166 0471 08       		.byte	8
 1167 0472 D0       		.byte	-48
 1168 0473 01       		.byte	1
 1169 0474 03       		.byte	3
 1170 0475 08       		.byte	8
 1171 0476 27       		.byte	39
 1172 0477 01       		.byte	1
 1173 0478 5A       		.byte	90
 1174 0479 80       		.byte	-128
 1175 047a 8A       		.byte	-118
 1176 047b 01       		.byte	1
 1177 047c 96       		.byte	-106
 1178 047d 10       		.byte	16
 1179 047e 9F       		.byte	-97
 1180 047f 01       		.byte	1
 1181 0480 AC       		.byte	-84
 1182 0481 40       		.byte	64
 1183 0482 C0       		.byte	-64
 1184 0483 40       		.byte	64
 1185 0484 C8       		.byte	-56
 1186 0485 20       		.byte	32
 1187 0486 D4       		.byte	-44
 1188 0487 80       		.byte	-128
 1189 0488 EA       		.byte	-22
 1190 0489 40       		.byte	64
 1191 048a 12       		.byte	18
 1192 048b 20       		.byte	32
 1193 048c 16       		.byte	22
 1194 048d 40       		.byte	64
 1195 048e 70       		.byte	112
 1196 048f 08       		.byte	8
 1197 0490 7E       		.byte	126
ARM GAS  C:\Users\ibrah\AppData\Local\Temp\cclUw85I.s 			page 22


 1198 0491 01       		.byte	1
 1199 0492 82       		.byte	-126
 1200 0493 20       		.byte	32
 1201 0494 86       		.byte	-122
 1202 0495 40       		.byte	64
 1203 0496 88       		.byte	-120
 1204 0497 08       		.byte	8
 1205 0498 92       		.byte	-110
 1206 0499 02       		.byte	2
 1207 049a AA       		.byte	-86
 1208 049b 10       		.byte	16
 1209 049c AB       		.byte	-85
 1210 049d 08       		.byte	8
 1211 049e AF       		.byte	-81
 1212 049f 08       		.byte	8
 1213 04a0 B6       		.byte	-74
 1214 04a1 40       		.byte	64
 1215 04a2 C4       		.byte	-60
 1216 04a3 30       		.byte	48
 1217 04a4 DC       		.byte	-36
 1218 04a5 80       		.byte	-128
 1219 04a6 DE       		.byte	-34
 1220 04a7 20       		.byte	32
 1221 04a8 E0       		.byte	-32
 1222 04a9 10       		.byte	16
 1223 04aa E4       		.byte	-28
 1224 04ab 80       		.byte	-128
 1225 04ac EA       		.byte	-22
 1226 04ad 80       		.byte	-128
 1227 04ae EC       		.byte	-20
 1228 04af C0       		.byte	-64
 1229 04b0 13       		.byte	19
 1230 04b1 24       		.byte	36
 1231 04b2 14       		.byte	20
 1232 04b3 80       		.byte	-128
 1233 04b4 5B       		.byte	91
 1234 04b5 08       		.byte	8
 1235 04b6 62       		.byte	98
 1236 04b7 20       		.byte	32
 1237 04b8 7B       		.byte	123
 1238 04b9 10       		.byte	16
 1239 04ba 7F       		.byte	127
 1240 04bb 40       		.byte	64
 1241 04bc 88       		.byte	-120
 1242 04bd 80       		.byte	-128
 1243 04be 8B       		.byte	-117
 1244 04bf 08       		.byte	8
 1245 04c0 C4       		.byte	-60
 1246 04c1 0E       		.byte	14
 1247 04c2 D6       		.byte	-42
 1248 04c3 02       		.byte	2
 1249 04c4 D8       		.byte	-40
 1250 04c5 02       		.byte	2
 1251 04c6 DE       		.byte	-34
 1252 04c7 03       		.byte	3
 1253 04c8 E2       		.byte	-30
 1254 04c9 04       		.byte	4
ARM GAS  C:\Users\ibrah\AppData\Local\Temp\cclUw85I.s 			page 23


 1255 04ca E4       		.byte	-28
 1256 04cb 01       		.byte	1
 1257 04cc 83       		.byte	-125
 1258 04cd 10       		.byte	16
 1259 04ce 87       		.byte	-121
 1260 04cf 40       		.byte	64
 1261 04d0 8B       		.byte	-117
 1262 04d1 04       		.byte	4
 1263 04d2 93       		.byte	-109
 1264 04d3 04       		.byte	4
 1265 04d4 97       		.byte	-105
 1266 04d5 80       		.byte	-128
 1267 04d6 A7       		.byte	-89
 1268 04d7 10       		.byte	16
 1269 04d8 AB       		.byte	-85
 1270 04d9 20       		.byte	32
 1271 04da B6       		.byte	-74
 1272 04db 20       		.byte	32
 1273 04dc E6       		.byte	-26
 1274 04dd 04       		.byte	4
 1275 04de E8       		.byte	-24
 1276 04df 08       		.byte	8
 1277 04e0 00       		.byte	0
 1278 04e1 08       		.byte	8
 1279 04e2 0A       		.byte	10
 1280 04e3 08       		.byte	8
 1281 04e4 10       		.byte	16
 1282 04e5 0C       		.byte	12
 1283 04e6 1A       		.byte	26
 1284 04e7 08       		.byte	8
 1285 04e8 1C       		.byte	28
 1286 04e9 04       		.byte	4
 1287 04ea 03       		.byte	3
 1288 04eb C0       		.byte	-64
 1289 04ec 00       		.byte	0
 1290 04ed 00       		.byte	0
 1291 04ee 04       		.byte	4
 1292 04ef 02       		.byte	2
 1293 04f0 05       		.byte	5
 1294 04f1 08       		.byte	8
 1295 04f2 18       		.byte	24
 1296 04f3 00       		.byte	0
 1297 04f4 19       		.byte	25
 1298 04f5 00       		.byte	0
 1299 04f6 04       		.byte	4
 1300 04f7 02       		.byte	2
 1301 04f8 10       		.byte	16
 1302 04f9 10       		.byte	16
 1303 04fa 00       		.byte	0
 1304 04fb 00       		.byte	0
 1305 04fc 00       		.byte	0
 1306 04fd 08       		.byte	8
 1307 04fe 00       		.byte	0
 1308 04ff 00       		.byte	0
 1309 0500 1D       		.byte	29
 1310 0501 00       		.byte	0
 1311 0502 00       		.byte	0
ARM GAS  C:\Users\ibrah\AppData\Local\Temp\cclUw85I.s 			page 24


 1312 0503 04       		.byte	4
 1313 0504 00       		.byte	0
 1314 0505 00       		.byte	0
 1315 0506 02       		.byte	2
 1316 0507 10       		.byte	16
 1317 0508 00       		.byte	0
 1318 0509 00       		.byte	0
 1319 050a 02       		.byte	2
 1320 050b 01       		.byte	1
 1321 050c 1D       		.byte	29
 1322 050d 00       		.byte	0
 1323 050e 00       		.byte	0
 1324 050f 01       		.byte	1
 1325 0510 08       		.byte	8
 1326 0511 10       		.byte	16
 1327 0512 00       		.byte	0
 1328 0513 00       		.byte	0
 1329 0514 18       		.byte	24
 1330 0515 08       		.byte	8
 1331 0516 00       		.byte	0
 1332 0517 00       		.byte	0
 1333 0518 00       		.byte	0
 1334 0519 00       		.byte	0
 1335 051a 00       		.byte	0
 1336 051b 10       		.byte	16
 1337 051c 00       		.byte	0
 1338 051d 06       		.byte	6
 1339 051e 02       		.byte	2
 1340 051f 08       		.byte	8
 1341 0520 01       		.byte	1
 1342 0521 01       		.byte	1
 1343 0522 1C       		.byte	28
 1344 0523 10       		.byte	16
 1345 0524 00       		.byte	0
 1346 0525 80       		.byte	-128
 1347 0526 00       		.byte	0
 1348 0527 00       		.byte	0
 1349 0528 00       		.byte	0
 1350 0529 00       		.byte	0
 1351 052a 14       		.byte	20
 1352 052b 11       		.byte	17
 1353 052c 26       		.byte	38
 1354 052d 05       		.byte	5
 1355 052e 04       		.byte	4
 1356 052f 00       		.byte	0
 1357 0530 01       		.byte	1
 1358 0531 0C       		.byte	12
 1359 0532 00       		.byte	0
 1360 0533 E0       		.byte	-32
 1361 0534 21       		.byte	33
 1362 0535 FF       		.byte	-1
 1363 0536 FF       		.byte	-1
 1364 0537 FF       		.byte	-1
 1365 0538 62       		.byte	98
 1366 0539 A0       		.byte	-96
 1367 053a F0       		.byte	-16
 1368 053b 41       		.byte	65
ARM GAS  C:\Users\ibrah\AppData\Local\Temp\cclUw85I.s 			page 25


 1369 053c 0C       		.byte	12
 1370 053d 00       		.byte	0
 1371 053e 00       		.byte	0
 1372 053f 00       		.byte	0
 1373 0540 00       		.byte	0
 1374 0541 00       		.byte	0
 1375 0542 02       		.byte	2
 1376 0543 12       		.byte	18
 1377 0544 04       		.byte	4
 1378 0545 04       		.byte	4
 1379 0546 04       		.byte	4
 1380 0547 04       		.byte	4
 1381 0548 33       		.byte	51
 1382 0549 33       		.byte	51
 1383 054a 00       		.byte	0
 1384 054b 01       		.byte	1
 1385 054c 00       		.byte	0
 1386 054d 00       		.byte	0
 1387 054e 00       		.byte	0
 1388 054f 00       		.byte	0
 1389 0550 00       		.byte	0
 1390 0551 00       		.byte	0
 1391 0552 40       		.byte	64
 1392 0553 02       		.byte	2
 1393 0554 00       		.byte	0
 1394 0555 10       		.byte	16
 1395 0556 30       		.byte	48
 1396 0557 10       		.byte	16
 1397 0558 00       		.byte	0
 1398 0559 10       		.byte	16
 1399 055a 10       		.byte	16
 1400 055b 12       		.byte	18
 1401 055c 00       		.byte	0
 1402 055d 00       		.byte	0
 1403 055e 00       		.byte	0
 1404 055f 00       		.byte	0
 1405 0560 00       		.byte	0
 1406 0561 00       		.byte	0
 1407 0562 00       		.byte	0
 1408 0563 00       		.byte	0
 1409 0564 00       		.byte	0
 1410 0565 00       		.byte	0
 1411 0566 00       		.byte	0
 1412 0567 00       		.byte	0
 1413 0568 00       		.byte	0
 1414 0569 00       		.byte	0
 1415 056a 00       		.byte	0
 1416 056b 00       		.byte	0
 1417 056c 00       		.byte	0
 1418 056d 63       		.byte	99
 1419 056e 63       		.byte	99
 1420 056f 00       		.byte	0
 1421 0570 00       		.byte	0
 1422 0571 00       		.byte	0
 1423 0572 00       		.byte	0
 1424 0573 00       		.byte	0
 1425 0574 03       		.byte	3
ARM GAS  C:\Users\ibrah\AppData\Local\Temp\cclUw85I.s 			page 26


 1426 0575 00       		.byte	0
 1427 0576 30       		.byte	48
 1428 0577 00       		.byte	0
 1429 0578 03       		.byte	3
 1430 0579 00       		.byte	0
 1431 057a 03       		.byte	3
 1432 057b 00       		.byte	0
 1433 057c 00       		.byte	0
 1434 057d 00       		.byte	0
 1435 057e 00       		.byte	0
 1436 057f 00       		.byte	0
 1437 0580 08       		.byte	8
 1438 0581 00       		.byte	0
 1439 0582 04       		.byte	4
 1440 0583 08       		.byte	8
 1441 0584 08       		.byte	8
 1442 0585 00       		.byte	0
 1443 0586 08       		.byte	8
 1444 0587 00       		.byte	0
 1445 0588 20       		.byte	32
 1446 0589 00       		.byte	0
 1447 058a 00       		.byte	0
 1448 058b 00       		.byte	0
 1449 058c 00       		.byte	0
 1450 058d 3B       		.byte	59
 1451 058e 3B       		.byte	59
 1452 058f 00       		.byte	0
 1453 0590 30       		.byte	48
 1454 0591 00       		.byte	0
 1455 0592 04       		.byte	4
 1456 0593 00       		.byte	0
 1457 0594 00       		.byte	0
 1458 0595 7F       		.byte	127
 1459 0596 7F       		.byte	127
 1460 0597 00       		.byte	0
 1461 0598 00       		.byte	0
 1462 0599 00       		.byte	0
 1463 059a 80       		.byte	-128
 1464 059b 00       		.byte	0
 1465 059c 67       		.byte	103
 1466 059d 00       		.byte	0
 1467 059e 18       		.byte	24
 1468 059f 01       		.byte	1
 1469              		.section	.cywolatch,"a",%progbits
 1470              		.align	2
 1471              		.type	cy_meta_wonvl, %object
 1472              		.size	cy_meta_wonvl, 4
 1473              	cy_meta_wonvl:
 1474 0000 BC       		.byte	-68
 1475 0001 90       		.byte	-112
 1476 0002 AC       		.byte	-84
 1477 0003 AF       		.byte	-81
 1478              		.section	.cycustnvl,"a",%progbits
 1479              		.align	2
 1480              		.type	cy_meta_custnvl, %object
 1481              		.size	cy_meta_custnvl, 4
 1482              	cy_meta_custnvl:
ARM GAS  C:\Users\ibrah\AppData\Local\Temp\cclUw85I.s 			page 27


 1483 0000 00       		.byte	0
 1484 0001 00       		.byte	0
 1485 0002 40       		.byte	64
 1486 0003 05       		.byte	5
 1487              		.section	.cymeta,"a",%progbits
 1488              		.align	2
 1489              		.type	cy_metadata, %object
 1490              		.size	cy_metadata, 12
 1491              	cy_metadata:
 1492 0000 00       		.byte	0
 1493 0001 01       		.byte	1
 1494 0002 2E       		.byte	46
 1495 0003 16       		.byte	22
 1496 0004 10       		.byte	16
 1497 0005 69       		.byte	105
 1498 0006 00       		.byte	0
 1499 0007 01       		.byte	1
 1500 0008 00       		.byte	0
 1501 0009 00       		.byte	0
 1502 000a 00       		.byte	0
 1503 000b 00       		.byte	0
 1504              		.section	.cyflashprotect,"a",%progbits
 1505              		.align	2
 1506              		.type	cy_meta_flashprotect, %object
 1507              		.size	cy_meta_flashprotect, 256
 1508              	cy_meta_flashprotect:
 1509 0000 00000000 		.space	256
 1509      00000000 
 1509      00000000 
 1509      00000000 
 1509      00000000 
 1510              		.text
 1511              	.Letext0:
 1512              		.file 1 "c:\\program files (x86)\\cypress\\psoc creator\\4.4\\psoc creator\\import\\gnu\\arm\\5.4.
 1513              		.file 2 "c:\\program files (x86)\\cypress\\psoc creator\\4.4\\psoc creator\\import\\gnu\\arm\\5.4.
 1514              		.file 3 "Generated_Source\\PSoC5\\cymetadata.c"
 1515              		.section	.debug_info,"",%progbits
 1516              	.Ldebug_info0:
 1517 0000 32010000 		.4byte	0x132
 1518 0004 0400     		.2byte	0x4
 1519 0006 00000000 		.4byte	.Ldebug_abbrev0
 1520 000a 04       		.byte	0x4
 1521 000b 01       		.uleb128 0x1
 1522 000c 41000000 		.4byte	.LASF17
 1523 0010 0C       		.byte	0xc
 1524 0011 9B010000 		.4byte	.LASF18
 1525 0015 0A000000 		.4byte	.LASF19
 1526 0019 00000000 		.4byte	.Ldebug_line0
 1527 001d 02       		.uleb128 0x2
 1528 001e 01       		.byte	0x1
 1529 001f 06       		.byte	0x6
 1530 0020 8F010000 		.4byte	.LASF0
 1531 0024 03       		.uleb128 0x3
 1532 0025 00000000 		.4byte	.LASF9
 1533 0029 01       		.byte	0x1
 1534 002a 1D       		.byte	0x1d
 1535 002b 2F000000 		.4byte	0x2f
ARM GAS  C:\Users\ibrah\AppData\Local\Temp\cclUw85I.s 			page 28


 1536 002f 02       		.uleb128 0x2
 1537 0030 01       		.byte	0x1
 1538 0031 08       		.byte	0x8
 1539 0032 33000000 		.4byte	.LASF1
 1540 0036 02       		.uleb128 0x2
 1541 0037 02       		.byte	0x2
 1542 0038 05       		.byte	0x5
 1543 0039 7C010000 		.4byte	.LASF2
 1544 003d 02       		.uleb128 0x2
 1545 003e 02       		.byte	0x2
 1546 003f 07       		.byte	0x7
 1547 0040 E1000000 		.4byte	.LASF3
 1548 0044 02       		.uleb128 0x2
 1549 0045 04       		.byte	0x4
 1550 0046 05       		.byte	0x5
 1551 0047 86010000 		.4byte	.LASF4
 1552 004b 02       		.uleb128 0x2
 1553 004c 04       		.byte	0x4
 1554 004d 07       		.byte	0x7
 1555 004e CF000000 		.4byte	.LASF5
 1556 0052 02       		.uleb128 0x2
 1557 0053 08       		.byte	0x8
 1558 0054 05       		.byte	0x5
 1559 0055 6E010000 		.4byte	.LASF6
 1560 0059 02       		.uleb128 0x2
 1561 005a 08       		.byte	0x8
 1562 005b 07       		.byte	0x7
 1563 005c 23010000 		.4byte	.LASF7
 1564 0060 04       		.uleb128 0x4
 1565 0061 04       		.byte	0x4
 1566 0062 05       		.byte	0x5
 1567 0063 696E7400 		.ascii	"int\000"
 1568 0067 02       		.uleb128 0x2
 1569 0068 04       		.byte	0x4
 1570 0069 07       		.byte	0x7
 1571 006a 16010000 		.4byte	.LASF8
 1572 006e 03       		.uleb128 0x3
 1573 006f 3A010000 		.4byte	.LASF10
 1574 0073 02       		.byte	0x2
 1575 0074 18       		.byte	0x18
 1576 0075 24000000 		.4byte	0x24
 1577 0079 05       		.uleb128 0x5
 1578 007a 91000000 		.4byte	0x91
 1579 007e 8A000000 		.4byte	0x8a
 1580 0082 06       		.uleb128 0x6
 1581 0083 8A000000 		.4byte	0x8a
 1582 0087 9F05     		.2byte	0x59f
 1583 0089 00       		.byte	0
 1584 008a 02       		.uleb128 0x2
 1585 008b 04       		.byte	0x4
 1586 008c 07       		.byte	0x7
 1587 008d 65010000 		.4byte	.LASF11
 1588 0091 07       		.uleb128 0x7
 1589 0092 6E000000 		.4byte	0x6e
 1590 0096 08       		.uleb128 0x8
 1591 0097 04010000 		.4byte	.LASF12
 1592 009b 03       		.byte	0x3
ARM GAS  C:\Users\ibrah\AppData\Local\Temp\cclUw85I.s 			page 29


 1593 009c 1F       		.byte	0x1f
 1594 009d A7000000 		.4byte	0xa7
 1595 00a1 05       		.uleb128 0x5
 1596 00a2 03       		.byte	0x3
 1597 00a3 00000000 		.4byte	cy_meta_configecc
 1598 00a7 07       		.uleb128 0x7
 1599 00a8 79000000 		.4byte	0x79
 1600 00ac 05       		.uleb128 0x5
 1601 00ad 91000000 		.4byte	0x91
 1602 00b1 BC000000 		.4byte	0xbc
 1603 00b5 09       		.uleb128 0x9
 1604 00b6 8A000000 		.4byte	0x8a
 1605 00ba 03       		.byte	0x3
 1606 00bb 00       		.byte	0
 1607 00bc 08       		.uleb128 0x8
 1608 00bd F4000000 		.4byte	.LASF13
 1609 00c1 03       		.byte	0x3
 1610 00c2 E0       		.byte	0xe0
 1611 00c3 CD000000 		.4byte	0xcd
 1612 00c7 05       		.uleb128 0x5
 1613 00c8 03       		.byte	0x3
 1614 00c9 00000000 		.4byte	cy_meta_custnvl
 1615 00cd 07       		.uleb128 0x7
 1616 00ce AC000000 		.4byte	0xac
 1617 00d2 08       		.uleb128 0x8
 1618 00d3 57010000 		.4byte	.LASF14
 1619 00d7 03       		.byte	0x3
 1620 00d8 EE       		.byte	0xee
 1621 00d9 E3000000 		.4byte	0xe3
 1622 00dd 05       		.uleb128 0x5
 1623 00de 03       		.byte	0x3
 1624 00df 00000000 		.4byte	cy_meta_wonvl
 1625 00e3 07       		.uleb128 0x7
 1626 00e4 AC000000 		.4byte	0xac
 1627 00e8 05       		.uleb128 0x5
 1628 00e9 91000000 		.4byte	0x91
 1629 00ed F8000000 		.4byte	0xf8
 1630 00f1 09       		.uleb128 0x9
 1631 00f2 8A000000 		.4byte	0x8a
 1632 00f6 FF       		.byte	0xff
 1633 00f7 00       		.byte	0
 1634 00f8 08       		.uleb128 0x8
 1635 00f9 42010000 		.4byte	.LASF15
 1636 00fd 03       		.byte	0x3
 1637 00fe FC       		.byte	0xfc
 1638 00ff 09010000 		.4byte	0x109
 1639 0103 05       		.uleb128 0x5
 1640 0104 03       		.byte	0x3
 1641 0105 00000000 		.4byte	cy_meta_flashprotect
 1642 0109 07       		.uleb128 0x7
 1643 010a E8000000 		.4byte	0xe8
 1644 010e 05       		.uleb128 0x5
 1645 010f 91000000 		.4byte	0x91
 1646 0113 1E010000 		.4byte	0x11e
 1647 0117 09       		.uleb128 0x9
 1648 0118 8A000000 		.4byte	0x8a
 1649 011c 0B       		.byte	0xb
ARM GAS  C:\Users\ibrah\AppData\Local\Temp\cclUw85I.s 			page 30


 1650 011d 00       		.byte	0
 1651 011e 0A       		.uleb128 0xa
 1652 011f 27000000 		.4byte	.LASF16
 1653 0123 03       		.byte	0x3
 1654 0124 2901     		.2byte	0x129
 1655 0126 30010000 		.4byte	0x130
 1656 012a 05       		.uleb128 0x5
 1657 012b 03       		.byte	0x3
 1658 012c 00000000 		.4byte	cy_metadata
 1659 0130 07       		.uleb128 0x7
 1660 0131 0E010000 		.4byte	0x10e
 1661 0135 00       		.byte	0
 1662              		.section	.debug_abbrev,"",%progbits
 1663              	.Ldebug_abbrev0:
 1664 0000 01       		.uleb128 0x1
 1665 0001 11       		.uleb128 0x11
 1666 0002 01       		.byte	0x1
 1667 0003 25       		.uleb128 0x25
 1668 0004 0E       		.uleb128 0xe
 1669 0005 13       		.uleb128 0x13
 1670 0006 0B       		.uleb128 0xb
 1671 0007 03       		.uleb128 0x3
 1672 0008 0E       		.uleb128 0xe
 1673 0009 1B       		.uleb128 0x1b
 1674 000a 0E       		.uleb128 0xe
 1675 000b 10       		.uleb128 0x10
 1676 000c 17       		.uleb128 0x17
 1677 000d 00       		.byte	0
 1678 000e 00       		.byte	0
 1679 000f 02       		.uleb128 0x2
 1680 0010 24       		.uleb128 0x24
 1681 0011 00       		.byte	0
 1682 0012 0B       		.uleb128 0xb
 1683 0013 0B       		.uleb128 0xb
 1684 0014 3E       		.uleb128 0x3e
 1685 0015 0B       		.uleb128 0xb
 1686 0016 03       		.uleb128 0x3
 1687 0017 0E       		.uleb128 0xe
 1688 0018 00       		.byte	0
 1689 0019 00       		.byte	0
 1690 001a 03       		.uleb128 0x3
 1691 001b 16       		.uleb128 0x16
 1692 001c 00       		.byte	0
 1693 001d 03       		.uleb128 0x3
 1694 001e 0E       		.uleb128 0xe
 1695 001f 3A       		.uleb128 0x3a
 1696 0020 0B       		.uleb128 0xb
 1697 0021 3B       		.uleb128 0x3b
 1698 0022 0B       		.uleb128 0xb
 1699 0023 49       		.uleb128 0x49
 1700 0024 13       		.uleb128 0x13
 1701 0025 00       		.byte	0
 1702 0026 00       		.byte	0
 1703 0027 04       		.uleb128 0x4
 1704 0028 24       		.uleb128 0x24
 1705 0029 00       		.byte	0
 1706 002a 0B       		.uleb128 0xb
ARM GAS  C:\Users\ibrah\AppData\Local\Temp\cclUw85I.s 			page 31


 1707 002b 0B       		.uleb128 0xb
 1708 002c 3E       		.uleb128 0x3e
 1709 002d 0B       		.uleb128 0xb
 1710 002e 03       		.uleb128 0x3
 1711 002f 08       		.uleb128 0x8
 1712 0030 00       		.byte	0
 1713 0031 00       		.byte	0
 1714 0032 05       		.uleb128 0x5
 1715 0033 01       		.uleb128 0x1
 1716 0034 01       		.byte	0x1
 1717 0035 49       		.uleb128 0x49
 1718 0036 13       		.uleb128 0x13
 1719 0037 01       		.uleb128 0x1
 1720 0038 13       		.uleb128 0x13
 1721 0039 00       		.byte	0
 1722 003a 00       		.byte	0
 1723 003b 06       		.uleb128 0x6
 1724 003c 21       		.uleb128 0x21
 1725 003d 00       		.byte	0
 1726 003e 49       		.uleb128 0x49
 1727 003f 13       		.uleb128 0x13
 1728 0040 2F       		.uleb128 0x2f
 1729 0041 05       		.uleb128 0x5
 1730 0042 00       		.byte	0
 1731 0043 00       		.byte	0
 1732 0044 07       		.uleb128 0x7
 1733 0045 26       		.uleb128 0x26
 1734 0046 00       		.byte	0
 1735 0047 49       		.uleb128 0x49
 1736 0048 13       		.uleb128 0x13
 1737 0049 00       		.byte	0
 1738 004a 00       		.byte	0
 1739 004b 08       		.uleb128 0x8
 1740 004c 34       		.uleb128 0x34
 1741 004d 00       		.byte	0
 1742 004e 03       		.uleb128 0x3
 1743 004f 0E       		.uleb128 0xe
 1744 0050 3A       		.uleb128 0x3a
 1745 0051 0B       		.uleb128 0xb
 1746 0052 3B       		.uleb128 0x3b
 1747 0053 0B       		.uleb128 0xb
 1748 0054 49       		.uleb128 0x49
 1749 0055 13       		.uleb128 0x13
 1750 0056 3F       		.uleb128 0x3f
 1751 0057 19       		.uleb128 0x19
 1752 0058 02       		.uleb128 0x2
 1753 0059 18       		.uleb128 0x18
 1754 005a 00       		.byte	0
 1755 005b 00       		.byte	0
 1756 005c 09       		.uleb128 0x9
 1757 005d 21       		.uleb128 0x21
 1758 005e 00       		.byte	0
 1759 005f 49       		.uleb128 0x49
 1760 0060 13       		.uleb128 0x13
 1761 0061 2F       		.uleb128 0x2f
 1762 0062 0B       		.uleb128 0xb
 1763 0063 00       		.byte	0
ARM GAS  C:\Users\ibrah\AppData\Local\Temp\cclUw85I.s 			page 32


 1764 0064 00       		.byte	0
 1765 0065 0A       		.uleb128 0xa
 1766 0066 34       		.uleb128 0x34
 1767 0067 00       		.byte	0
 1768 0068 03       		.uleb128 0x3
 1769 0069 0E       		.uleb128 0xe
 1770 006a 3A       		.uleb128 0x3a
 1771 006b 0B       		.uleb128 0xb
 1772 006c 3B       		.uleb128 0x3b
 1773 006d 05       		.uleb128 0x5
 1774 006e 49       		.uleb128 0x49
 1775 006f 13       		.uleb128 0x13
 1776 0070 3F       		.uleb128 0x3f
 1777 0071 19       		.uleb128 0x19
 1778 0072 02       		.uleb128 0x2
 1779 0073 18       		.uleb128 0x18
 1780 0074 00       		.byte	0
 1781 0075 00       		.byte	0
 1782 0076 00       		.byte	0
 1783              		.section	.debug_aranges,"",%progbits
 1784 0000 14000000 		.4byte	0x14
 1785 0004 0200     		.2byte	0x2
 1786 0006 00000000 		.4byte	.Ldebug_info0
 1787 000a 04       		.byte	0x4
 1788 000b 00       		.byte	0
 1789 000c 0000     		.2byte	0
 1790 000e 0000     		.2byte	0
 1791 0010 00000000 		.4byte	0
 1792 0014 00000000 		.4byte	0
 1793              		.section	.debug_line,"",%progbits
 1794              	.Ldebug_line0:
 1795 0000 3D010000 		.section	.debug_str,"MS",%progbits,1
 1795      02003701 
 1795      00000201 
 1795      FB0E0D00 
 1795      01010101 
 1796              	.LASF9:
 1797 0000 5F5F7569 		.ascii	"__uint8_t\000"
 1797      6E74385F 
 1797      7400
 1798              	.LASF19:
 1799 000a 433A5C64 		.ascii	"C:\\dev\\gimbal2d\\Gimbal.cydsn\000"
 1799      65765C67 
 1799      696D6261 
 1799      6C32645C 
 1799      47696D62 
 1800              	.LASF16:
 1801 0027 63795F6D 		.ascii	"cy_metadata\000"
 1801      65746164 
 1801      61746100 
 1802              	.LASF1:
 1803 0033 756E7369 		.ascii	"unsigned char\000"
 1803      676E6564 
 1803      20636861 
 1803      7200
 1804              	.LASF17:
 1805 0041 474E5520 		.ascii	"GNU C11 5.4.1 20160609 (release) [ARM/embedded-5-br"
ARM GAS  C:\Users\ibrah\AppData\Local\Temp\cclUw85I.s 			page 33


 1805      43313120 
 1805      352E342E 
 1805      31203230 
 1805      31363036 
 1806 0074 616E6368 		.ascii	"anch revision 237715] -mcpu=cortex-m3 -mthumb -g -O"
 1806      20726576 
 1806      6973696F 
 1806      6E203233 
 1806      37373135 
 1807 00a7 67202D66 		.ascii	"g -ffunction-sections -ffat-lto-objects\000"
 1807      66756E63 
 1807      74696F6E 
 1807      2D736563 
 1807      74696F6E 
 1808              	.LASF5:
 1809 00cf 6C6F6E67 		.ascii	"long unsigned int\000"
 1809      20756E73 
 1809      69676E65 
 1809      6420696E 
 1809      7400
 1810              	.LASF3:
 1811 00e1 73686F72 		.ascii	"short unsigned int\000"
 1811      7420756E 
 1811      7369676E 
 1811      65642069 
 1811      6E7400
 1812              	.LASF13:
 1813 00f4 63795F6D 		.ascii	"cy_meta_custnvl\000"
 1813      6574615F 
 1813      63757374 
 1813      6E766C00 
 1814              	.LASF12:
 1815 0104 63795F6D 		.ascii	"cy_meta_configecc\000"
 1815      6574615F 
 1815      636F6E66 
 1815      69676563 
 1815      6300
 1816              	.LASF8:
 1817 0116 756E7369 		.ascii	"unsigned int\000"
 1817      676E6564 
 1817      20696E74 
 1817      00
 1818              	.LASF7:
 1819 0123 6C6F6E67 		.ascii	"long long unsigned int\000"
 1819      206C6F6E 
 1819      6720756E 
 1819      7369676E 
 1819      65642069 
 1820              	.LASF10:
 1821 013a 75696E74 		.ascii	"uint8_t\000"
 1821      385F7400 
 1822              	.LASF15:
 1823 0142 63795F6D 		.ascii	"cy_meta_flashprotect\000"
 1823      6574615F 
 1823      666C6173 
 1823      6870726F 
 1823      74656374 
ARM GAS  C:\Users\ibrah\AppData\Local\Temp\cclUw85I.s 			page 34


 1824              	.LASF14:
 1825 0157 63795F6D 		.ascii	"cy_meta_wonvl\000"
 1825      6574615F 
 1825      776F6E76 
 1825      6C00
 1826              	.LASF11:
 1827 0165 73697A65 		.ascii	"sizetype\000"
 1827      74797065 
 1827      00
 1828              	.LASF6:
 1829 016e 6C6F6E67 		.ascii	"long long int\000"
 1829      206C6F6E 
 1829      6720696E 
 1829      7400
 1830              	.LASF2:
 1831 017c 73686F72 		.ascii	"short int\000"
 1831      7420696E 
 1831      7400
 1832              	.LASF4:
 1833 0186 6C6F6E67 		.ascii	"long int\000"
 1833      20696E74 
 1833      00
 1834              	.LASF0:
 1835 018f 7369676E 		.ascii	"signed char\000"
 1835      65642063 
 1835      68617200 
 1836              	.LASF18:
 1837 019b 47656E65 		.ascii	"Generated_Source\\PSoC5\\cymetadata.c\000"
 1837      72617465 
 1837      645F536F 
 1837      75726365 
 1837      5C50536F 
 1838              		.ident	"GCC: (GNU Tools for ARM Embedded Processors) 5.4.1 20160609 (release) [ARM/embedded-5-bran
