ARM GAS  C:\Users\ibrah\AppData\Local\Temp\ccc2q6Yc.s 			page 1


   1              		.syntax unified
   2              		.cpu cortex-m3
   3              		.fpu softvfp
   4              		.eabi_attribute 20, 1
   5              		.eabi_attribute 21, 1
   6              		.eabi_attribute 23, 3
   7              		.eabi_attribute 24, 1
   8              		.eabi_attribute 25, 1
   9              		.eabi_attribute 26, 1
  10              		.eabi_attribute 30, 1
  11              		.eabi_attribute 34, 1
  12              		.eabi_attribute 18, 4
  13              		.thumb
  14              		.syntax unified
  15              		.file	"main.c"
  16              		.text
  17              	.Ltext0:
  18              		.cfi_sections	.debug_frame
  19              		.section	.text.main,"ax",%progbits
  20              		.align	2
  21              		.global	main
  22              		.thumb
  23              		.thumb_func
  24              		.type	main, %function
  25              	main:
  26              	.LFB64:
  27              		.file 1 "main.c"
   1:main.c        **** #include <string.h>
   2:main.c        **** #include <stdio.h>
   3:main.c        **** #include <math.h>
   4:main.c        **** 
   5:main.c        **** #include "project.h"
   6:main.c        **** #include "mpu6050.h"
   7:main.c        **** #include "motor_control.h"
   8:main.c        **** #include "utilities.h"
   9:main.c        **** #include "keypad.h"
  10:main.c        **** 
  11:main.c        **** 
  12:main.c        **** 
  13:main.c        **** char detect[50];
  14:main.c        **** 
  15:main.c        **** uint8_t sw1;
  16:main.c        **** uint8_t sw2;
  17:main.c        **** uint8_t mode = 0;  
  18:main.c        **** uint8_t just_switched = 0;
  19:main.c        **** int ii = 0;
  20:main.c        **** 
  21:main.c        **** 
  22:main.c        **** 
  23:main.c        **** int main(void)
  24:main.c        **** {   
  28              		.loc 1 24 0
  29              		.cfi_startproc
  30              		@ args = 0, pretend = 0, frame = 8
  31              		@ frame_needed = 0, uses_anonymous_args = 0
  32 0000 10B5     		push	{r4, lr}
  33              		.cfi_def_cfa_offset 8
ARM GAS  C:\Users\ibrah\AppData\Local\Temp\ccc2q6Yc.s 			page 2


  34              		.cfi_offset 4, -8
  35              		.cfi_offset 14, -4
  36 0002 82B0     		sub	sp, sp, #8
  37              		.cfi_def_cfa_offset 16
  25:main.c        ****     
  26:main.c        ****     MPU6050_PreInit();
  38              		.loc 1 26 0
  39 0004 FFF7FEFF 		bl	MPU6050_PreInit
  40              	.LVL0:
  27:main.c        ****     
  28:main.c        ****    
  29:main.c        ****     CyGlobalIntEnable; /* Enable global interrupts. */
  41              		.loc 1 29 0
  42              		.syntax unified
  43              	@ 29 "main.c" 1
  44 0008 62B6     		CPSIE   i
  45              	@ 0 "" 2
  30:main.c        ****     UART_Start();
  46              		.loc 1 30 0
  47              		.thumb
  48              		.syntax unified
  49 000a FFF7FEFF 		bl	UART_Start
  50              	.LVL1:
  31:main.c        ****     
  32:main.c        ****     UART_PutString("Depart");     
  51              		.loc 1 32 0
  52 000e 3F48     		ldr	r0, .L13
  53 0010 FFF7FEFF 		bl	UART_PutString
  54              	.LVL2:
  33:main.c        ****     //Audio_Init();
  34:main.c        ****     UART_PutString("Success");   
  55              		.loc 1 34 0
  56 0014 3E48     		ldr	r0, .L13+4
  57 0016 FFF7FEFF 		bl	UART_PutString
  58              	.LVL3:
  35:main.c        **** 
  36:main.c        ****     InitializeServos();
  59              		.loc 1 36 0
  60 001a FFF7FEFF 		bl	InitializeServos
  61              	.LVL4:
  37:main.c        ****     Joystick_Start();
  62              		.loc 1 37 0
  63 001e FFF7FEFF 		bl	Joystick_Start
  64              	.LVL5:
  38:main.c        ****     
  39:main.c        **** 
  40:main.c        ****     MPU6050_Init();
  65              		.loc 1 40 0
  66 0022 FFF7FEFF 		bl	MPU6050_Init
  67              	.LVL6:
  41:main.c        ****     MPU6050_Calibrate();
  68              		.loc 1 41 0
  69 0026 FFF7FEFF 		bl	MPU6050_Calibrate
  70              	.LVL7:
  42:main.c        ****     
  43:main.c        ****     
  44:main.c        ****     float roll = 0;
ARM GAS  C:\Users\ibrah\AppData\Local\Temp\ccc2q6Yc.s 			page 3


  71              		.loc 1 44 0
  72 002a 0023     		movs	r3, #0
  73 002c 0193     		str	r3, [sp, #4]	@ float
  45:main.c        ****     float pitch = 0;
  74              		.loc 1 45 0
  75 002e 0093     		str	r3, [sp]	@ float
  46:main.c        ****     
  47:main.c        ****     
  48:main.c        ****     MPU6050_Start();
  76              		.loc 1 48 0
  77 0030 FFF7FEFF 		bl	MPU6050_Start
  78              	.LVL8:
  49:main.c        **** 
  50:main.c        ****     // LCD Initialization 
  51:main.c        ****     LCD_Start();
  79              		.loc 1 51 0
  80 0034 FFF7FEFF 		bl	LCD_Start
  81              	.LVL9:
  52:main.c        ****     LCD_PrintString("Yo mec !");
  82              		.loc 1 52 0
  83 0038 3648     		ldr	r0, .L13+8
  84 003a FFF7FEFF 		bl	LCD_PrintString
  85              	.LVL10:
  53:main.c        ****     CyDelay(1000);
  86              		.loc 1 53 0
  87 003e 4FF47A70 		mov	r0, #1000
  88 0042 FFF7FEFF 		bl	CyDelay
  89              	.LVL11:
  54:main.c        ****     LCD_ClearDisplay();
  90              		.loc 1 54 0
  91 0046 0120     		movs	r0, #1
  92 0048 FFF7FEFF 		bl	LCD_WriteControl
  93              	.LVL12:
  94              	.L3:
  55:main.c        ****     
  56:main.c        **** 
  57:main.c        **** 
  58:main.c        ****     
  59:main.c        ****     for(;;)
  60:main.c        ****     {
  61:main.c        ****             
  62:main.c        ****             sw1 = SW1_Read(); // Mode change
  95              		.loc 1 62 0
  96 004c FFF7FEFF 		bl	SW1_Read
  97              	.LVL13:
  98 0050 314B     		ldr	r3, .L13+12
  99 0052 1870     		strb	r0, [r3]
  63:main.c        ****             sw2 = SW2_Read(); // Re-calibration
 100              		.loc 1 63 0
 101 0054 FFF7FEFF 		bl	SW2_Read
 102              	.LVL14:
 103 0058 304B     		ldr	r3, .L13+16
 104 005a 1870     		strb	r0, [r3]
  64:main.c        ****             
  65:main.c        ****             if (sw2)
 105              		.loc 1 65 0
 106 005c 50B1     		cbz	r0, .L4
ARM GAS  C:\Users\ibrah\AppData\Local\Temp\ccc2q6Yc.s 			page 4


  66:main.c        ****             {
  67:main.c        ****                MoveServosToStart();
 107              		.loc 1 67 0
 108 005e FFF7FEFF 		bl	MoveServosToStart
 109              	.LVL15:
  68:main.c        ****                 CyDelay(500);
 110              		.loc 1 68 0
 111 0062 4FF4FA70 		mov	r0, #500
 112 0066 FFF7FEFF 		bl	CyDelay
 113              	.LVL16:
  69:main.c        ****                MPU6050_Calibrate();
 114              		.loc 1 69 0
 115 006a FFF7FEFF 		bl	MPU6050_Calibrate
 116              	.LVL17:
  70:main.c        ****                mode = 1;
 117              		.loc 1 70 0
 118 006e 0122     		movs	r2, #1
 119 0070 2B4B     		ldr	r3, .L13+20
 120 0072 1A70     		strb	r2, [r3]
 121              	.L4:
  71:main.c        ****             }
  72:main.c        **** 
  73:main.c        ****             
  74:main.c        ****             if (sw1)
 122              		.loc 1 74 0
 123 0074 284B     		ldr	r3, .L13+12
 124 0076 1B78     		ldrb	r3, [r3]	@ zero_extendqisi2
 125 0078 93B1     		cbz	r3, .L5
  75:main.c        ****             {
  76:main.c        ****                 switch(mode)
 126              		.loc 1 76 0
 127 007a 294B     		ldr	r3, .L13+20
 128 007c 1B78     		ldrb	r3, [r3]	@ zero_extendqisi2
 129 007e 13B1     		cbz	r3, .L6
 130 0080 012B     		cmp	r3, #1
 131 0082 06D0     		beq	.L7
 132 0084 0CE0     		b	.L5
 133              	.L6:
  77:main.c        ****                 {
  78:main.c        ****                     case 0:
  79:main.c        ****                         mode = 1;
 134              		.loc 1 79 0
 135 0086 0122     		movs	r2, #1
 136 0088 254B     		ldr	r3, .L13+20
 137 008a 1A70     		strb	r2, [r3]
  80:main.c        ****                         SetOnLEDs();
 138              		.loc 1 80 0
 139 008c FFF7FEFF 		bl	SetOnLEDs
 140              	.LVL18:
  81:main.c        ****                         break;
 141              		.loc 1 81 0
 142 0090 06E0     		b	.L5
 143              	.L7:
  82:main.c        **** 
  83:main.c        ****                     case 1:
  84:main.c        ****                         mode = 0;
 144              		.loc 1 84 0
ARM GAS  C:\Users\ibrah\AppData\Local\Temp\ccc2q6Yc.s 			page 5


 145 0092 234C     		ldr	r4, .L13+20
 146 0094 0023     		movs	r3, #0
 147 0096 2370     		strb	r3, [r4]
  85:main.c        ****                         SetOffLEDs();
 148              		.loc 1 85 0
 149 0098 FFF7FEFF 		bl	SetOffLEDs
 150              	.LVL19:
  86:main.c        ****                         just_switched = 1;
 151              		.loc 1 86 0
 152 009c 0123     		movs	r3, #1
 153 009e 6370     		strb	r3, [r4, #1]
 154              	.L5:
  87:main.c        ****                         break;
  88:main.c        ****                 }
  89:main.c        ****             }
  90:main.c        **** 
  91:main.c        ****             
  92:main.c        ****             switch(mode)
 155              		.loc 1 92 0
 156 00a0 1F4B     		ldr	r3, .L13+20
 157 00a2 1B78     		ldrb	r3, [r3]	@ zero_extendqisi2
 158 00a4 13B1     		cbz	r3, .L8
 159 00a6 012B     		cmp	r3, #1
 160 00a8 09D0     		beq	.L9
 161 00aa CFE7     		b	.L3
 162              	.L8:
  93:main.c        ****             {
  94:main.c        ****                 case 0:
  95:main.c        **** 
  96:main.c        ****                     ///////// JOYSTICK MODE /////////
  97:main.c        ****                 
  98:main.c        ****                     MPU6050_GetData(&roll, &pitch);
 163              		.loc 1 98 0
 164 00ac 6946     		mov	r1, sp
 165 00ae 01A8     		add	r0, sp, #4
 166 00b0 FFF7FEFF 		bl	MPU6050_GetData
 167              	.LVL20:
  99:main.c        **** 
 100:main.c        ****                     // COMMAND SERVO 1 
 101:main.c        ****                     
 102:main.c        ****                     Joystick_MoveServo1();
 168              		.loc 1 102 0
 169 00b4 FFF7FEFF 		bl	Joystick_MoveServo1
 170              	.LVL21:
 103:main.c        ****                     
 104:main.c        ****                     // COMMAND SERVO 2
 105:main.c        ****                     
 106:main.c        ****                     Joystick_MoveServo2();
 171              		.loc 1 106 0
 172 00b8 FFF7FEFF 		bl	Joystick_MoveServo2
 173              	.LVL22:
 107:main.c        ****                     
 108:main.c        ****                     
 109:main.c        ****                     
 110:main.c        ****                     //MakeSound(&roll, &pitch);
 111:main.c        ****                     
 112:main.c        ****                     break;
ARM GAS  C:\Users\ibrah\AppData\Local\Temp\ccc2q6Yc.s 			page 6


 174              		.loc 1 112 0
 175 00bc C6E7     		b	.L3
 176              	.L9:
 113:main.c        **** 
 114:main.c        ****                     
 115:main.c        ****                 case 1:
 116:main.c        ****                     
 117:main.c        ****                     ///////// MPU6050 MODE /////////
 118:main.c        ****                     
 119:main.c        ****                     if (just_switched)
 177              		.loc 1 119 0
 178 00be 184B     		ldr	r3, .L13+20
 179 00c0 5B78     		ldrb	r3, [r3, #1]	@ zero_extendqisi2
 180 00c2 23B1     		cbz	r3, .L11
 120:main.c        ****                     {
 121:main.c        ****                      MPU6050_Calibrate();
 181              		.loc 1 121 0
 182 00c4 FFF7FEFF 		bl	MPU6050_Calibrate
 183              	.LVL23:
 122:main.c        ****                      just_switched = 0;
 184              		.loc 1 122 0
 185 00c8 0022     		movs	r2, #0
 186 00ca 154B     		ldr	r3, .L13+20
 187 00cc 5A70     		strb	r2, [r3, #1]
 188              	.L11:
 123:main.c        ****                     }
 124:main.c        ****                     
 125:main.c        ****                     
 126:main.c        ****                     
 127:main.c        ****             
 128:main.c        ****                     if (MPU6050_DataAvailable() == TRUE)
 189              		.loc 1 128 0
 190 00ce FFF7FEFF 		bl	MPU6050_DataAvailable
 191              	.LVL24:
 192 00d2 0128     		cmp	r0, #1
 193 00d4 BAD1     		bne	.L3
 129:main.c        ****                     {
 130:main.c        ****                         
 131:main.c        **** 
 132:main.c        **** 
 133:main.c        ****                         MPU6050_GetData(&roll, &pitch);
 194              		.loc 1 133 0
 195 00d6 6946     		mov	r1, sp
 196 00d8 01A8     		add	r0, sp, #4
 197 00da FFF7FEFF 		bl	MPU6050_GetData
 198              	.LVL25:
 134:main.c        ****                         
 135:main.c        ****                         MPU6050_MoveServo1(&roll);
 199              		.loc 1 135 0
 200 00de 01A8     		add	r0, sp, #4
 201 00e0 FFF7FEFF 		bl	MPU6050_MoveServo1
 202              	.LVL26:
 136:main.c        ****                         MPU6050_MoveServo2(&pitch);
 203              		.loc 1 136 0
 204 00e4 6846     		mov	r0, sp
 205 00e6 FFF7FEFF 		bl	MPU6050_MoveServo2
 206              	.LVL27:
ARM GAS  C:\Users\ibrah\AppData\Local\Temp\ccc2q6Yc.s 			page 7


 137:main.c        **** 
 138:main.c        ****                         ii++;
 207              		.loc 1 138 0
 208 00ea 0D4A     		ldr	r2, .L13+20
 209 00ec 5368     		ldr	r3, [r2, #4]
 210 00ee 0133     		adds	r3, r3, #1
 211 00f0 5360     		str	r3, [r2, #4]
 139:main.c        ****             
 140:main.c        ****                         if (ii == 500){
 212              		.loc 1 140 0
 213 00f2 B3F5FA7F 		cmp	r3, #500
 214 00f6 A9D1     		bne	.L3
 215              	.LBB2:
 141:main.c        ****                             MPU6050_PrintData();
 216              		.loc 1 141 0
 217 00f8 FFF7FEFF 		bl	MPU6050_PrintData
 218              	.LVL28:
 142:main.c        ****                             
 143:main.c        ****                             char orientation[50];
 144:main.c        ****                             LCD_PrintOrientation(&roll, &pitch);
 219              		.loc 1 144 0
 220 00fc 6946     		mov	r1, sp
 221 00fe 01A8     		add	r0, sp, #4
 222 0100 FFF7FEFF 		bl	LCD_PrintOrientation
 223              	.LVL29:
 145:main.c        ****                             ii = 0;
 224              		.loc 1 145 0
 225 0104 0022     		movs	r2, #0
 226 0106 064B     		ldr	r3, .L13+20
 227 0108 5A60     		str	r2, [r3, #4]
 228 010a 9FE7     		b	.L3
 229              	.L14:
 230              		.align	2
 231              	.L13:
 232 010c 00000000 		.word	.LC0
 233 0110 08000000 		.word	.LC1
 234 0114 10000000 		.word	.LC2
 235 0118 00000000 		.word	sw1
 236 011c 00000000 		.word	sw2
 237 0120 00000000 		.word	.LANCHOR0
 238              	.LBE2:
 239              		.cfi_endproc
 240              	.LFE64:
 241              		.size	main, .-main
 242              		.global	ii
 243              		.global	just_switched
 244              		.global	mode
 245              		.comm	sw2,1,1
 246              		.comm	sw1,1,1
 247              		.comm	detect,50,4
 248              		.section	.rodata.str1.4,"aMS",%progbits,1
 249              		.align	2
 250              	.LC0:
 251 0000 44657061 		.ascii	"Depart\000"
 251      727400
 252 0007 00       		.space	1
 253              	.LC1:
ARM GAS  C:\Users\ibrah\AppData\Local\Temp\ccc2q6Yc.s 			page 8


 254 0008 53756363 		.ascii	"Success\000"
 254      65737300 
 255              	.LC2:
 256 0010 596F206D 		.ascii	"Yo mec !\000"
 256      65632021 
 256      00
 257              		.bss
 258              		.align	2
 259              		.set	.LANCHOR0,. + 0
 260              		.type	mode, %object
 261              		.size	mode, 1
 262              	mode:
 263 0000 00       		.space	1
 264              		.type	just_switched, %object
 265              		.size	just_switched, 1
 266              	just_switched:
 267 0001 00       		.space	1
 268 0002 0000     		.space	2
 269              		.type	ii, %object
 270              		.size	ii, 4
 271              	ii:
 272 0004 00000000 		.space	4
 273              		.text
 274              	.Letext0:
 275              		.file 2 "c:\\program files (x86)\\cypress\\psoc creator\\4.4\\psoc creator\\import\\gnu\\arm\\5.4.
 276              		.file 3 "c:\\program files (x86)\\cypress\\psoc creator\\4.4\\psoc creator\\import\\gnu\\arm\\5.4.
 277              		.file 4 "Generated_Source\\PSoC5/core_cm3.h"
 278              		.file 5 "mpu6050.h"
 279              		.file 6 "utilities.h"
 280              		.file 7 "Generated_Source\\PSoC5/UART.h"
 281              		.file 8 "motor_control.h"
 282              		.file 9 "Generated_Source\\PSoC5/LCD.h"
 283              		.file 10 "Generated_Source\\PSoC5/CyLib.h"
 284              		.file 11 "Generated_Source\\PSoC5/SW1.h"
 285              		.file 12 "Generated_Source\\PSoC5/SW2.h"
 286              		.section	.debug_info,"",%progbits
 287              	.Ldebug_info0:
 288 0000 3A040000 		.4byte	0x43a
 289 0004 0400     		.2byte	0x4
 290 0006 00000000 		.4byte	.Ldebug_abbrev0
 291 000a 04       		.byte	0x4
 292 000b 01       		.uleb128 0x1
 293 000c 32010000 		.4byte	.LASF49
 294 0010 0C       		.byte	0xc
 295 0011 98020000 		.4byte	.LASF50
 296 0015 44000000 		.4byte	.LASF51
 297 0019 00000000 		.4byte	.Ldebug_ranges0+0
 298 001d 00000000 		.4byte	0
 299 0021 00000000 		.4byte	.Ldebug_line0
 300 0025 02       		.uleb128 0x2
 301 0026 04       		.byte	0x4
 302 0027 05       		.byte	0x5
 303 0028 696E7400 		.ascii	"int\000"
 304 002c 03       		.uleb128 0x3
 305 002d 04       		.byte	0x4
 306 002e 07       		.byte	0x7
 307 002f 1F020000 		.4byte	.LASF0
ARM GAS  C:\Users\ibrah\AppData\Local\Temp\ccc2q6Yc.s 			page 9


 308 0033 03       		.uleb128 0x3
 309 0034 08       		.byte	0x8
 310 0035 05       		.byte	0x5
 311 0036 74020000 		.4byte	.LASF1
 312 003a 03       		.uleb128 0x3
 313 003b 08       		.byte	0x8
 314 003c 04       		.byte	0x4
 315 003d 02030000 		.4byte	.LASF2
 316 0041 03       		.uleb128 0x3
 317 0042 01       		.byte	0x1
 318 0043 06       		.byte	0x6
 319 0044 0C010000 		.4byte	.LASF3
 320 0048 04       		.uleb128 0x4
 321 0049 61000000 		.4byte	.LASF7
 322 004d 02       		.byte	0x2
 323 004e 1D       		.byte	0x1d
 324 004f 53000000 		.4byte	0x53
 325 0053 03       		.uleb128 0x3
 326 0054 01       		.byte	0x1
 327 0055 08       		.byte	0x8
 328 0056 24010000 		.4byte	.LASF4
 329 005a 03       		.uleb128 0x3
 330 005b 02       		.byte	0x2
 331 005c 05       		.byte	0x5
 332 005d AA020000 		.4byte	.LASF5
 333 0061 03       		.uleb128 0x3
 334 0062 02       		.byte	0x2
 335 0063 07       		.byte	0x7
 336 0064 C0010000 		.4byte	.LASF6
 337 0068 04       		.uleb128 0x4
 338 0069 91000000 		.4byte	.LASF8
 339 006d 02       		.byte	0x2
 340 006e 3F       		.byte	0x3f
 341 006f 73000000 		.4byte	0x73
 342 0073 03       		.uleb128 0x3
 343 0074 04       		.byte	0x4
 344 0075 05       		.byte	0x5
 345 0076 D6020000 		.4byte	.LASF9
 346 007a 03       		.uleb128 0x3
 347 007b 04       		.byte	0x4
 348 007c 07       		.byte	0x7
 349 007d F8010000 		.4byte	.LASF10
 350 0081 03       		.uleb128 0x3
 351 0082 08       		.byte	0x8
 352 0083 07       		.byte	0x7
 353 0084 2C020000 		.4byte	.LASF11
 354 0088 03       		.uleb128 0x3
 355 0089 04       		.byte	0x4
 356 008a 07       		.byte	0x7
 357 008b 6B020000 		.4byte	.LASF12
 358 008f 03       		.uleb128 0x3
 359 0090 01       		.byte	0x1
 360 0091 08       		.byte	0x8
 361 0092 9F020000 		.4byte	.LASF13
 362 0096 04       		.uleb128 0x4
 363 0097 43020000 		.4byte	.LASF14
 364 009b 03       		.byte	0x3
ARM GAS  C:\Users\ibrah\AppData\Local\Temp\ccc2q6Yc.s 			page 10


 365 009c 18       		.byte	0x18
 366 009d 48000000 		.4byte	0x48
 367 00a1 04       		.uleb128 0x4
 368 00a2 CC000000 		.4byte	.LASF15
 369 00a6 03       		.byte	0x3
 370 00a7 2C       		.byte	0x2c
 371 00a8 68000000 		.4byte	0x68
 372 00ac 03       		.uleb128 0x3
 373 00ad 08       		.byte	0x8
 374 00ae 04       		.byte	0x4
 375 00af BE000000 		.4byte	.LASF16
 376 00b3 03       		.uleb128 0x3
 377 00b4 04       		.byte	0x4
 378 00b5 04       		.byte	0x4
 379 00b6 F6000000 		.4byte	.LASF17
 380 00ba 05       		.uleb128 0x5
 381 00bb 0A020000 		.4byte	.LASF52
 382 00bf 01       		.byte	0x1
 383 00c0 17       		.byte	0x17
 384 00c1 25000000 		.4byte	0x25
 385 00c5 00000000 		.4byte	.LFB64
 386 00c9 24010000 		.4byte	.LFE64-.LFB64
 387 00cd 01       		.uleb128 0x1
 388 00ce 9C       		.byte	0x9c
 389 00cf A4020000 		.4byte	0x2a4
 390 00d3 06       		.uleb128 0x6
 391 00d4 BE020000 		.4byte	.LASF18
 392 00d8 01       		.byte	0x1
 393 00d9 2C       		.byte	0x2c
 394 00da B3000000 		.4byte	0xb3
 395 00de 02       		.uleb128 0x2
 396 00df 91       		.byte	0x91
 397 00e0 74       		.sleb128 -12
 398 00e1 06       		.uleb128 0x6
 399 00e2 A4020000 		.4byte	.LASF19
 400 00e6 01       		.byte	0x1
 401 00e7 2D       		.byte	0x2d
 402 00e8 B3000000 		.4byte	0xb3
 403 00ec 02       		.uleb128 0x2
 404 00ed 91       		.byte	0x91
 405 00ee 70       		.sleb128 -16
 406 00ef 07       		.uleb128 0x7
 407 00f0 F8000000 		.4byte	.LBB2
 408 00f4 2C000000 		.4byte	.LBE2-.LBB2
 409 00f8 27010000 		.4byte	0x127
 410 00fc 08       		.uleb128 0x8
 411 00fd 18010000 		.4byte	.LASF53
 412 0101 01       		.byte	0x1
 413 0102 8F       		.byte	0x8f
 414 0103 A4020000 		.4byte	0x2a4
 415 0107 09       		.uleb128 0x9
 416 0108 FC000000 		.4byte	.LVL28
 417 010c 2A030000 		.4byte	0x32a
 418 0110 0A       		.uleb128 0xa
 419 0111 04010000 		.4byte	.LVL29
 420 0115 35030000 		.4byte	0x335
 421 0119 0B       		.uleb128 0xb
ARM GAS  C:\Users\ibrah\AppData\Local\Temp\ccc2q6Yc.s 			page 11


 422 011a 01       		.uleb128 0x1
 423 011b 50       		.byte	0x50
 424 011c 02       		.uleb128 0x2
 425 011d 91       		.byte	0x91
 426 011e 74       		.sleb128 -12
 427 011f 0B       		.uleb128 0xb
 428 0120 01       		.uleb128 0x1
 429 0121 51       		.byte	0x51
 430 0122 02       		.uleb128 0x2
 431 0123 7D       		.byte	0x7d
 432 0124 00       		.sleb128 0
 433 0125 00       		.byte	0
 434 0126 00       		.byte	0
 435 0127 09       		.uleb128 0x9
 436 0128 08000000 		.4byte	.LVL0
 437 012c 40030000 		.4byte	0x340
 438 0130 09       		.uleb128 0x9
 439 0131 0E000000 		.4byte	.LVL1
 440 0135 4B030000 		.4byte	0x34b
 441 0139 0C       		.uleb128 0xc
 442 013a 14000000 		.4byte	.LVL2
 443 013e 56030000 		.4byte	0x356
 444 0142 50010000 		.4byte	0x150
 445 0146 0B       		.uleb128 0xb
 446 0147 01       		.uleb128 0x1
 447 0148 50       		.byte	0x50
 448 0149 05       		.uleb128 0x5
 449 014a 03       		.byte	0x3
 450 014b 00000000 		.4byte	.LC0
 451 014f 00       		.byte	0
 452 0150 0C       		.uleb128 0xc
 453 0151 1A000000 		.4byte	.LVL3
 454 0155 56030000 		.4byte	0x356
 455 0159 67010000 		.4byte	0x167
 456 015d 0B       		.uleb128 0xb
 457 015e 01       		.uleb128 0x1
 458 015f 50       		.byte	0x50
 459 0160 05       		.uleb128 0x5
 460 0161 03       		.byte	0x3
 461 0162 08000000 		.4byte	.LC1
 462 0166 00       		.byte	0
 463 0167 09       		.uleb128 0x9
 464 0168 1E000000 		.4byte	.LVL4
 465 016c 61030000 		.4byte	0x361
 466 0170 09       		.uleb128 0x9
 467 0171 22000000 		.4byte	.LVL5
 468 0175 6C030000 		.4byte	0x36c
 469 0179 09       		.uleb128 0x9
 470 017a 26000000 		.4byte	.LVL6
 471 017e 77030000 		.4byte	0x377
 472 0182 09       		.uleb128 0x9
 473 0183 2A000000 		.4byte	.LVL7
 474 0187 82030000 		.4byte	0x382
 475 018b 09       		.uleb128 0x9
 476 018c 34000000 		.4byte	.LVL8
 477 0190 8D030000 		.4byte	0x38d
 478 0194 09       		.uleb128 0x9
ARM GAS  C:\Users\ibrah\AppData\Local\Temp\ccc2q6Yc.s 			page 12


 479 0195 38000000 		.4byte	.LVL9
 480 0199 98030000 		.4byte	0x398
 481 019d 0C       		.uleb128 0xc
 482 019e 3E000000 		.4byte	.LVL10
 483 01a2 A3030000 		.4byte	0x3a3
 484 01a6 B4010000 		.4byte	0x1b4
 485 01aa 0B       		.uleb128 0xb
 486 01ab 01       		.uleb128 0x1
 487 01ac 50       		.byte	0x50
 488 01ad 05       		.uleb128 0x5
 489 01ae 03       		.byte	0x3
 490 01af 10000000 		.4byte	.LC2
 491 01b3 00       		.byte	0
 492 01b4 0C       		.uleb128 0xc
 493 01b5 46000000 		.4byte	.LVL11
 494 01b9 AE030000 		.4byte	0x3ae
 495 01bd C9010000 		.4byte	0x1c9
 496 01c1 0B       		.uleb128 0xb
 497 01c2 01       		.uleb128 0x1
 498 01c3 50       		.byte	0x50
 499 01c4 03       		.uleb128 0x3
 500 01c5 0A       		.byte	0xa
 501 01c6 E803     		.2byte	0x3e8
 502 01c8 00       		.byte	0
 503 01c9 0C       		.uleb128 0xc
 504 01ca 4C000000 		.4byte	.LVL12
 505 01ce B9030000 		.4byte	0x3b9
 506 01d2 DC010000 		.4byte	0x1dc
 507 01d6 0B       		.uleb128 0xb
 508 01d7 01       		.uleb128 0x1
 509 01d8 50       		.byte	0x50
 510 01d9 01       		.uleb128 0x1
 511 01da 31       		.byte	0x31
 512 01db 00       		.byte	0
 513 01dc 09       		.uleb128 0x9
 514 01dd 50000000 		.4byte	.LVL13
 515 01e1 C4030000 		.4byte	0x3c4
 516 01e5 09       		.uleb128 0x9
 517 01e6 58000000 		.4byte	.LVL14
 518 01ea CF030000 		.4byte	0x3cf
 519 01ee 09       		.uleb128 0x9
 520 01ef 62000000 		.4byte	.LVL15
 521 01f3 DA030000 		.4byte	0x3da
 522 01f7 0C       		.uleb128 0xc
 523 01f8 6A000000 		.4byte	.LVL16
 524 01fc AE030000 		.4byte	0x3ae
 525 0200 0C020000 		.4byte	0x20c
 526 0204 0B       		.uleb128 0xb
 527 0205 01       		.uleb128 0x1
 528 0206 50       		.byte	0x50
 529 0207 03       		.uleb128 0x3
 530 0208 0A       		.byte	0xa
 531 0209 F401     		.2byte	0x1f4
 532 020b 00       		.byte	0
 533 020c 09       		.uleb128 0x9
 534 020d 6E000000 		.4byte	.LVL17
 535 0211 82030000 		.4byte	0x382
ARM GAS  C:\Users\ibrah\AppData\Local\Temp\ccc2q6Yc.s 			page 13


 536 0215 09       		.uleb128 0x9
 537 0216 90000000 		.4byte	.LVL18
 538 021a E5030000 		.4byte	0x3e5
 539 021e 09       		.uleb128 0x9
 540 021f 9C000000 		.4byte	.LVL19
 541 0223 F0030000 		.4byte	0x3f0
 542 0227 0C       		.uleb128 0xc
 543 0228 B4000000 		.4byte	.LVL20
 544 022c FB030000 		.4byte	0x3fb
 545 0230 41020000 		.4byte	0x241
 546 0234 0B       		.uleb128 0xb
 547 0235 01       		.uleb128 0x1
 548 0236 50       		.byte	0x50
 549 0237 02       		.uleb128 0x2
 550 0238 91       		.byte	0x91
 551 0239 74       		.sleb128 -12
 552 023a 0B       		.uleb128 0xb
 553 023b 01       		.uleb128 0x1
 554 023c 51       		.byte	0x51
 555 023d 02       		.uleb128 0x2
 556 023e 7D       		.byte	0x7d
 557 023f 00       		.sleb128 0
 558 0240 00       		.byte	0
 559 0241 09       		.uleb128 0x9
 560 0242 B8000000 		.4byte	.LVL21
 561 0246 06040000 		.4byte	0x406
 562 024a 09       		.uleb128 0x9
 563 024b BC000000 		.4byte	.LVL22
 564 024f 11040000 		.4byte	0x411
 565 0253 09       		.uleb128 0x9
 566 0254 C8000000 		.4byte	.LVL23
 567 0258 82030000 		.4byte	0x382
 568 025c 09       		.uleb128 0x9
 569 025d D2000000 		.4byte	.LVL24
 570 0261 1C040000 		.4byte	0x41c
 571 0265 0C       		.uleb128 0xc
 572 0266 DE000000 		.4byte	.LVL25
 573 026a FB030000 		.4byte	0x3fb
 574 026e 7F020000 		.4byte	0x27f
 575 0272 0B       		.uleb128 0xb
 576 0273 01       		.uleb128 0x1
 577 0274 50       		.byte	0x50
 578 0275 02       		.uleb128 0x2
 579 0276 91       		.byte	0x91
 580 0277 74       		.sleb128 -12
 581 0278 0B       		.uleb128 0xb
 582 0279 01       		.uleb128 0x1
 583 027a 51       		.byte	0x51
 584 027b 02       		.uleb128 0x2
 585 027c 7D       		.byte	0x7d
 586 027d 00       		.sleb128 0
 587 027e 00       		.byte	0
 588 027f 0C       		.uleb128 0xc
 589 0280 E4000000 		.4byte	.LVL26
 590 0284 27040000 		.4byte	0x427
 591 0288 93020000 		.4byte	0x293
 592 028c 0B       		.uleb128 0xb
ARM GAS  C:\Users\ibrah\AppData\Local\Temp\ccc2q6Yc.s 			page 14


 593 028d 01       		.uleb128 0x1
 594 028e 50       		.byte	0x50
 595 028f 02       		.uleb128 0x2
 596 0290 91       		.byte	0x91
 597 0291 74       		.sleb128 -12
 598 0292 00       		.byte	0
 599 0293 0A       		.uleb128 0xa
 600 0294 EA000000 		.4byte	.LVL27
 601 0298 32040000 		.4byte	0x432
 602 029c 0B       		.uleb128 0xb
 603 029d 01       		.uleb128 0x1
 604 029e 50       		.byte	0x50
 605 029f 02       		.uleb128 0x2
 606 02a0 7D       		.byte	0x7d
 607 02a1 00       		.sleb128 0
 608 02a2 00       		.byte	0
 609 02a3 00       		.byte	0
 610 02a4 0D       		.uleb128 0xd
 611 02a5 8F000000 		.4byte	0x8f
 612 02a9 B4020000 		.4byte	0x2b4
 613 02ad 0E       		.uleb128 0xe
 614 02ae 88000000 		.4byte	0x88
 615 02b2 31       		.byte	0x31
 616 02b3 00       		.byte	0
 617 02b4 0F       		.uleb128 0xf
 618 02b5 EB010000 		.4byte	.LASF20
 619 02b9 04       		.byte	0x4
 620 02ba 1207     		.2byte	0x712
 621 02bc C0020000 		.4byte	0x2c0
 622 02c0 10       		.uleb128 0x10
 623 02c1 A1000000 		.4byte	0xa1
 624 02c5 11       		.uleb128 0x11
 625 02c6 C5000000 		.4byte	.LASF21
 626 02ca 01       		.byte	0x1
 627 02cb 0D       		.byte	0xd
 628 02cc A4020000 		.4byte	0x2a4
 629 02d0 05       		.uleb128 0x5
 630 02d1 03       		.byte	0x3
 631 02d2 00000000 		.4byte	detect
 632 02d6 12       		.uleb128 0x12
 633 02d7 73773100 		.ascii	"sw1\000"
 634 02db 01       		.byte	0x1
 635 02dc 0F       		.byte	0xf
 636 02dd 96000000 		.4byte	0x96
 637 02e1 05       		.uleb128 0x5
 638 02e2 03       		.byte	0x3
 639 02e3 00000000 		.4byte	sw1
 640 02e7 12       		.uleb128 0x12
 641 02e8 73773200 		.ascii	"sw2\000"
 642 02ec 01       		.byte	0x1
 643 02ed 10       		.byte	0x10
 644 02ee 96000000 		.4byte	0x96
 645 02f2 05       		.uleb128 0x5
 646 02f3 03       		.byte	0x3
 647 02f4 00000000 		.4byte	sw2
 648 02f8 11       		.uleb128 0x11
 649 02f9 4B020000 		.4byte	.LASF22
ARM GAS  C:\Users\ibrah\AppData\Local\Temp\ccc2q6Yc.s 			page 15


 650 02fd 01       		.byte	0x1
 651 02fe 11       		.byte	0x11
 652 02ff 96000000 		.4byte	0x96
 653 0303 05       		.uleb128 0x5
 654 0304 03       		.byte	0x3
 655 0305 00000000 		.4byte	mode
 656 0309 11       		.uleb128 0x11
 657 030a F4020000 		.4byte	.LASF23
 658 030e 01       		.byte	0x1
 659 030f 12       		.byte	0x12
 660 0310 96000000 		.4byte	0x96
 661 0314 05       		.uleb128 0x5
 662 0315 03       		.byte	0x3
 663 0316 00000000 		.4byte	just_switched
 664 031a 12       		.uleb128 0x12
 665 031b 696900   		.ascii	"ii\000"
 666 031e 01       		.byte	0x1
 667 031f 13       		.byte	0x13
 668 0320 25000000 		.4byte	0x25
 669 0324 05       		.uleb128 0x5
 670 0325 03       		.byte	0x3
 671 0326 00000000 		.4byte	ii
 672 032a 13       		.uleb128 0x13
 673 032b 9B000000 		.4byte	.LASF24
 674 032f 9B000000 		.4byte	.LASF24
 675 0333 05       		.byte	0x5
 676 0334 61       		.byte	0x61
 677 0335 13       		.uleb128 0x13
 678 0336 DF020000 		.4byte	.LASF25
 679 033a DF020000 		.4byte	.LASF25
 680 033e 06       		.byte	0x6
 681 033f 07       		.byte	0x7
 682 0340 13       		.uleb128 0x13
 683 0341 E6000000 		.4byte	.LASF26
 684 0345 E6000000 		.4byte	.LASF26
 685 0349 05       		.byte	0x5
 686 034a 4F       		.byte	0x4f
 687 034b 13       		.uleb128 0x13
 688 034c D3010000 		.4byte	.LASF27
 689 0350 D3010000 		.4byte	.LASF27
 690 0354 07       		.byte	0x7
 691 0355 54       		.byte	0x54
 692 0356 13       		.uleb128 0x13
 693 0357 1D030000 		.4byte	.LASF28
 694 035b 1D030000 		.4byte	.LASF28
 695 035f 07       		.byte	0x7
 696 0360 8B       		.byte	0x8b
 697 0361 13       		.uleb128 0x13
 698 0362 AD000000 		.4byte	.LASF29
 699 0366 AD000000 		.4byte	.LASF29
 700 036a 08       		.byte	0x8
 701 036b 19       		.byte	0x19
 702 036c 13       		.uleb128 0x13
 703 036d 0E030000 		.4byte	.LASF30
 704 0371 0E030000 		.4byte	.LASF30
 705 0375 08       		.byte	0x8
 706 0376 23       		.byte	0x23
ARM GAS  C:\Users\ibrah\AppData\Local\Temp\ccc2q6Yc.s 			page 16


 707 0377 13       		.uleb128 0x13
 708 0378 DE010000 		.4byte	.LASF31
 709 037c DE010000 		.4byte	.LASF31
 710 0380 05       		.byte	0x5
 711 0381 52       		.byte	0x52
 712 0382 13       		.uleb128 0x13
 713 0383 D4000000 		.4byte	.LASF32
 714 0387 D4000000 		.4byte	.LASF32
 715 038b 05       		.byte	0x5
 716 038c 5A       		.byte	0x5a
 717 038d 13       		.uleb128 0x13
 718 038e 34030000 		.4byte	.LASF33
 719 0392 34030000 		.4byte	.LASF33
 720 0396 05       		.byte	0x5
 721 0397 54       		.byte	0x54
 722 0398 13       		.uleb128 0x13
 723 0399 7C000000 		.4byte	.LASF34
 724 039d 7C000000 		.4byte	.LASF34
 725 03a1 09       		.byte	0x9
 726 03a2 38       		.byte	0x38
 727 03a3 13       		.uleb128 0x13
 728 03a4 0F020000 		.4byte	.LASF35
 729 03a8 0F020000 		.4byte	.LASF35
 730 03ac 09       		.byte	0x9
 731 03ad 3C       		.byte	0x3c
 732 03ae 13       		.uleb128 0x13
 733 03af 2C030000 		.4byte	.LASF36
 734 03b3 2C030000 		.4byte	.LASF36
 735 03b7 0A       		.byte	0xa
 736 03b8 76       		.byte	0x76
 737 03b9 13       		.uleb128 0x13
 738 03ba 6B000000 		.4byte	.LASF37
 739 03be 6B000000 		.4byte	.LASF37
 740 03c2 09       		.byte	0x9
 741 03c3 3A       		.byte	0x3a
 742 03c4 13       		.uleb128 0x13
 743 03c5 50020000 		.4byte	.LASF38
 744 03c9 50020000 		.4byte	.LASF38
 745 03cd 0B       		.byte	0xb
 746 03ce 29       		.byte	0x29
 747 03cf 13       		.uleb128 0x13
 748 03d0 13000000 		.4byte	.LASF39
 749 03d4 13000000 		.4byte	.LASF39
 750 03d8 0C       		.byte	0xc
 751 03d9 29       		.byte	0x29
 752 03da 13       		.uleb128 0x13
 753 03db 59020000 		.4byte	.LASF40
 754 03df 59020000 		.4byte	.LASF40
 755 03e3 08       		.byte	0x8
 756 03e4 17       		.byte	0x17
 757 03e5 13       		.uleb128 0x13
 758 03e6 B4020000 		.4byte	.LASF41
 759 03ea B4020000 		.4byte	.LASF41
 760 03ee 06       		.byte	0x6
 761 03ef 0A       		.byte	0xa
 762 03f0 13       		.uleb128 0x13
 763 03f1 86000000 		.4byte	.LASF42
ARM GAS  C:\Users\ibrah\AppData\Local\Temp\ccc2q6Yc.s 			page 17


 764 03f5 86000000 		.4byte	.LASF42
 765 03f9 06       		.byte	0x6
 766 03fa 0B       		.byte	0xb
 767 03fb 13       		.uleb128 0x13
 768 03fc FC000000 		.4byte	.LASF43
 769 0400 FC000000 		.4byte	.LASF43
 770 0404 05       		.byte	0x5
 771 0405 64       		.byte	0x64
 772 0406 13       		.uleb128 0x13
 773 0407 1C000000 		.4byte	.LASF44
 774 040b 1C000000 		.4byte	.LASF44
 775 040f 08       		.byte	0x8
 776 0410 26       		.byte	0x26
 777 0411 13       		.uleb128 0x13
 778 0412 30000000 		.4byte	.LASF45
 779 0416 30000000 		.4byte	.LASF45
 780 041a 08       		.byte	0x8
 781 041b 27       		.byte	0x27
 782 041c 13       		.uleb128 0x13
 783 041d 82020000 		.4byte	.LASF46
 784 0421 82020000 		.4byte	.LASF46
 785 0425 05       		.byte	0x5
 786 0426 58       		.byte	0x58
 787 0427 13       		.uleb128 0x13
 788 0428 00000000 		.4byte	.LASF47
 789 042c 00000000 		.4byte	.LASF47
 790 0430 08       		.byte	0x8
 791 0431 1E       		.byte	0x1e
 792 0432 13       		.uleb128 0x13
 793 0433 C3020000 		.4byte	.LASF48
 794 0437 C3020000 		.4byte	.LASF48
 795 043b 08       		.byte	0x8
 796 043c 1F       		.byte	0x1f
 797 043d 00       		.byte	0
 798              		.section	.debug_abbrev,"",%progbits
 799              	.Ldebug_abbrev0:
 800 0000 01       		.uleb128 0x1
 801 0001 11       		.uleb128 0x11
 802 0002 01       		.byte	0x1
 803 0003 25       		.uleb128 0x25
 804 0004 0E       		.uleb128 0xe
 805 0005 13       		.uleb128 0x13
 806 0006 0B       		.uleb128 0xb
 807 0007 03       		.uleb128 0x3
 808 0008 0E       		.uleb128 0xe
 809 0009 1B       		.uleb128 0x1b
 810 000a 0E       		.uleb128 0xe
 811 000b 55       		.uleb128 0x55
 812 000c 17       		.uleb128 0x17
 813 000d 11       		.uleb128 0x11
 814 000e 01       		.uleb128 0x1
 815 000f 10       		.uleb128 0x10
 816 0010 17       		.uleb128 0x17
 817 0011 00       		.byte	0
 818 0012 00       		.byte	0
 819 0013 02       		.uleb128 0x2
 820 0014 24       		.uleb128 0x24
ARM GAS  C:\Users\ibrah\AppData\Local\Temp\ccc2q6Yc.s 			page 18


 821 0015 00       		.byte	0
 822 0016 0B       		.uleb128 0xb
 823 0017 0B       		.uleb128 0xb
 824 0018 3E       		.uleb128 0x3e
 825 0019 0B       		.uleb128 0xb
 826 001a 03       		.uleb128 0x3
 827 001b 08       		.uleb128 0x8
 828 001c 00       		.byte	0
 829 001d 00       		.byte	0
 830 001e 03       		.uleb128 0x3
 831 001f 24       		.uleb128 0x24
 832 0020 00       		.byte	0
 833 0021 0B       		.uleb128 0xb
 834 0022 0B       		.uleb128 0xb
 835 0023 3E       		.uleb128 0x3e
 836 0024 0B       		.uleb128 0xb
 837 0025 03       		.uleb128 0x3
 838 0026 0E       		.uleb128 0xe
 839 0027 00       		.byte	0
 840 0028 00       		.byte	0
 841 0029 04       		.uleb128 0x4
 842 002a 16       		.uleb128 0x16
 843 002b 00       		.byte	0
 844 002c 03       		.uleb128 0x3
 845 002d 0E       		.uleb128 0xe
 846 002e 3A       		.uleb128 0x3a
 847 002f 0B       		.uleb128 0xb
 848 0030 3B       		.uleb128 0x3b
 849 0031 0B       		.uleb128 0xb
 850 0032 49       		.uleb128 0x49
 851 0033 13       		.uleb128 0x13
 852 0034 00       		.byte	0
 853 0035 00       		.byte	0
 854 0036 05       		.uleb128 0x5
 855 0037 2E       		.uleb128 0x2e
 856 0038 01       		.byte	0x1
 857 0039 3F       		.uleb128 0x3f
 858 003a 19       		.uleb128 0x19
 859 003b 03       		.uleb128 0x3
 860 003c 0E       		.uleb128 0xe
 861 003d 3A       		.uleb128 0x3a
 862 003e 0B       		.uleb128 0xb
 863 003f 3B       		.uleb128 0x3b
 864 0040 0B       		.uleb128 0xb
 865 0041 27       		.uleb128 0x27
 866 0042 19       		.uleb128 0x19
 867 0043 49       		.uleb128 0x49
 868 0044 13       		.uleb128 0x13
 869 0045 8701     		.uleb128 0x87
 870 0047 19       		.uleb128 0x19
 871 0048 11       		.uleb128 0x11
 872 0049 01       		.uleb128 0x1
 873 004a 12       		.uleb128 0x12
 874 004b 06       		.uleb128 0x6
 875 004c 40       		.uleb128 0x40
 876 004d 18       		.uleb128 0x18
 877 004e 9742     		.uleb128 0x2117
ARM GAS  C:\Users\ibrah\AppData\Local\Temp\ccc2q6Yc.s 			page 19


 878 0050 19       		.uleb128 0x19
 879 0051 01       		.uleb128 0x1
 880 0052 13       		.uleb128 0x13
 881 0053 00       		.byte	0
 882 0054 00       		.byte	0
 883 0055 06       		.uleb128 0x6
 884 0056 34       		.uleb128 0x34
 885 0057 00       		.byte	0
 886 0058 03       		.uleb128 0x3
 887 0059 0E       		.uleb128 0xe
 888 005a 3A       		.uleb128 0x3a
 889 005b 0B       		.uleb128 0xb
 890 005c 3B       		.uleb128 0x3b
 891 005d 0B       		.uleb128 0xb
 892 005e 49       		.uleb128 0x49
 893 005f 13       		.uleb128 0x13
 894 0060 02       		.uleb128 0x2
 895 0061 18       		.uleb128 0x18
 896 0062 00       		.byte	0
 897 0063 00       		.byte	0
 898 0064 07       		.uleb128 0x7
 899 0065 0B       		.uleb128 0xb
 900 0066 01       		.byte	0x1
 901 0067 11       		.uleb128 0x11
 902 0068 01       		.uleb128 0x1
 903 0069 12       		.uleb128 0x12
 904 006a 06       		.uleb128 0x6
 905 006b 01       		.uleb128 0x1
 906 006c 13       		.uleb128 0x13
 907 006d 00       		.byte	0
 908 006e 00       		.byte	0
 909 006f 08       		.uleb128 0x8
 910 0070 34       		.uleb128 0x34
 911 0071 00       		.byte	0
 912 0072 03       		.uleb128 0x3
 913 0073 0E       		.uleb128 0xe
 914 0074 3A       		.uleb128 0x3a
 915 0075 0B       		.uleb128 0xb
 916 0076 3B       		.uleb128 0x3b
 917 0077 0B       		.uleb128 0xb
 918 0078 49       		.uleb128 0x49
 919 0079 13       		.uleb128 0x13
 920 007a 00       		.byte	0
 921 007b 00       		.byte	0
 922 007c 09       		.uleb128 0x9
 923 007d 898201   		.uleb128 0x4109
 924 0080 00       		.byte	0
 925 0081 11       		.uleb128 0x11
 926 0082 01       		.uleb128 0x1
 927 0083 31       		.uleb128 0x31
 928 0084 13       		.uleb128 0x13
 929 0085 00       		.byte	0
 930 0086 00       		.byte	0
 931 0087 0A       		.uleb128 0xa
 932 0088 898201   		.uleb128 0x4109
 933 008b 01       		.byte	0x1
 934 008c 11       		.uleb128 0x11
ARM GAS  C:\Users\ibrah\AppData\Local\Temp\ccc2q6Yc.s 			page 20


 935 008d 01       		.uleb128 0x1
 936 008e 31       		.uleb128 0x31
 937 008f 13       		.uleb128 0x13
 938 0090 00       		.byte	0
 939 0091 00       		.byte	0
 940 0092 0B       		.uleb128 0xb
 941 0093 8A8201   		.uleb128 0x410a
 942 0096 00       		.byte	0
 943 0097 02       		.uleb128 0x2
 944 0098 18       		.uleb128 0x18
 945 0099 9142     		.uleb128 0x2111
 946 009b 18       		.uleb128 0x18
 947 009c 00       		.byte	0
 948 009d 00       		.byte	0
 949 009e 0C       		.uleb128 0xc
 950 009f 898201   		.uleb128 0x4109
 951 00a2 01       		.byte	0x1
 952 00a3 11       		.uleb128 0x11
 953 00a4 01       		.uleb128 0x1
 954 00a5 31       		.uleb128 0x31
 955 00a6 13       		.uleb128 0x13
 956 00a7 01       		.uleb128 0x1
 957 00a8 13       		.uleb128 0x13
 958 00a9 00       		.byte	0
 959 00aa 00       		.byte	0
 960 00ab 0D       		.uleb128 0xd
 961 00ac 01       		.uleb128 0x1
 962 00ad 01       		.byte	0x1
 963 00ae 49       		.uleb128 0x49
 964 00af 13       		.uleb128 0x13
 965 00b0 01       		.uleb128 0x1
 966 00b1 13       		.uleb128 0x13
 967 00b2 00       		.byte	0
 968 00b3 00       		.byte	0
 969 00b4 0E       		.uleb128 0xe
 970 00b5 21       		.uleb128 0x21
 971 00b6 00       		.byte	0
 972 00b7 49       		.uleb128 0x49
 973 00b8 13       		.uleb128 0x13
 974 00b9 2F       		.uleb128 0x2f
 975 00ba 0B       		.uleb128 0xb
 976 00bb 00       		.byte	0
 977 00bc 00       		.byte	0
 978 00bd 0F       		.uleb128 0xf
 979 00be 34       		.uleb128 0x34
 980 00bf 00       		.byte	0
 981 00c0 03       		.uleb128 0x3
 982 00c1 0E       		.uleb128 0xe
 983 00c2 3A       		.uleb128 0x3a
 984 00c3 0B       		.uleb128 0xb
 985 00c4 3B       		.uleb128 0x3b
 986 00c5 05       		.uleb128 0x5
 987 00c6 49       		.uleb128 0x49
 988 00c7 13       		.uleb128 0x13
 989 00c8 3F       		.uleb128 0x3f
 990 00c9 19       		.uleb128 0x19
 991 00ca 3C       		.uleb128 0x3c
ARM GAS  C:\Users\ibrah\AppData\Local\Temp\ccc2q6Yc.s 			page 21


 992 00cb 19       		.uleb128 0x19
 993 00cc 00       		.byte	0
 994 00cd 00       		.byte	0
 995 00ce 10       		.uleb128 0x10
 996 00cf 35       		.uleb128 0x35
 997 00d0 00       		.byte	0
 998 00d1 49       		.uleb128 0x49
 999 00d2 13       		.uleb128 0x13
 1000 00d3 00       		.byte	0
 1001 00d4 00       		.byte	0
 1002 00d5 11       		.uleb128 0x11
 1003 00d6 34       		.uleb128 0x34
 1004 00d7 00       		.byte	0
 1005 00d8 03       		.uleb128 0x3
 1006 00d9 0E       		.uleb128 0xe
 1007 00da 3A       		.uleb128 0x3a
 1008 00db 0B       		.uleb128 0xb
 1009 00dc 3B       		.uleb128 0x3b
 1010 00dd 0B       		.uleb128 0xb
 1011 00de 49       		.uleb128 0x49
 1012 00df 13       		.uleb128 0x13
 1013 00e0 3F       		.uleb128 0x3f
 1014 00e1 19       		.uleb128 0x19
 1015 00e2 02       		.uleb128 0x2
 1016 00e3 18       		.uleb128 0x18
 1017 00e4 00       		.byte	0
 1018 00e5 00       		.byte	0
 1019 00e6 12       		.uleb128 0x12
 1020 00e7 34       		.uleb128 0x34
 1021 00e8 00       		.byte	0
 1022 00e9 03       		.uleb128 0x3
 1023 00ea 08       		.uleb128 0x8
 1024 00eb 3A       		.uleb128 0x3a
 1025 00ec 0B       		.uleb128 0xb
 1026 00ed 3B       		.uleb128 0x3b
 1027 00ee 0B       		.uleb128 0xb
 1028 00ef 49       		.uleb128 0x49
 1029 00f0 13       		.uleb128 0x13
 1030 00f1 3F       		.uleb128 0x3f
 1031 00f2 19       		.uleb128 0x19
 1032 00f3 02       		.uleb128 0x2
 1033 00f4 18       		.uleb128 0x18
 1034 00f5 00       		.byte	0
 1035 00f6 00       		.byte	0
 1036 00f7 13       		.uleb128 0x13
 1037 00f8 2E       		.uleb128 0x2e
 1038 00f9 00       		.byte	0
 1039 00fa 3F       		.uleb128 0x3f
 1040 00fb 19       		.uleb128 0x19
 1041 00fc 3C       		.uleb128 0x3c
 1042 00fd 19       		.uleb128 0x19
 1043 00fe 6E       		.uleb128 0x6e
 1044 00ff 0E       		.uleb128 0xe
 1045 0100 03       		.uleb128 0x3
 1046 0101 0E       		.uleb128 0xe
 1047 0102 3A       		.uleb128 0x3a
 1048 0103 0B       		.uleb128 0xb
ARM GAS  C:\Users\ibrah\AppData\Local\Temp\ccc2q6Yc.s 			page 22


 1049 0104 3B       		.uleb128 0x3b
 1050 0105 0B       		.uleb128 0xb
 1051 0106 00       		.byte	0
 1052 0107 00       		.byte	0
 1053 0108 00       		.byte	0
 1054              		.section	.debug_aranges,"",%progbits
 1055 0000 1C000000 		.4byte	0x1c
 1056 0004 0200     		.2byte	0x2
 1057 0006 00000000 		.4byte	.Ldebug_info0
 1058 000a 04       		.byte	0x4
 1059 000b 00       		.byte	0
 1060 000c 0000     		.2byte	0
 1061 000e 0000     		.2byte	0
 1062 0010 00000000 		.4byte	.LFB64
 1063 0014 24010000 		.4byte	.LFE64-.LFB64
 1064 0018 00000000 		.4byte	0
 1065 001c 00000000 		.4byte	0
 1066              		.section	.debug_ranges,"",%progbits
 1067              	.Ldebug_ranges0:
 1068 0000 00000000 		.4byte	.LFB64
 1069 0004 24010000 		.4byte	.LFE64
 1070 0008 00000000 		.4byte	0
 1071 000c 00000000 		.4byte	0
 1072              		.section	.debug_line,"",%progbits
 1073              	.Ldebug_line0:
 1074 0000 E3010000 		.section	.debug_str,"MS",%progbits,1
 1074      02009E01 
 1074      00000201 
 1074      FB0E0D00 
 1074      01010101 
 1075              	.LASF47:
 1076 0000 4D505536 		.ascii	"MPU6050_MoveServo1\000"
 1076      3035305F 
 1076      4D6F7665 
 1076      53657276 
 1076      6F3100
 1077              	.LASF39:
 1078 0013 5357325F 		.ascii	"SW2_Read\000"
 1078      52656164 
 1078      00
 1079              	.LASF44:
 1080 001c 4A6F7973 		.ascii	"Joystick_MoveServo1\000"
 1080      7469636B 
 1080      5F4D6F76 
 1080      65536572 
 1080      766F3100 
 1081              	.LASF45:
 1082 0030 4A6F7973 		.ascii	"Joystick_MoveServo2\000"
 1082      7469636B 
 1082      5F4D6F76 
 1082      65536572 
 1082      766F3200 
 1083              	.LASF51:
 1084 0044 433A5C64 		.ascii	"C:\\dev\\gimbal2d\\Gimbal.cydsn\000"
 1084      65765C67 
 1084      696D6261 
 1084      6C32645C 
ARM GAS  C:\Users\ibrah\AppData\Local\Temp\ccc2q6Yc.s 			page 23


 1084      47696D62 
 1085              	.LASF7:
 1086 0061 5F5F7569 		.ascii	"__uint8_t\000"
 1086      6E74385F 
 1086      7400
 1087              	.LASF37:
 1088 006b 4C43445F 		.ascii	"LCD_WriteControl\000"
 1088      57726974 
 1088      65436F6E 
 1088      74726F6C 
 1088      00
 1089              	.LASF34:
 1090 007c 4C43445F 		.ascii	"LCD_Start\000"
 1090      53746172 
 1090      7400
 1091              	.LASF42:
 1092 0086 5365744F 		.ascii	"SetOffLEDs\000"
 1092      66664C45 
 1092      447300
 1093              	.LASF8:
 1094 0091 5F5F696E 		.ascii	"__int32_t\000"
 1094      7433325F 
 1094      7400
 1095              	.LASF24:
 1096 009b 4D505536 		.ascii	"MPU6050_PrintData\000"
 1096      3035305F 
 1096      5072696E 
 1096      74446174 
 1096      6100
 1097              	.LASF29:
 1098 00ad 496E6974 		.ascii	"InitializeServos\000"
 1098      69616C69 
 1098      7A655365 
 1098      72766F73 
 1098      00
 1099              	.LASF16:
 1100 00be 646F7562 		.ascii	"double\000"
 1100      6C6500
 1101              	.LASF21:
 1102 00c5 64657465 		.ascii	"detect\000"
 1102      637400
 1103              	.LASF15:
 1104 00cc 696E7433 		.ascii	"int32_t\000"
 1104      325F7400 
 1105              	.LASF32:
 1106 00d4 4D505536 		.ascii	"MPU6050_Calibrate\000"
 1106      3035305F 
 1106      43616C69 
 1106      62726174 
 1106      6500
 1107              	.LASF26:
 1108 00e6 4D505536 		.ascii	"MPU6050_PreInit\000"
 1108      3035305F 
 1108      50726549 
 1108      6E697400 
 1109              	.LASF17:
 1110 00f6 666C6F61 		.ascii	"float\000"
ARM GAS  C:\Users\ibrah\AppData\Local\Temp\ccc2q6Yc.s 			page 24


 1110      7400
 1111              	.LASF43:
 1112 00fc 4D505536 		.ascii	"MPU6050_GetData\000"
 1112      3035305F 
 1112      47657444 
 1112      61746100 
 1113              	.LASF3:
 1114 010c 7369676E 		.ascii	"signed char\000"
 1114      65642063 
 1114      68617200 
 1115              	.LASF53:
 1116 0118 6F726965 		.ascii	"orientation\000"
 1116      6E746174 
 1116      696F6E00 
 1117              	.LASF4:
 1118 0124 756E7369 		.ascii	"unsigned char\000"
 1118      676E6564 
 1118      20636861 
 1118      7200
 1119              	.LASF49:
 1120 0132 474E5520 		.ascii	"GNU C11 5.4.1 20160609 (release) [ARM/embedded-5-br"
 1120      43313120 
 1120      352E342E 
 1120      31203230 
 1120      31363036 
 1121 0165 616E6368 		.ascii	"anch revision 237715] -mcpu=cortex-m3 -mthumb -g -O"
 1121      20726576 
 1121      6973696F 
 1121      6E203233 
 1121      37373135 
 1122 0198 67202D66 		.ascii	"g -ffunction-sections -ffat-lto-objects\000"
 1122      66756E63 
 1122      74696F6E 
 1122      2D736563 
 1122      74696F6E 
 1123              	.LASF6:
 1124 01c0 73686F72 		.ascii	"short unsigned int\000"
 1124      7420756E 
 1124      7369676E 
 1124      65642069 
 1124      6E7400
 1125              	.LASF27:
 1126 01d3 55415254 		.ascii	"UART_Start\000"
 1126      5F537461 
 1126      727400
 1127              	.LASF31:
 1128 01de 4D505536 		.ascii	"MPU6050_Init\000"
 1128      3035305F 
 1128      496E6974 
 1128      00
 1129              	.LASF20:
 1130 01eb 49544D5F 		.ascii	"ITM_RxBuffer\000"
 1130      52784275 
 1130      66666572 
 1130      00
 1131              	.LASF10:
 1132 01f8 6C6F6E67 		.ascii	"long unsigned int\000"
ARM GAS  C:\Users\ibrah\AppData\Local\Temp\ccc2q6Yc.s 			page 25


 1132      20756E73 
 1132      69676E65 
 1132      6420696E 
 1132      7400
 1133              	.LASF52:
 1134 020a 6D61696E 		.ascii	"main\000"
 1134      00
 1135              	.LASF35:
 1136 020f 4C43445F 		.ascii	"LCD_PrintString\000"
 1136      5072696E 
 1136      74537472 
 1136      696E6700 
 1137              	.LASF0:
 1138 021f 756E7369 		.ascii	"unsigned int\000"
 1138      676E6564 
 1138      20696E74 
 1138      00
 1139              	.LASF11:
 1140 022c 6C6F6E67 		.ascii	"long long unsigned int\000"
 1140      206C6F6E 
 1140      6720756E 
 1140      7369676E 
 1140      65642069 
 1141              	.LASF14:
 1142 0243 75696E74 		.ascii	"uint8_t\000"
 1142      385F7400 
 1143              	.LASF22:
 1144 024b 6D6F6465 		.ascii	"mode\000"
 1144      00
 1145              	.LASF38:
 1146 0250 5357315F 		.ascii	"SW1_Read\000"
 1146      52656164 
 1146      00
 1147              	.LASF40:
 1148 0259 4D6F7665 		.ascii	"MoveServosToStart\000"
 1148      53657276 
 1148      6F73546F 
 1148      53746172 
 1148      7400
 1149              	.LASF12:
 1150 026b 73697A65 		.ascii	"sizetype\000"
 1150      74797065 
 1150      00
 1151              	.LASF1:
 1152 0274 6C6F6E67 		.ascii	"long long int\000"
 1152      206C6F6E 
 1152      6720696E 
 1152      7400
 1153              	.LASF46:
 1154 0282 4D505536 		.ascii	"MPU6050_DataAvailable\000"
 1154      3035305F 
 1154      44617461 
 1154      41766169 
 1154      6C61626C 
 1155              	.LASF50:
 1156 0298 6D61696E 		.ascii	"main.c\000"
 1156      2E6300
ARM GAS  C:\Users\ibrah\AppData\Local\Temp\ccc2q6Yc.s 			page 26


 1157              	.LASF13:
 1158 029f 63686172 		.ascii	"char\000"
 1158      00
 1159              	.LASF19:
 1160 02a4 70697463 		.ascii	"pitch\000"
 1160      6800
 1161              	.LASF5:
 1162 02aa 73686F72 		.ascii	"short int\000"
 1162      7420696E 
 1162      7400
 1163              	.LASF41:
 1164 02b4 5365744F 		.ascii	"SetOnLEDs\000"
 1164      6E4C4544 
 1164      7300
 1165              	.LASF18:
 1166 02be 726F6C6C 		.ascii	"roll\000"
 1166      00
 1167              	.LASF48:
 1168 02c3 4D505536 		.ascii	"MPU6050_MoveServo2\000"
 1168      3035305F 
 1168      4D6F7665 
 1168      53657276 
 1168      6F3200
 1169              	.LASF9:
 1170 02d6 6C6F6E67 		.ascii	"long int\000"
 1170      20696E74 
 1170      00
 1171              	.LASF25:
 1172 02df 4C43445F 		.ascii	"LCD_PrintOrientation\000"
 1172      5072696E 
 1172      744F7269 
 1172      656E7461 
 1172      74696F6E 
 1173              	.LASF23:
 1174 02f4 6A757374 		.ascii	"just_switched\000"
 1174      5F737769 
 1174      74636865 
 1174      6400
 1175              	.LASF2:
 1176 0302 6C6F6E67 		.ascii	"long double\000"
 1176      20646F75 
 1176      626C6500 
 1177              	.LASF30:
 1178 030e 4A6F7973 		.ascii	"Joystick_Start\000"
 1178      7469636B 
 1178      5F537461 
 1178      727400
 1179              	.LASF28:
 1180 031d 55415254 		.ascii	"UART_PutString\000"
 1180      5F507574 
 1180      53747269 
 1180      6E6700
 1181              	.LASF36:
 1182 032c 43794465 		.ascii	"CyDelay\000"
 1182      6C617900 
 1183              	.LASF33:
 1184 0334 4D505536 		.ascii	"MPU6050_Start\000"
ARM GAS  C:\Users\ibrah\AppData\Local\Temp\ccc2q6Yc.s 			page 27


 1184      3035305F 
 1184      53746172 
 1184      7400
 1185              		.ident	"GCC: (GNU Tools for ARM Embedded Processors) 5.4.1 20160609 (release) [ARM/embedded-5-bran
