ARM GAS  C:\Users\ibrah\AppData\Local\Temp\cc8ICvUS.s 			page 1


   1              		.syntax unified
   2              		.cpu cortex-m3
   3              		.fpu softvfp
   4              		.eabi_attribute 20, 1
   5              		.eabi_attribute 21, 1
   6              		.eabi_attribute 23, 3
   7              		.eabi_attribute 24, 1
   8              		.eabi_attribute 25, 1
   9              		.eabi_attribute 26, 1
  10              		.eabi_attribute 30, 1
  11              		.eabi_attribute 34, 1
  12              		.eabi_attribute 18, 4
  13              		.thumb
  14              		.syntax unified
  15              		.file	"utilities.c"
  16              		.text
  17              	.Ltext0:
  18              		.cfi_sections	.debug_frame
  19              		.global	__aeabi_f2iz
  20              		.section	.text.LCD_PrintOrientation,"ax",%progbits
  21              		.align	2
  22              		.global	LCD_PrintOrientation
  23              		.thumb
  24              		.thumb_func
  25              		.type	LCD_PrintOrientation, %function
  26              	LCD_PrintOrientation:
  27              	.LFB64:
  28              		.file 1 "utilities.c"
   1:utilities.c   **** #include <project.h>
   2:utilities.c   **** #include <stdio.h>
   3:utilities.c   **** 
   4:utilities.c   **** 
   5:utilities.c   **** #include "utilities.h"
   6:utilities.c   **** 
   7:utilities.c   **** 
   8:utilities.c   **** 
   9:utilities.c   **** 
  10:utilities.c   **** 
  11:utilities.c   **** char orientation[50] = {0};
  12:utilities.c   **** 
  13:utilities.c   **** 
  14:utilities.c   **** 
  15:utilities.c   **** 
  16:utilities.c   **** uint8 led1_state = 0;
  17:utilities.c   **** uint8 led2_state = 0;
  18:utilities.c   **** uint8 led3_state = 0;
  19:utilities.c   **** uint8 led4_state = 0;
  20:utilities.c   **** 
  21:utilities.c   **** 
  22:utilities.c   **** 
  23:utilities.c   **** 
  24:utilities.c   **** void LCD_PrintOrientation(float* roll, float* pitch)
  25:utilities.c   **** {   
  29              		.loc 1 25 0
  30              		.cfi_startproc
  31              		@ args = 0, pretend = 0, frame = 32
  32              		@ frame_needed = 0, uses_anonymous_args = 0
ARM GAS  C:\Users\ibrah\AppData\Local\Temp\cc8ICvUS.s 			page 2


  33              	.LVL0:
  34 0000 30B5     		push	{r4, r5, lr}
  35              		.cfi_def_cfa_offset 12
  36              		.cfi_offset 4, -12
  37              		.cfi_offset 5, -8
  38              		.cfi_offset 14, -4
  39 0002 89B0     		sub	sp, sp, #36
  40              		.cfi_def_cfa_offset 48
  41 0004 0546     		mov	r5, r0
  42 0006 0C46     		mov	r4, r1
  26:utilities.c   **** 
  27:utilities.c   ****     char orientation[30] = {0};
  43              		.loc 1 27 0
  44 0008 1E22     		movs	r2, #30
  45 000a 0021     		movs	r1, #0
  46              	.LVL1:
  47 000c 6846     		mov	r0, sp
  48              	.LVL2:
  49 000e FFF7FEFF 		bl	memset
  50              	.LVL3:
  28:utilities.c   ****     
  29:utilities.c   ****     LCD_ClearDisplay();
  51              		.loc 1 29 0
  52 0012 0120     		movs	r0, #1
  53 0014 FFF7FEFF 		bl	LCD_WriteControl
  54              	.LVL4:
  30:utilities.c   **** 
  31:utilities.c   ****     sprintf(orientation, "%d/%d", (int)*roll, (int)*pitch);
  55              		.loc 1 31 0
  56 0018 2D68     		ldr	r5, [r5]	@ float
  57              	.LVL5:
  58 001a 2068     		ldr	r0, [r4]	@ float
  59 001c FFF7FEFF 		bl	__aeabi_f2iz
  60              	.LVL6:
  61 0020 0446     		mov	r4, r0
  62              	.LVL7:
  63 0022 2846     		mov	r0, r5
  64 0024 FFF7FEFF 		bl	__aeabi_f2iz
  65              	.LVL8:
  66 0028 2346     		mov	r3, r4
  67 002a 0246     		mov	r2, r0
  68 002c 0449     		ldr	r1, .L3
  69 002e 6846     		mov	r0, sp
  70 0030 FFF7FEFF 		bl	sprintf
  71              	.LVL9:
  32:utilities.c   ****     LCD_PrintString(orientation);
  72              		.loc 1 32 0
  73 0034 6846     		mov	r0, sp
  74 0036 FFF7FEFF 		bl	LCD_PrintString
  75              	.LVL10:
  33:utilities.c   **** 
  34:utilities.c   **** }
  76              		.loc 1 34 0
  77 003a 09B0     		add	sp, sp, #36
  78              		.cfi_def_cfa_offset 12
  79              		@ sp needed
  80 003c 30BD     		pop	{r4, r5, pc}
ARM GAS  C:\Users\ibrah\AppData\Local\Temp\cc8ICvUS.s 			page 3


  81              	.L4:
  82 003e 00BF     		.align	2
  83              	.L3:
  84 0040 00000000 		.word	.LC0
  85              		.cfi_endproc
  86              	.LFE64:
  87              		.size	LCD_PrintOrientation, .-LCD_PrintOrientation
  88              		.section	.text.audi,"ax",%progbits
  89              		.align	2
  90              		.global	audi
  91              		.thumb
  92              		.thumb_func
  93              		.type	audi, %function
  94              	audi:
  95              	.LFB65:
  35:utilities.c   **** 
  36:utilities.c   **** 
  37:utilities.c   **** 
  38:utilities.c   **** 
  39:utilities.c   **** 
  40:utilities.c   **** void audi(){
  96              		.loc 1 40 0
  97              		.cfi_startproc
  98              		@ args = 0, pretend = 0, frame = 0
  99              		@ frame_needed = 0, uses_anonymous_args = 0
 100 0000 08B5     		push	{r3, lr}
 101              		.cfi_def_cfa_offset 8
 102              		.cfi_offset 3, -8
 103              		.cfi_offset 14, -4
  41:utilities.c   ****         LED1_Write(1);
 104              		.loc 1 41 0
 105 0002 0120     		movs	r0, #1
 106 0004 FFF7FEFF 		bl	LED1_Write
 107              	.LVL11:
  42:utilities.c   ****         CyDelay(125);
 108              		.loc 1 42 0
 109 0008 7D20     		movs	r0, #125
 110 000a FFF7FEFF 		bl	CyDelay
 111              	.LVL12:
  43:utilities.c   ****         LED2_Write(1);
 112              		.loc 1 43 0
 113 000e 0120     		movs	r0, #1
 114 0010 FFF7FEFF 		bl	LED2_Write
 115              	.LVL13:
  44:utilities.c   ****         CyDelay(125);
 116              		.loc 1 44 0
 117 0014 7D20     		movs	r0, #125
 118 0016 FFF7FEFF 		bl	CyDelay
 119              	.LVL14:
  45:utilities.c   ****         LED3_Write(1);
 120              		.loc 1 45 0
 121 001a 0120     		movs	r0, #1
 122 001c FFF7FEFF 		bl	LED3_Write
 123              	.LVL15:
  46:utilities.c   ****         CyDelay(125);
 124              		.loc 1 46 0
 125 0020 7D20     		movs	r0, #125
ARM GAS  C:\Users\ibrah\AppData\Local\Temp\cc8ICvUS.s 			page 4


 126 0022 FFF7FEFF 		bl	CyDelay
 127              	.LVL16:
  47:utilities.c   ****         LED4_Write(1);
 128              		.loc 1 47 0
 129 0026 0120     		movs	r0, #1
 130 0028 FFF7FEFF 		bl	LED4_Write
 131              	.LVL17:
  48:utilities.c   ****         CyDelay(125);
 132              		.loc 1 48 0
 133 002c 7D20     		movs	r0, #125
 134 002e FFF7FEFF 		bl	CyDelay
 135              	.LVL18:
  49:utilities.c   ****         
  50:utilities.c   ****         
  51:utilities.c   **** 
  52:utilities.c   ****         LED1_Write(0);
 136              		.loc 1 52 0
 137 0032 0020     		movs	r0, #0
 138 0034 FFF7FEFF 		bl	LED1_Write
 139              	.LVL19:
  53:utilities.c   ****         CyDelay(125);
 140              		.loc 1 53 0
 141 0038 7D20     		movs	r0, #125
 142 003a FFF7FEFF 		bl	CyDelay
 143              	.LVL20:
  54:utilities.c   ****         LED2_Write(0);
 144              		.loc 1 54 0
 145 003e 0020     		movs	r0, #0
 146 0040 FFF7FEFF 		bl	LED2_Write
 147              	.LVL21:
  55:utilities.c   ****         CyDelay(125);
 148              		.loc 1 55 0
 149 0044 7D20     		movs	r0, #125
 150 0046 FFF7FEFF 		bl	CyDelay
 151              	.LVL22:
  56:utilities.c   ****         LED3_Write(0);
 152              		.loc 1 56 0
 153 004a 0020     		movs	r0, #0
 154 004c FFF7FEFF 		bl	LED3_Write
 155              	.LVL23:
  57:utilities.c   ****         CyDelay(125);
 156              		.loc 1 57 0
 157 0050 7D20     		movs	r0, #125
 158 0052 FFF7FEFF 		bl	CyDelay
 159              	.LVL24:
  58:utilities.c   ****         LED4_Write(0);
 160              		.loc 1 58 0
 161 0056 0020     		movs	r0, #0
 162 0058 FFF7FEFF 		bl	LED4_Write
 163              	.LVL25:
  59:utilities.c   ****         CyDelay(125);
 164              		.loc 1 59 0
 165 005c 7D20     		movs	r0, #125
 166 005e FFF7FEFF 		bl	CyDelay
 167              	.LVL26:
 168 0062 08BD     		pop	{r3, pc}
 169              		.cfi_endproc
ARM GAS  C:\Users\ibrah\AppData\Local\Temp\cc8ICvUS.s 			page 5


 170              	.LFE65:
 171              		.size	audi, .-audi
 172              		.section	.text.SetOnLEDs,"ax",%progbits
 173              		.align	2
 174              		.global	SetOnLEDs
 175              		.thumb
 176              		.thumb_func
 177              		.type	SetOnLEDs, %function
 178              	SetOnLEDs:
 179              	.LFB66:
  60:utilities.c   **** }
  61:utilities.c   **** 
  62:utilities.c   **** 
  63:utilities.c   **** 
  64:utilities.c   **** void SetOnLEDs()
  65:utilities.c   **** {
 180              		.loc 1 65 0
 181              		.cfi_startproc
 182              		@ args = 0, pretend = 0, frame = 0
 183              		@ frame_needed = 0, uses_anonymous_args = 0
 184 0000 08B5     		push	{r3, lr}
 185              		.cfi_def_cfa_offset 8
 186              		.cfi_offset 3, -8
 187              		.cfi_offset 14, -4
  66:utilities.c   ****     
  67:utilities.c   ****     LED1_Write(1);
 188              		.loc 1 67 0
 189 0002 0120     		movs	r0, #1
 190 0004 FFF7FEFF 		bl	LED1_Write
 191              	.LVL27:
  68:utilities.c   ****     LED2_Write(1);
 192              		.loc 1 68 0
 193 0008 0120     		movs	r0, #1
 194 000a FFF7FEFF 		bl	LED2_Write
 195              	.LVL28:
  69:utilities.c   ****     LED3_Write(1);
 196              		.loc 1 69 0
 197 000e 0120     		movs	r0, #1
 198 0010 FFF7FEFF 		bl	LED3_Write
 199              	.LVL29:
  70:utilities.c   ****     LED4_Write(1);
 200              		.loc 1 70 0
 201 0014 0120     		movs	r0, #1
 202 0016 FFF7FEFF 		bl	LED4_Write
 203              	.LVL30:
 204 001a 08BD     		pop	{r3, pc}
 205              		.cfi_endproc
 206              	.LFE66:
 207              		.size	SetOnLEDs, .-SetOnLEDs
 208              		.section	.text.SetOffLEDs,"ax",%progbits
 209              		.align	2
 210              		.global	SetOffLEDs
 211              		.thumb
 212              		.thumb_func
 213              		.type	SetOffLEDs, %function
 214              	SetOffLEDs:
 215              	.LFB67:
ARM GAS  C:\Users\ibrah\AppData\Local\Temp\cc8ICvUS.s 			page 6


  71:utilities.c   **** 
  72:utilities.c   **** }
  73:utilities.c   **** 
  74:utilities.c   **** 
  75:utilities.c   **** void SetOffLEDs()
  76:utilities.c   **** {
 216              		.loc 1 76 0
 217              		.cfi_startproc
 218              		@ args = 0, pretend = 0, frame = 0
 219              		@ frame_needed = 0, uses_anonymous_args = 0
 220 0000 08B5     		push	{r3, lr}
 221              		.cfi_def_cfa_offset 8
 222              		.cfi_offset 3, -8
 223              		.cfi_offset 14, -4
  77:utilities.c   ****     
  78:utilities.c   ****     LED1_Write(0);
 224              		.loc 1 78 0
 225 0002 0020     		movs	r0, #0
 226 0004 FFF7FEFF 		bl	LED1_Write
 227              	.LVL31:
  79:utilities.c   ****     LED2_Write(0);
 228              		.loc 1 79 0
 229 0008 0020     		movs	r0, #0
 230 000a FFF7FEFF 		bl	LED2_Write
 231              	.LVL32:
  80:utilities.c   ****     LED3_Write(0);
 232              		.loc 1 80 0
 233 000e 0020     		movs	r0, #0
 234 0010 FFF7FEFF 		bl	LED3_Write
 235              	.LVL33:
  81:utilities.c   ****     LED4_Write(0);
 236              		.loc 1 81 0
 237 0014 0020     		movs	r0, #0
 238 0016 FFF7FEFF 		bl	LED4_Write
 239              	.LVL34:
 240 001a 08BD     		pop	{r3, pc}
 241              		.cfi_endproc
 242              	.LFE67:
 243              		.size	SetOffLEDs, .-SetOffLEDs
 244              		.global	led4_state
 245              		.global	led3_state
 246              		.global	led2_state
 247              		.global	led1_state
 248              		.global	orientation
 249              		.section	.rodata.str1.4,"aMS",%progbits,1
 250              		.align	2
 251              	.LC0:
 252 0000 25642F25 		.ascii	"%d/%d\000"
 252      6400
 253              		.bss
 254              		.align	2
 255              		.type	led4_state, %object
 256              		.size	led4_state, 1
 257              	led4_state:
 258 0000 00       		.space	1
 259              		.type	led3_state, %object
 260              		.size	led3_state, 1
ARM GAS  C:\Users\ibrah\AppData\Local\Temp\cc8ICvUS.s 			page 7


 261              	led3_state:
 262 0001 00       		.space	1
 263              		.type	led2_state, %object
 264              		.size	led2_state, 1
 265              	led2_state:
 266 0002 00       		.space	1
 267              		.type	led1_state, %object
 268              		.size	led1_state, 1
 269              	led1_state:
 270 0003 00       		.space	1
 271              		.type	orientation, %object
 272              		.size	orientation, 50
 273              	orientation:
 274 0004 00000000 		.space	50
 274      00000000 
 274      00000000 
 274      00000000 
 274      00000000 
 275              		.text
 276              	.Letext0:
 277              		.file 2 "c:\\program files (x86)\\cypress\\psoc creator\\4.4\\psoc creator\\import\\gnu\\arm\\5.4.
 278              		.file 3 "c:\\program files (x86)\\cypress\\psoc creator\\4.4\\psoc creator\\import\\gnu\\arm\\5.4.
 279              		.file 4 "Generated_Source\\PSoC5/cytypes.h"
 280              		.file 5 "Generated_Source\\PSoC5/core_cm3.h"
 281              		.file 6 "Generated_Source\\PSoC5/LCD.h"
 282              		.file 7 "c:\\program files (x86)\\cypress\\psoc creator\\4.4\\psoc creator\\import\\gnu\\arm\\5.4.
 283              		.file 8 "Generated_Source\\PSoC5/LED1.h"
 284              		.file 9 "Generated_Source\\PSoC5/CyLib.h"
 285              		.file 10 "Generated_Source\\PSoC5/LED2.h"
 286              		.file 11 "Generated_Source\\PSoC5/LED3.h"
 287              		.file 12 "Generated_Source\\PSoC5/LED4.h"
 288              		.section	.debug_info,"",%progbits
 289              	.Ldebug_info0:
 290 0000 46040000 		.4byte	0x446
 291 0004 0400     		.2byte	0x4
 292 0006 00000000 		.4byte	.Ldebug_abbrev0
 293 000a 04       		.byte	0x4
 294 000b 01       		.uleb128 0x1
 295 000c CB000000 		.4byte	.LASF36
 296 0010 0C       		.byte	0xc
 297 0011 B4000000 		.4byte	.LASF37
 298 0015 0B000000 		.4byte	.LASF38
 299 0019 00000000 		.4byte	.Ldebug_ranges0+0
 300 001d 00000000 		.4byte	0
 301 0021 00000000 		.4byte	.Ldebug_line0
 302 0025 02       		.uleb128 0x2
 303 0026 01       		.byte	0x1
 304 0027 06       		.byte	0x6
 305 0028 67020000 		.4byte	.LASF0
 306 002c 02       		.uleb128 0x2
 307 002d 01       		.byte	0x1
 308 002e 08       		.byte	0x8
 309 002f 96010000 		.4byte	.LASF1
 310 0033 02       		.uleb128 0x2
 311 0034 02       		.byte	0x2
 312 0035 05       		.byte	0x5
 313 0036 28020000 		.4byte	.LASF2
ARM GAS  C:\Users\ibrah\AppData\Local\Temp\cc8ICvUS.s 			page 8


 314 003a 02       		.uleb128 0x2
 315 003b 02       		.byte	0x2
 316 003c 07       		.byte	0x7
 317 003d 6B010000 		.4byte	.LASF3
 318 0041 03       		.uleb128 0x3
 319 0042 6A000000 		.4byte	.LASF9
 320 0046 02       		.byte	0x2
 321 0047 3F       		.byte	0x3f
 322 0048 4C000000 		.4byte	0x4c
 323 004c 02       		.uleb128 0x2
 324 004d 04       		.byte	0x4
 325 004e 05       		.byte	0x5
 326 004f 3D020000 		.4byte	.LASF4
 327 0053 02       		.uleb128 0x2
 328 0054 04       		.byte	0x4
 329 0055 07       		.byte	0x7
 330 0056 59010000 		.4byte	.LASF5
 331 005a 02       		.uleb128 0x2
 332 005b 08       		.byte	0x8
 333 005c 05       		.byte	0x5
 334 005d 0F020000 		.4byte	.LASF6
 335 0061 02       		.uleb128 0x2
 336 0062 08       		.byte	0x8
 337 0063 07       		.byte	0x7
 338 0064 E5010000 		.4byte	.LASF7
 339 0068 04       		.uleb128 0x4
 340 0069 04       		.byte	0x4
 341 006a 05       		.byte	0x5
 342 006b 696E7400 		.ascii	"int\000"
 343 006f 02       		.uleb128 0x2
 344 0070 04       		.byte	0x4
 345 0071 07       		.byte	0x7
 346 0072 CD010000 		.4byte	.LASF8
 347 0076 03       		.uleb128 0x3
 348 0077 8F000000 		.4byte	.LASF10
 349 007b 03       		.byte	0x3
 350 007c 2C       		.byte	0x2c
 351 007d 41000000 		.4byte	0x41
 352 0081 05       		.uleb128 0x5
 353 0082 32020000 		.4byte	.LASF11
 354 0086 04       		.byte	0x4
 355 0087 E801     		.2byte	0x1e8
 356 0089 2C000000 		.4byte	0x2c
 357 008d 02       		.uleb128 0x2
 358 008e 04       		.byte	0x4
 359 008f 04       		.byte	0x4
 360 0090 A2000000 		.4byte	.LASF12
 361 0094 02       		.uleb128 0x2
 362 0095 08       		.byte	0x8
 363 0096 04       		.byte	0x4
 364 0097 AB010000 		.4byte	.LASF13
 365 009b 02       		.uleb128 0x2
 366 009c 01       		.byte	0x1
 367 009d 08       		.byte	0x8
 368 009e 1D020000 		.4byte	.LASF14
 369 00a2 02       		.uleb128 0x2
 370 00a3 08       		.byte	0x8
ARM GAS  C:\Users\ibrah\AppData\Local\Temp\cc8ICvUS.s 			page 9


 371 00a4 04       		.byte	0x4
 372 00a5 5B020000 		.4byte	.LASF15
 373 00a9 02       		.uleb128 0x2
 374 00aa 04       		.byte	0x4
 375 00ab 07       		.byte	0x7
 376 00ac 06020000 		.4byte	.LASF16
 377 00b0 06       		.uleb128 0x6
 378 00b1 46020000 		.4byte	.LASF39
 379 00b5 01       		.byte	0x1
 380 00b6 18       		.byte	0x18
 381 00b7 00000000 		.4byte	.LFB64
 382 00bb 44000000 		.4byte	.LFE64-.LFB64
 383 00bf 01       		.uleb128 0x1
 384 00c0 9C       		.byte	0x9c
 385 00c1 56010000 		.4byte	0x156
 386 00c5 07       		.uleb128 0x7
 387 00c6 38020000 		.4byte	.LASF17
 388 00ca 01       		.byte	0x1
 389 00cb 18       		.byte	0x18
 390 00cc 56010000 		.4byte	0x156
 391 00d0 00000000 		.4byte	.LLST0
 392 00d4 07       		.uleb128 0x7
 393 00d5 22020000 		.4byte	.LASF18
 394 00d9 01       		.byte	0x1
 395 00da 18       		.byte	0x18
 396 00db 56010000 		.4byte	0x156
 397 00df 2C000000 		.4byte	.LLST1
 398 00e3 08       		.uleb128 0x8
 399 00e4 A8000000 		.4byte	.LASF23
 400 00e8 01       		.byte	0x1
 401 00e9 1B       		.byte	0x1b
 402 00ea 5C010000 		.4byte	0x15c
 403 00ee 02       		.uleb128 0x2
 404 00ef 91       		.byte	0x91
 405 00f0 50       		.sleb128 -48
 406 00f1 09       		.uleb128 0x9
 407 00f2 12000000 		.4byte	.LVL3
 408 00f6 E8030000 		.4byte	0x3e8
 409 00fa 0F010000 		.4byte	0x10f
 410 00fe 0A       		.uleb128 0xa
 411 00ff 01       		.uleb128 0x1
 412 0100 50       		.byte	0x50
 413 0101 02       		.uleb128 0x2
 414 0102 7D       		.byte	0x7d
 415 0103 00       		.sleb128 0
 416 0104 0A       		.uleb128 0xa
 417 0105 01       		.uleb128 0x1
 418 0106 51       		.byte	0x51
 419 0107 01       		.uleb128 0x1
 420 0108 30       		.byte	0x30
 421 0109 0A       		.uleb128 0xa
 422 010a 01       		.uleb128 0x1
 423 010b 52       		.byte	0x52
 424 010c 01       		.uleb128 0x1
 425 010d 4E       		.byte	0x4e
 426 010e 00       		.byte	0
 427 010f 09       		.uleb128 0x9
ARM GAS  C:\Users\ibrah\AppData\Local\Temp\cc8ICvUS.s 			page 10


 428 0110 18000000 		.4byte	.LVL4
 429 0114 F1030000 		.4byte	0x3f1
 430 0118 22010000 		.4byte	0x122
 431 011c 0A       		.uleb128 0xa
 432 011d 01       		.uleb128 0x1
 433 011e 50       		.byte	0x50
 434 011f 01       		.uleb128 0x1
 435 0120 31       		.byte	0x31
 436 0121 00       		.byte	0
 437 0122 09       		.uleb128 0x9
 438 0123 34000000 		.4byte	.LVL9
 439 0127 FC030000 		.4byte	0x3fc
 440 012b 45010000 		.4byte	0x145
 441 012f 0A       		.uleb128 0xa
 442 0130 01       		.uleb128 0x1
 443 0131 50       		.byte	0x50
 444 0132 02       		.uleb128 0x2
 445 0133 7D       		.byte	0x7d
 446 0134 00       		.sleb128 0
 447 0135 0A       		.uleb128 0xa
 448 0136 01       		.uleb128 0x1
 449 0137 51       		.byte	0x51
 450 0138 05       		.uleb128 0x5
 451 0139 03       		.byte	0x3
 452 013a 00000000 		.4byte	.LC0
 453 013e 0A       		.uleb128 0xa
 454 013f 01       		.uleb128 0x1
 455 0140 53       		.byte	0x53
 456 0141 02       		.uleb128 0x2
 457 0142 74       		.byte	0x74
 458 0143 00       		.sleb128 0
 459 0144 00       		.byte	0
 460 0145 0B       		.uleb128 0xb
 461 0146 3A000000 		.4byte	.LVL10
 462 014a 07040000 		.4byte	0x407
 463 014e 0A       		.uleb128 0xa
 464 014f 01       		.uleb128 0x1
 465 0150 50       		.byte	0x50
 466 0151 02       		.uleb128 0x2
 467 0152 7D       		.byte	0x7d
 468 0153 00       		.sleb128 0
 469 0154 00       		.byte	0
 470 0155 00       		.byte	0
 471 0156 0C       		.uleb128 0xc
 472 0157 04       		.byte	0x4
 473 0158 8D000000 		.4byte	0x8d
 474 015c 0D       		.uleb128 0xd
 475 015d 9B000000 		.4byte	0x9b
 476 0161 6C010000 		.4byte	0x16c
 477 0165 0E       		.uleb128 0xe
 478 0166 A9000000 		.4byte	0xa9
 479 016a 1D       		.byte	0x1d
 480 016b 00       		.byte	0
 481 016c 0F       		.uleb128 0xf
 482 016d 7F000000 		.4byte	.LASF19
 483 0171 01       		.byte	0x1
 484 0172 28       		.byte	0x28
ARM GAS  C:\Users\ibrah\AppData\Local\Temp\cc8ICvUS.s 			page 11


 485 0173 00000000 		.4byte	.LFB65
 486 0177 64000000 		.4byte	.LFE65-.LFB65
 487 017b 01       		.uleb128 0x1
 488 017c 9C       		.byte	0x9c
 489 017d B6020000 		.4byte	0x2b6
 490 0181 09       		.uleb128 0x9
 491 0182 08000000 		.4byte	.LVL11
 492 0186 12040000 		.4byte	0x412
 493 018a 94010000 		.4byte	0x194
 494 018e 0A       		.uleb128 0xa
 495 018f 01       		.uleb128 0x1
 496 0190 50       		.byte	0x50
 497 0191 01       		.uleb128 0x1
 498 0192 31       		.byte	0x31
 499 0193 00       		.byte	0
 500 0194 09       		.uleb128 0x9
 501 0195 0E000000 		.4byte	.LVL12
 502 0199 1D040000 		.4byte	0x41d
 503 019d A8010000 		.4byte	0x1a8
 504 01a1 0A       		.uleb128 0xa
 505 01a2 01       		.uleb128 0x1
 506 01a3 50       		.byte	0x50
 507 01a4 02       		.uleb128 0x2
 508 01a5 08       		.byte	0x8
 509 01a6 7D       		.byte	0x7d
 510 01a7 00       		.byte	0
 511 01a8 09       		.uleb128 0x9
 512 01a9 14000000 		.4byte	.LVL13
 513 01ad 28040000 		.4byte	0x428
 514 01b1 BB010000 		.4byte	0x1bb
 515 01b5 0A       		.uleb128 0xa
 516 01b6 01       		.uleb128 0x1
 517 01b7 50       		.byte	0x50
 518 01b8 01       		.uleb128 0x1
 519 01b9 31       		.byte	0x31
 520 01ba 00       		.byte	0
 521 01bb 09       		.uleb128 0x9
 522 01bc 1A000000 		.4byte	.LVL14
 523 01c0 1D040000 		.4byte	0x41d
 524 01c4 CF010000 		.4byte	0x1cf
 525 01c8 0A       		.uleb128 0xa
 526 01c9 01       		.uleb128 0x1
 527 01ca 50       		.byte	0x50
 528 01cb 02       		.uleb128 0x2
 529 01cc 08       		.byte	0x8
 530 01cd 7D       		.byte	0x7d
 531 01ce 00       		.byte	0
 532 01cf 09       		.uleb128 0x9
 533 01d0 20000000 		.4byte	.LVL15
 534 01d4 33040000 		.4byte	0x433
 535 01d8 E2010000 		.4byte	0x1e2
 536 01dc 0A       		.uleb128 0xa
 537 01dd 01       		.uleb128 0x1
 538 01de 50       		.byte	0x50
 539 01df 01       		.uleb128 0x1
 540 01e0 31       		.byte	0x31
 541 01e1 00       		.byte	0
ARM GAS  C:\Users\ibrah\AppData\Local\Temp\cc8ICvUS.s 			page 12


 542 01e2 09       		.uleb128 0x9
 543 01e3 26000000 		.4byte	.LVL16
 544 01e7 1D040000 		.4byte	0x41d
 545 01eb F6010000 		.4byte	0x1f6
 546 01ef 0A       		.uleb128 0xa
 547 01f0 01       		.uleb128 0x1
 548 01f1 50       		.byte	0x50
 549 01f2 02       		.uleb128 0x2
 550 01f3 08       		.byte	0x8
 551 01f4 7D       		.byte	0x7d
 552 01f5 00       		.byte	0
 553 01f6 09       		.uleb128 0x9
 554 01f7 2C000000 		.4byte	.LVL17
 555 01fb 3E040000 		.4byte	0x43e
 556 01ff 09020000 		.4byte	0x209
 557 0203 0A       		.uleb128 0xa
 558 0204 01       		.uleb128 0x1
 559 0205 50       		.byte	0x50
 560 0206 01       		.uleb128 0x1
 561 0207 31       		.byte	0x31
 562 0208 00       		.byte	0
 563 0209 09       		.uleb128 0x9
 564 020a 32000000 		.4byte	.LVL18
 565 020e 1D040000 		.4byte	0x41d
 566 0212 1D020000 		.4byte	0x21d
 567 0216 0A       		.uleb128 0xa
 568 0217 01       		.uleb128 0x1
 569 0218 50       		.byte	0x50
 570 0219 02       		.uleb128 0x2
 571 021a 08       		.byte	0x8
 572 021b 7D       		.byte	0x7d
 573 021c 00       		.byte	0
 574 021d 09       		.uleb128 0x9
 575 021e 38000000 		.4byte	.LVL19
 576 0222 12040000 		.4byte	0x412
 577 0226 30020000 		.4byte	0x230
 578 022a 0A       		.uleb128 0xa
 579 022b 01       		.uleb128 0x1
 580 022c 50       		.byte	0x50
 581 022d 01       		.uleb128 0x1
 582 022e 30       		.byte	0x30
 583 022f 00       		.byte	0
 584 0230 09       		.uleb128 0x9
 585 0231 3E000000 		.4byte	.LVL20
 586 0235 1D040000 		.4byte	0x41d
 587 0239 44020000 		.4byte	0x244
 588 023d 0A       		.uleb128 0xa
 589 023e 01       		.uleb128 0x1
 590 023f 50       		.byte	0x50
 591 0240 02       		.uleb128 0x2
 592 0241 08       		.byte	0x8
 593 0242 7D       		.byte	0x7d
 594 0243 00       		.byte	0
 595 0244 09       		.uleb128 0x9
 596 0245 44000000 		.4byte	.LVL21
 597 0249 28040000 		.4byte	0x428
 598 024d 57020000 		.4byte	0x257
ARM GAS  C:\Users\ibrah\AppData\Local\Temp\cc8ICvUS.s 			page 13


 599 0251 0A       		.uleb128 0xa
 600 0252 01       		.uleb128 0x1
 601 0253 50       		.byte	0x50
 602 0254 01       		.uleb128 0x1
 603 0255 30       		.byte	0x30
 604 0256 00       		.byte	0
 605 0257 09       		.uleb128 0x9
 606 0258 4A000000 		.4byte	.LVL22
 607 025c 1D040000 		.4byte	0x41d
 608 0260 6B020000 		.4byte	0x26b
 609 0264 0A       		.uleb128 0xa
 610 0265 01       		.uleb128 0x1
 611 0266 50       		.byte	0x50
 612 0267 02       		.uleb128 0x2
 613 0268 08       		.byte	0x8
 614 0269 7D       		.byte	0x7d
 615 026a 00       		.byte	0
 616 026b 09       		.uleb128 0x9
 617 026c 50000000 		.4byte	.LVL23
 618 0270 33040000 		.4byte	0x433
 619 0274 7E020000 		.4byte	0x27e
 620 0278 0A       		.uleb128 0xa
 621 0279 01       		.uleb128 0x1
 622 027a 50       		.byte	0x50
 623 027b 01       		.uleb128 0x1
 624 027c 30       		.byte	0x30
 625 027d 00       		.byte	0
 626 027e 09       		.uleb128 0x9
 627 027f 56000000 		.4byte	.LVL24
 628 0283 1D040000 		.4byte	0x41d
 629 0287 92020000 		.4byte	0x292
 630 028b 0A       		.uleb128 0xa
 631 028c 01       		.uleb128 0x1
 632 028d 50       		.byte	0x50
 633 028e 02       		.uleb128 0x2
 634 028f 08       		.byte	0x8
 635 0290 7D       		.byte	0x7d
 636 0291 00       		.byte	0
 637 0292 09       		.uleb128 0x9
 638 0293 5C000000 		.4byte	.LVL25
 639 0297 3E040000 		.4byte	0x43e
 640 029b A5020000 		.4byte	0x2a5
 641 029f 0A       		.uleb128 0xa
 642 02a0 01       		.uleb128 0x1
 643 02a1 50       		.byte	0x50
 644 02a2 01       		.uleb128 0x1
 645 02a3 30       		.byte	0x30
 646 02a4 00       		.byte	0
 647 02a5 0B       		.uleb128 0xb
 648 02a6 62000000 		.4byte	.LVL26
 649 02aa 1D040000 		.4byte	0x41d
 650 02ae 0A       		.uleb128 0xa
 651 02af 01       		.uleb128 0x1
 652 02b0 50       		.byte	0x50
 653 02b1 02       		.uleb128 0x2
 654 02b2 08       		.byte	0x8
 655 02b3 7D       		.byte	0x7d
ARM GAS  C:\Users\ibrah\AppData\Local\Temp\cc8ICvUS.s 			page 14


 656 02b4 00       		.byte	0
 657 02b5 00       		.byte	0
 658 02b6 0F       		.uleb128 0xf
 659 02b7 FC010000 		.4byte	.LASF20
 660 02bb 01       		.byte	0x1
 661 02bc 40       		.byte	0x40
 662 02bd 00000000 		.4byte	.LFB66
 663 02c1 1C000000 		.4byte	.LFE66-.LFB66
 664 02c5 01       		.uleb128 0x1
 665 02c6 9C       		.byte	0x9c
 666 02c7 14030000 		.4byte	0x314
 667 02cb 09       		.uleb128 0x9
 668 02cc 08000000 		.4byte	.LVL27
 669 02d0 12040000 		.4byte	0x412
 670 02d4 DE020000 		.4byte	0x2de
 671 02d8 0A       		.uleb128 0xa
 672 02d9 01       		.uleb128 0x1
 673 02da 50       		.byte	0x50
 674 02db 01       		.uleb128 0x1
 675 02dc 31       		.byte	0x31
 676 02dd 00       		.byte	0
 677 02de 09       		.uleb128 0x9
 678 02df 0E000000 		.4byte	.LVL28
 679 02e3 28040000 		.4byte	0x428
 680 02e7 F1020000 		.4byte	0x2f1
 681 02eb 0A       		.uleb128 0xa
 682 02ec 01       		.uleb128 0x1
 683 02ed 50       		.byte	0x50
 684 02ee 01       		.uleb128 0x1
 685 02ef 31       		.byte	0x31
 686 02f0 00       		.byte	0
 687 02f1 09       		.uleb128 0x9
 688 02f2 14000000 		.4byte	.LVL29
 689 02f6 33040000 		.4byte	0x433
 690 02fa 04030000 		.4byte	0x304
 691 02fe 0A       		.uleb128 0xa
 692 02ff 01       		.uleb128 0x1
 693 0300 50       		.byte	0x50
 694 0301 01       		.uleb128 0x1
 695 0302 31       		.byte	0x31
 696 0303 00       		.byte	0
 697 0304 0B       		.uleb128 0xb
 698 0305 1A000000 		.4byte	.LVL30
 699 0309 3E040000 		.4byte	0x43e
 700 030d 0A       		.uleb128 0xa
 701 030e 01       		.uleb128 0x1
 702 030f 50       		.byte	0x50
 703 0310 01       		.uleb128 0x1
 704 0311 31       		.byte	0x31
 705 0312 00       		.byte	0
 706 0313 00       		.byte	0
 707 0314 0F       		.uleb128 0xf
 708 0315 5F000000 		.4byte	.LASF21
 709 0319 01       		.byte	0x1
 710 031a 4B       		.byte	0x4b
 711 031b 00000000 		.4byte	.LFB67
 712 031f 1C000000 		.4byte	.LFE67-.LFB67
ARM GAS  C:\Users\ibrah\AppData\Local\Temp\cc8ICvUS.s 			page 15


 713 0323 01       		.uleb128 0x1
 714 0324 9C       		.byte	0x9c
 715 0325 72030000 		.4byte	0x372
 716 0329 09       		.uleb128 0x9
 717 032a 08000000 		.4byte	.LVL31
 718 032e 12040000 		.4byte	0x412
 719 0332 3C030000 		.4byte	0x33c
 720 0336 0A       		.uleb128 0xa
 721 0337 01       		.uleb128 0x1
 722 0338 50       		.byte	0x50
 723 0339 01       		.uleb128 0x1
 724 033a 30       		.byte	0x30
 725 033b 00       		.byte	0
 726 033c 09       		.uleb128 0x9
 727 033d 0E000000 		.4byte	.LVL32
 728 0341 28040000 		.4byte	0x428
 729 0345 4F030000 		.4byte	0x34f
 730 0349 0A       		.uleb128 0xa
 731 034a 01       		.uleb128 0x1
 732 034b 50       		.byte	0x50
 733 034c 01       		.uleb128 0x1
 734 034d 30       		.byte	0x30
 735 034e 00       		.byte	0
 736 034f 09       		.uleb128 0x9
 737 0350 14000000 		.4byte	.LVL33
 738 0354 33040000 		.4byte	0x433
 739 0358 62030000 		.4byte	0x362
 740 035c 0A       		.uleb128 0xa
 741 035d 01       		.uleb128 0x1
 742 035e 50       		.byte	0x50
 743 035f 01       		.uleb128 0x1
 744 0360 30       		.byte	0x30
 745 0361 00       		.byte	0
 746 0362 0B       		.uleb128 0xb
 747 0363 1A000000 		.4byte	.LVL34
 748 0367 3E040000 		.4byte	0x43e
 749 036b 0A       		.uleb128 0xa
 750 036c 01       		.uleb128 0x1
 751 036d 50       		.byte	0x50
 752 036e 01       		.uleb128 0x1
 753 036f 30       		.byte	0x30
 754 0370 00       		.byte	0
 755 0371 00       		.byte	0
 756 0372 10       		.uleb128 0x10
 757 0373 89010000 		.4byte	.LASF22
 758 0377 05       		.byte	0x5
 759 0378 1207     		.2byte	0x712
 760 037a 7E030000 		.4byte	0x37e
 761 037e 11       		.uleb128 0x11
 762 037f 76000000 		.4byte	0x76
 763 0383 0D       		.uleb128 0xd
 764 0384 9B000000 		.4byte	0x9b
 765 0388 93030000 		.4byte	0x393
 766 038c 0E       		.uleb128 0xe
 767 038d A9000000 		.4byte	0xa9
 768 0391 31       		.byte	0x31
 769 0392 00       		.byte	0
ARM GAS  C:\Users\ibrah\AppData\Local\Temp\cc8ICvUS.s 			page 16


 770 0393 12       		.uleb128 0x12
 771 0394 A8000000 		.4byte	.LASF23
 772 0398 01       		.byte	0x1
 773 0399 0B       		.byte	0xb
 774 039a 83030000 		.4byte	0x383
 775 039e 05       		.uleb128 0x5
 776 039f 03       		.byte	0x3
 777 03a0 00000000 		.4byte	orientation
 778 03a4 12       		.uleb128 0x12
 779 03a5 7E010000 		.4byte	.LASF24
 780 03a9 01       		.byte	0x1
 781 03aa 10       		.byte	0x10
 782 03ab 81000000 		.4byte	0x81
 783 03af 05       		.uleb128 0x5
 784 03b0 03       		.byte	0x3
 785 03b1 00000000 		.4byte	led1_state
 786 03b5 12       		.uleb128 0x12
 787 03b6 B2010000 		.4byte	.LASF25
 788 03ba 01       		.byte	0x1
 789 03bb 11       		.byte	0x11
 790 03bc 81000000 		.4byte	0x81
 791 03c0 05       		.uleb128 0x5
 792 03c1 03       		.byte	0x3
 793 03c2 00000000 		.4byte	led2_state
 794 03c6 12       		.uleb128 0x12
 795 03c7 DA010000 		.4byte	.LASF26
 796 03cb 01       		.byte	0x1
 797 03cc 12       		.byte	0x12
 798 03cd 81000000 		.4byte	0x81
 799 03d1 05       		.uleb128 0x5
 800 03d2 03       		.byte	0x3
 801 03d3 00000000 		.4byte	led3_state
 802 03d7 12       		.uleb128 0x12
 803 03d8 97000000 		.4byte	.LASF27
 804 03dc 01       		.byte	0x1
 805 03dd 13       		.byte	0x13
 806 03de 81000000 		.4byte	0x81
 807 03e2 05       		.uleb128 0x5
 808 03e3 03       		.byte	0x3
 809 03e4 00000000 		.4byte	led4_state
 810 03e8 13       		.uleb128 0x13
 811 03e9 A4010000 		.4byte	.LASF40
 812 03ed A4010000 		.4byte	.LASF40
 813 03f1 14       		.uleb128 0x14
 814 03f2 4E000000 		.4byte	.LASF28
 815 03f6 4E000000 		.4byte	.LASF28
 816 03fa 06       		.byte	0x6
 817 03fb 3A       		.byte	0x3a
 818 03fc 14       		.uleb128 0x14
 819 03fd 73020000 		.4byte	.LASF29
 820 0401 73020000 		.4byte	.LASF29
 821 0405 07       		.byte	0x7
 822 0406 E7       		.byte	0xe7
 823 0407 14       		.uleb128 0x14
 824 0408 BD010000 		.4byte	.LASF30
 825 040c BD010000 		.4byte	.LASF30
 826 0410 06       		.byte	0x6
ARM GAS  C:\Users\ibrah\AppData\Local\Temp\cc8ICvUS.s 			page 17


 827 0411 3C       		.byte	0x3c
 828 0412 14       		.uleb128 0x14
 829 0413 00000000 		.4byte	.LASF31
 830 0417 00000000 		.4byte	.LASF31
 831 041b 08       		.byte	0x8
 832 041c 26       		.byte	0x26
 833 041d 14       		.uleb128 0x14
 834 041e 7B020000 		.4byte	.LASF32
 835 0422 7B020000 		.4byte	.LASF32
 836 0426 09       		.byte	0x9
 837 0427 76       		.byte	0x76
 838 0428 14       		.uleb128 0x14
 839 0429 74000000 		.4byte	.LASF33
 840 042d 74000000 		.4byte	.LASF33
 841 0431 0A       		.byte	0xa
 842 0432 26       		.byte	0x26
 843 0433 14       		.uleb128 0x14
 844 0434 84000000 		.4byte	.LASF34
 845 0438 84000000 		.4byte	.LASF34
 846 043c 0B       		.byte	0xb
 847 043d 26       		.byte	0x26
 848 043e 14       		.uleb128 0x14
 849 043f C0000000 		.4byte	.LASF35
 850 0443 C0000000 		.4byte	.LASF35
 851 0447 0C       		.byte	0xc
 852 0448 26       		.byte	0x26
 853 0449 00       		.byte	0
 854              		.section	.debug_abbrev,"",%progbits
 855              	.Ldebug_abbrev0:
 856 0000 01       		.uleb128 0x1
 857 0001 11       		.uleb128 0x11
 858 0002 01       		.byte	0x1
 859 0003 25       		.uleb128 0x25
 860 0004 0E       		.uleb128 0xe
 861 0005 13       		.uleb128 0x13
 862 0006 0B       		.uleb128 0xb
 863 0007 03       		.uleb128 0x3
 864 0008 0E       		.uleb128 0xe
 865 0009 1B       		.uleb128 0x1b
 866 000a 0E       		.uleb128 0xe
 867 000b 55       		.uleb128 0x55
 868 000c 17       		.uleb128 0x17
 869 000d 11       		.uleb128 0x11
 870 000e 01       		.uleb128 0x1
 871 000f 10       		.uleb128 0x10
 872 0010 17       		.uleb128 0x17
 873 0011 00       		.byte	0
 874 0012 00       		.byte	0
 875 0013 02       		.uleb128 0x2
 876 0014 24       		.uleb128 0x24
 877 0015 00       		.byte	0
 878 0016 0B       		.uleb128 0xb
 879 0017 0B       		.uleb128 0xb
 880 0018 3E       		.uleb128 0x3e
 881 0019 0B       		.uleb128 0xb
 882 001a 03       		.uleb128 0x3
 883 001b 0E       		.uleb128 0xe
ARM GAS  C:\Users\ibrah\AppData\Local\Temp\cc8ICvUS.s 			page 18


 884 001c 00       		.byte	0
 885 001d 00       		.byte	0
 886 001e 03       		.uleb128 0x3
 887 001f 16       		.uleb128 0x16
 888 0020 00       		.byte	0
 889 0021 03       		.uleb128 0x3
 890 0022 0E       		.uleb128 0xe
 891 0023 3A       		.uleb128 0x3a
 892 0024 0B       		.uleb128 0xb
 893 0025 3B       		.uleb128 0x3b
 894 0026 0B       		.uleb128 0xb
 895 0027 49       		.uleb128 0x49
 896 0028 13       		.uleb128 0x13
 897 0029 00       		.byte	0
 898 002a 00       		.byte	0
 899 002b 04       		.uleb128 0x4
 900 002c 24       		.uleb128 0x24
 901 002d 00       		.byte	0
 902 002e 0B       		.uleb128 0xb
 903 002f 0B       		.uleb128 0xb
 904 0030 3E       		.uleb128 0x3e
 905 0031 0B       		.uleb128 0xb
 906 0032 03       		.uleb128 0x3
 907 0033 08       		.uleb128 0x8
 908 0034 00       		.byte	0
 909 0035 00       		.byte	0
 910 0036 05       		.uleb128 0x5
 911 0037 16       		.uleb128 0x16
 912 0038 00       		.byte	0
 913 0039 03       		.uleb128 0x3
 914 003a 0E       		.uleb128 0xe
 915 003b 3A       		.uleb128 0x3a
 916 003c 0B       		.uleb128 0xb
 917 003d 3B       		.uleb128 0x3b
 918 003e 05       		.uleb128 0x5
 919 003f 49       		.uleb128 0x49
 920 0040 13       		.uleb128 0x13
 921 0041 00       		.byte	0
 922 0042 00       		.byte	0
 923 0043 06       		.uleb128 0x6
 924 0044 2E       		.uleb128 0x2e
 925 0045 01       		.byte	0x1
 926 0046 3F       		.uleb128 0x3f
 927 0047 19       		.uleb128 0x19
 928 0048 03       		.uleb128 0x3
 929 0049 0E       		.uleb128 0xe
 930 004a 3A       		.uleb128 0x3a
 931 004b 0B       		.uleb128 0xb
 932 004c 3B       		.uleb128 0x3b
 933 004d 0B       		.uleb128 0xb
 934 004e 27       		.uleb128 0x27
 935 004f 19       		.uleb128 0x19
 936 0050 11       		.uleb128 0x11
 937 0051 01       		.uleb128 0x1
 938 0052 12       		.uleb128 0x12
 939 0053 06       		.uleb128 0x6
 940 0054 40       		.uleb128 0x40
ARM GAS  C:\Users\ibrah\AppData\Local\Temp\cc8ICvUS.s 			page 19


 941 0055 18       		.uleb128 0x18
 942 0056 9642     		.uleb128 0x2116
 943 0058 19       		.uleb128 0x19
 944 0059 01       		.uleb128 0x1
 945 005a 13       		.uleb128 0x13
 946 005b 00       		.byte	0
 947 005c 00       		.byte	0
 948 005d 07       		.uleb128 0x7
 949 005e 05       		.uleb128 0x5
 950 005f 00       		.byte	0
 951 0060 03       		.uleb128 0x3
 952 0061 0E       		.uleb128 0xe
 953 0062 3A       		.uleb128 0x3a
 954 0063 0B       		.uleb128 0xb
 955 0064 3B       		.uleb128 0x3b
 956 0065 0B       		.uleb128 0xb
 957 0066 49       		.uleb128 0x49
 958 0067 13       		.uleb128 0x13
 959 0068 02       		.uleb128 0x2
 960 0069 17       		.uleb128 0x17
 961 006a 00       		.byte	0
 962 006b 00       		.byte	0
 963 006c 08       		.uleb128 0x8
 964 006d 34       		.uleb128 0x34
 965 006e 00       		.byte	0
 966 006f 03       		.uleb128 0x3
 967 0070 0E       		.uleb128 0xe
 968 0071 3A       		.uleb128 0x3a
 969 0072 0B       		.uleb128 0xb
 970 0073 3B       		.uleb128 0x3b
 971 0074 0B       		.uleb128 0xb
 972 0075 49       		.uleb128 0x49
 973 0076 13       		.uleb128 0x13
 974 0077 02       		.uleb128 0x2
 975 0078 18       		.uleb128 0x18
 976 0079 00       		.byte	0
 977 007a 00       		.byte	0
 978 007b 09       		.uleb128 0x9
 979 007c 898201   		.uleb128 0x4109
 980 007f 01       		.byte	0x1
 981 0080 11       		.uleb128 0x11
 982 0081 01       		.uleb128 0x1
 983 0082 31       		.uleb128 0x31
 984 0083 13       		.uleb128 0x13
 985 0084 01       		.uleb128 0x1
 986 0085 13       		.uleb128 0x13
 987 0086 00       		.byte	0
 988 0087 00       		.byte	0
 989 0088 0A       		.uleb128 0xa
 990 0089 8A8201   		.uleb128 0x410a
 991 008c 00       		.byte	0
 992 008d 02       		.uleb128 0x2
 993 008e 18       		.uleb128 0x18
 994 008f 9142     		.uleb128 0x2111
 995 0091 18       		.uleb128 0x18
 996 0092 00       		.byte	0
 997 0093 00       		.byte	0
ARM GAS  C:\Users\ibrah\AppData\Local\Temp\cc8ICvUS.s 			page 20


 998 0094 0B       		.uleb128 0xb
 999 0095 898201   		.uleb128 0x4109
 1000 0098 01       		.byte	0x1
 1001 0099 11       		.uleb128 0x11
 1002 009a 01       		.uleb128 0x1
 1003 009b 31       		.uleb128 0x31
 1004 009c 13       		.uleb128 0x13
 1005 009d 00       		.byte	0
 1006 009e 00       		.byte	0
 1007 009f 0C       		.uleb128 0xc
 1008 00a0 0F       		.uleb128 0xf
 1009 00a1 00       		.byte	0
 1010 00a2 0B       		.uleb128 0xb
 1011 00a3 0B       		.uleb128 0xb
 1012 00a4 49       		.uleb128 0x49
 1013 00a5 13       		.uleb128 0x13
 1014 00a6 00       		.byte	0
 1015 00a7 00       		.byte	0
 1016 00a8 0D       		.uleb128 0xd
 1017 00a9 01       		.uleb128 0x1
 1018 00aa 01       		.byte	0x1
 1019 00ab 49       		.uleb128 0x49
 1020 00ac 13       		.uleb128 0x13
 1021 00ad 01       		.uleb128 0x1
 1022 00ae 13       		.uleb128 0x13
 1023 00af 00       		.byte	0
 1024 00b0 00       		.byte	0
 1025 00b1 0E       		.uleb128 0xe
 1026 00b2 21       		.uleb128 0x21
 1027 00b3 00       		.byte	0
 1028 00b4 49       		.uleb128 0x49
 1029 00b5 13       		.uleb128 0x13
 1030 00b6 2F       		.uleb128 0x2f
 1031 00b7 0B       		.uleb128 0xb
 1032 00b8 00       		.byte	0
 1033 00b9 00       		.byte	0
 1034 00ba 0F       		.uleb128 0xf
 1035 00bb 2E       		.uleb128 0x2e
 1036 00bc 01       		.byte	0x1
 1037 00bd 3F       		.uleb128 0x3f
 1038 00be 19       		.uleb128 0x19
 1039 00bf 03       		.uleb128 0x3
 1040 00c0 0E       		.uleb128 0xe
 1041 00c1 3A       		.uleb128 0x3a
 1042 00c2 0B       		.uleb128 0xb
 1043 00c3 3B       		.uleb128 0x3b
 1044 00c4 0B       		.uleb128 0xb
 1045 00c5 11       		.uleb128 0x11
 1046 00c6 01       		.uleb128 0x1
 1047 00c7 12       		.uleb128 0x12
 1048 00c8 06       		.uleb128 0x6
 1049 00c9 40       		.uleb128 0x40
 1050 00ca 18       		.uleb128 0x18
 1051 00cb 9742     		.uleb128 0x2117
 1052 00cd 19       		.uleb128 0x19
 1053 00ce 01       		.uleb128 0x1
 1054 00cf 13       		.uleb128 0x13
ARM GAS  C:\Users\ibrah\AppData\Local\Temp\cc8ICvUS.s 			page 21


 1055 00d0 00       		.byte	0
 1056 00d1 00       		.byte	0
 1057 00d2 10       		.uleb128 0x10
 1058 00d3 34       		.uleb128 0x34
 1059 00d4 00       		.byte	0
 1060 00d5 03       		.uleb128 0x3
 1061 00d6 0E       		.uleb128 0xe
 1062 00d7 3A       		.uleb128 0x3a
 1063 00d8 0B       		.uleb128 0xb
 1064 00d9 3B       		.uleb128 0x3b
 1065 00da 05       		.uleb128 0x5
 1066 00db 49       		.uleb128 0x49
 1067 00dc 13       		.uleb128 0x13
 1068 00dd 3F       		.uleb128 0x3f
 1069 00de 19       		.uleb128 0x19
 1070 00df 3C       		.uleb128 0x3c
 1071 00e0 19       		.uleb128 0x19
 1072 00e1 00       		.byte	0
 1073 00e2 00       		.byte	0
 1074 00e3 11       		.uleb128 0x11
 1075 00e4 35       		.uleb128 0x35
 1076 00e5 00       		.byte	0
 1077 00e6 49       		.uleb128 0x49
 1078 00e7 13       		.uleb128 0x13
 1079 00e8 00       		.byte	0
 1080 00e9 00       		.byte	0
 1081 00ea 12       		.uleb128 0x12
 1082 00eb 34       		.uleb128 0x34
 1083 00ec 00       		.byte	0
 1084 00ed 03       		.uleb128 0x3
 1085 00ee 0E       		.uleb128 0xe
 1086 00ef 3A       		.uleb128 0x3a
 1087 00f0 0B       		.uleb128 0xb
 1088 00f1 3B       		.uleb128 0x3b
 1089 00f2 0B       		.uleb128 0xb
 1090 00f3 49       		.uleb128 0x49
 1091 00f4 13       		.uleb128 0x13
 1092 00f5 3F       		.uleb128 0x3f
 1093 00f6 19       		.uleb128 0x19
 1094 00f7 02       		.uleb128 0x2
 1095 00f8 18       		.uleb128 0x18
 1096 00f9 00       		.byte	0
 1097 00fa 00       		.byte	0
 1098 00fb 13       		.uleb128 0x13
 1099 00fc 2E       		.uleb128 0x2e
 1100 00fd 00       		.byte	0
 1101 00fe 3F       		.uleb128 0x3f
 1102 00ff 19       		.uleb128 0x19
 1103 0100 3C       		.uleb128 0x3c
 1104 0101 19       		.uleb128 0x19
 1105 0102 6E       		.uleb128 0x6e
 1106 0103 0E       		.uleb128 0xe
 1107 0104 03       		.uleb128 0x3
 1108 0105 0E       		.uleb128 0xe
 1109 0106 00       		.byte	0
 1110 0107 00       		.byte	0
 1111 0108 14       		.uleb128 0x14
ARM GAS  C:\Users\ibrah\AppData\Local\Temp\cc8ICvUS.s 			page 22


 1112 0109 2E       		.uleb128 0x2e
 1113 010a 00       		.byte	0
 1114 010b 3F       		.uleb128 0x3f
 1115 010c 19       		.uleb128 0x19
 1116 010d 3C       		.uleb128 0x3c
 1117 010e 19       		.uleb128 0x19
 1118 010f 6E       		.uleb128 0x6e
 1119 0110 0E       		.uleb128 0xe
 1120 0111 03       		.uleb128 0x3
 1121 0112 0E       		.uleb128 0xe
 1122 0113 3A       		.uleb128 0x3a
 1123 0114 0B       		.uleb128 0xb
 1124 0115 3B       		.uleb128 0x3b
 1125 0116 0B       		.uleb128 0xb
 1126 0117 00       		.byte	0
 1127 0118 00       		.byte	0
 1128 0119 00       		.byte	0
 1129              		.section	.debug_loc,"",%progbits
 1130              	.Ldebug_loc0:
 1131              	.LLST0:
 1132 0000 00000000 		.4byte	.LVL0
 1133 0004 0E000000 		.4byte	.LVL2
 1134 0008 0100     		.2byte	0x1
 1135 000a 50       		.byte	0x50
 1136 000b 0E000000 		.4byte	.LVL2
 1137 000f 1A000000 		.4byte	.LVL5
 1138 0013 0100     		.2byte	0x1
 1139 0015 55       		.byte	0x55
 1140 0016 1A000000 		.4byte	.LVL5
 1141 001a 44000000 		.4byte	.LFE64
 1142 001e 0400     		.2byte	0x4
 1143 0020 F3       		.byte	0xf3
 1144 0021 01       		.uleb128 0x1
 1145 0022 50       		.byte	0x50
 1146 0023 9F       		.byte	0x9f
 1147 0024 00000000 		.4byte	0
 1148 0028 00000000 		.4byte	0
 1149              	.LLST1:
 1150 002c 00000000 		.4byte	.LVL0
 1151 0030 0C000000 		.4byte	.LVL1
 1152 0034 0100     		.2byte	0x1
 1153 0036 51       		.byte	0x51
 1154 0037 0C000000 		.4byte	.LVL1
 1155 003b 22000000 		.4byte	.LVL7
 1156 003f 0100     		.2byte	0x1
 1157 0041 54       		.byte	0x54
 1158 0042 22000000 		.4byte	.LVL7
 1159 0046 44000000 		.4byte	.LFE64
 1160 004a 0400     		.2byte	0x4
 1161 004c F3       		.byte	0xf3
 1162 004d 01       		.uleb128 0x1
 1163 004e 51       		.byte	0x51
 1164 004f 9F       		.byte	0x9f
 1165 0050 00000000 		.4byte	0
 1166 0054 00000000 		.4byte	0
 1167              		.section	.debug_aranges,"",%progbits
 1168 0000 34000000 		.4byte	0x34
ARM GAS  C:\Users\ibrah\AppData\Local\Temp\cc8ICvUS.s 			page 23


 1169 0004 0200     		.2byte	0x2
 1170 0006 00000000 		.4byte	.Ldebug_info0
 1171 000a 04       		.byte	0x4
 1172 000b 00       		.byte	0
 1173 000c 0000     		.2byte	0
 1174 000e 0000     		.2byte	0
 1175 0010 00000000 		.4byte	.LFB64
 1176 0014 44000000 		.4byte	.LFE64-.LFB64
 1177 0018 00000000 		.4byte	.LFB65
 1178 001c 64000000 		.4byte	.LFE65-.LFB65
 1179 0020 00000000 		.4byte	.LFB66
 1180 0024 1C000000 		.4byte	.LFE66-.LFB66
 1181 0028 00000000 		.4byte	.LFB67
 1182 002c 1C000000 		.4byte	.LFE67-.LFB67
 1183 0030 00000000 		.4byte	0
 1184 0034 00000000 		.4byte	0
 1185              		.section	.debug_ranges,"",%progbits
 1186              	.Ldebug_ranges0:
 1187 0000 00000000 		.4byte	.LFB64
 1188 0004 44000000 		.4byte	.LFE64
 1189 0008 00000000 		.4byte	.LFB65
 1190 000c 64000000 		.4byte	.LFE65
 1191 0010 00000000 		.4byte	.LFB66
 1192 0014 1C000000 		.4byte	.LFE66
 1193 0018 00000000 		.4byte	.LFB67
 1194 001c 1C000000 		.4byte	.LFE67
 1195 0020 00000000 		.4byte	0
 1196 0024 00000000 		.4byte	0
 1197              		.section	.debug_line,"",%progbits
 1198              	.Ldebug_line0:
 1199 0000 61020000 		.section	.debug_str,"MS",%progbits,1
 1199      02000002 
 1199      00000201 
 1199      FB0E0D00 
 1199      01010101 
 1200              	.LASF31:
 1201 0000 4C454431 		.ascii	"LED1_Write\000"
 1201      5F577269 
 1201      746500
 1202              	.LASF38:
 1203 000b 433A5C55 		.ascii	"C:\\Users\\ibrah\\OneDrive\\Desktop\\gimbal_project"
 1203      73657273 
 1203      5C696272 
 1203      61685C4F 
 1203      6E654472 
 1204 0039 5C47696D 		.ascii	"\\Gimbal\\Gimbal.cydsn\000"
 1204      62616C5C 
 1204      47696D62 
 1204      616C2E63 
 1204      7964736E 
 1205              	.LASF28:
 1206 004e 4C43445F 		.ascii	"LCD_WriteControl\000"
 1206      57726974 
 1206      65436F6E 
 1206      74726F6C 
 1206      00
 1207              	.LASF21:
ARM GAS  C:\Users\ibrah\AppData\Local\Temp\cc8ICvUS.s 			page 24


 1208 005f 5365744F 		.ascii	"SetOffLEDs\000"
 1208      66664C45 
 1208      447300
 1209              	.LASF9:
 1210 006a 5F5F696E 		.ascii	"__int32_t\000"
 1210      7433325F 
 1210      7400
 1211              	.LASF33:
 1212 0074 4C454432 		.ascii	"LED2_Write\000"
 1212      5F577269 
 1212      746500
 1213              	.LASF19:
 1214 007f 61756469 		.ascii	"audi\000"
 1214      00
 1215              	.LASF34:
 1216 0084 4C454433 		.ascii	"LED3_Write\000"
 1216      5F577269 
 1216      746500
 1217              	.LASF10:
 1218 008f 696E7433 		.ascii	"int32_t\000"
 1218      325F7400 
 1219              	.LASF27:
 1220 0097 6C656434 		.ascii	"led4_state\000"
 1220      5F737461 
 1220      746500
 1221              	.LASF12:
 1222 00a2 666C6F61 		.ascii	"float\000"
 1222      7400
 1223              	.LASF23:
 1224 00a8 6F726965 		.ascii	"orientation\000"
 1224      6E746174 
 1224      696F6E00 
 1225              	.LASF37:
 1226 00b4 7574696C 		.ascii	"utilities.c\000"
 1226      69746965 
 1226      732E6300 
 1227              	.LASF35:
 1228 00c0 4C454434 		.ascii	"LED4_Write\000"
 1228      5F577269 
 1228      746500
 1229              	.LASF36:
 1230 00cb 474E5520 		.ascii	"GNU C11 5.4.1 20160609 (release) [ARM/embedded-5-br"
 1230      43313120 
 1230      352E342E 
 1230      31203230 
 1230      31363036 
 1231 00fe 616E6368 		.ascii	"anch revision 237715] -mcpu=cortex-m3 -mthumb -g -O"
 1231      20726576 
 1231      6973696F 
 1231      6E203233 
 1231      37373135 
 1232 0131 67202D66 		.ascii	"g -ffunction-sections -ffat-lto-objects\000"
 1232      66756E63 
 1232      74696F6E 
 1232      2D736563 
 1232      74696F6E 
 1233              	.LASF5:
ARM GAS  C:\Users\ibrah\AppData\Local\Temp\cc8ICvUS.s 			page 25


 1234 0159 6C6F6E67 		.ascii	"long unsigned int\000"
 1234      20756E73 
 1234      69676E65 
 1234      6420696E 
 1234      7400
 1235              	.LASF3:
 1236 016b 73686F72 		.ascii	"short unsigned int\000"
 1236      7420756E 
 1236      7369676E 
 1236      65642069 
 1236      6E7400
 1237              	.LASF24:
 1238 017e 6C656431 		.ascii	"led1_state\000"
 1238      5F737461 
 1238      746500
 1239              	.LASF22:
 1240 0189 49544D5F 		.ascii	"ITM_RxBuffer\000"
 1240      52784275 
 1240      66666572 
 1240      00
 1241              	.LASF1:
 1242 0196 756E7369 		.ascii	"unsigned char\000"
 1242      676E6564 
 1242      20636861 
 1242      7200
 1243              	.LASF40:
 1244 01a4 6D656D73 		.ascii	"memset\000"
 1244      657400
 1245              	.LASF13:
 1246 01ab 646F7562 		.ascii	"double\000"
 1246      6C6500
 1247              	.LASF25:
 1248 01b2 6C656432 		.ascii	"led2_state\000"
 1248      5F737461 
 1248      746500
 1249              	.LASF30:
 1250 01bd 4C43445F 		.ascii	"LCD_PrintString\000"
 1250      5072696E 
 1250      74537472 
 1250      696E6700 
 1251              	.LASF8:
 1252 01cd 756E7369 		.ascii	"unsigned int\000"
 1252      676E6564 
 1252      20696E74 
 1252      00
 1253              	.LASF26:
 1254 01da 6C656433 		.ascii	"led3_state\000"
 1254      5F737461 
 1254      746500
 1255              	.LASF7:
 1256 01e5 6C6F6E67 		.ascii	"long long unsigned int\000"
 1256      206C6F6E 
 1256      6720756E 
 1256      7369676E 
 1256      65642069 
 1257              	.LASF20:
 1258 01fc 5365744F 		.ascii	"SetOnLEDs\000"
ARM GAS  C:\Users\ibrah\AppData\Local\Temp\cc8ICvUS.s 			page 26


 1258      6E4C4544 
 1258      7300
 1259              	.LASF16:
 1260 0206 73697A65 		.ascii	"sizetype\000"
 1260      74797065 
 1260      00
 1261              	.LASF6:
 1262 020f 6C6F6E67 		.ascii	"long long int\000"
 1262      206C6F6E 
 1262      6720696E 
 1262      7400
 1263              	.LASF14:
 1264 021d 63686172 		.ascii	"char\000"
 1264      00
 1265              	.LASF18:
 1266 0222 70697463 		.ascii	"pitch\000"
 1266      6800
 1267              	.LASF2:
 1268 0228 73686F72 		.ascii	"short int\000"
 1268      7420696E 
 1268      7400
 1269              	.LASF11:
 1270 0232 75696E74 		.ascii	"uint8\000"
 1270      3800
 1271              	.LASF17:
 1272 0238 726F6C6C 		.ascii	"roll\000"
 1272      00
 1273              	.LASF4:
 1274 023d 6C6F6E67 		.ascii	"long int\000"
 1274      20696E74 
 1274      00
 1275              	.LASF39:
 1276 0246 4C43445F 		.ascii	"LCD_PrintOrientation\000"
 1276      5072696E 
 1276      744F7269 
 1276      656E7461 
 1276      74696F6E 
 1277              	.LASF15:
 1278 025b 6C6F6E67 		.ascii	"long double\000"
 1278      20646F75 
 1278      626C6500 
 1279              	.LASF0:
 1280 0267 7369676E 		.ascii	"signed char\000"
 1280      65642063 
 1280      68617200 
 1281              	.LASF29:
 1282 0273 73707269 		.ascii	"sprintf\000"
 1282      6E746600 
 1283              	.LASF32:
 1284 027b 43794465 		.ascii	"CyDelay\000"
 1284      6C617900 
 1285              		.ident	"GCC: (GNU Tools for ARM Embedded Processors) 5.4.1 20160609 (release) [ARM/embedded-5-bran
